#
# There is insufficient memory for the Java Runtime Environment to continue.
# Native memory allocation (malloc) failed to allocate 1402416 bytes for Chunk::new
# Possible reasons:
#   The system is out of physical RAM or swap space
#   The process is running with CompressedOops enabled, and the Java Heap may be blocking the growth of the native heap
# Possible solutions:
#   Reduce memory load on the system
#   Increase physical memory or swap space
#   Check if swap backing store is full
#   Decrease Java heap size (-Xmx/-Xms)
#   Decrease number of Java threads
#   Decrease Java thread stack sizes (-Xss)
#   Set larger code cache with -XX:ReservedCodeCacheSize=
#   JVM is running with Unscaled Compressed Oops mode in which the Java heap is
#     placed in the first 4GB address space. The Java Heap base address is the
#     maximum limit for the native heap growth. Please use -XX:HeapBaseMinAddress
#     to set the Java Heap base and to place the Java Heap above 4GB virtual address.
# This output file may be truncated or incomplete.
#
#  Out of Memory Error (./src/hotspot/share/memory/arena.cpp:197), pid=13144, tid=15344
#
# JRE version: OpenJDK Runtime Environment (11.0.10) (build 11.0.10+0-b96-7249189)
# Java VM: OpenJDK 64-Bit Server VM (11.0.10+0-b96-7249189, mixed mode, tiered, compressed oops, g1 gc, windows-amd64)
# No core dump will be written. Minidumps are not enabled by default on client versions of Windows
#

---------------  S U M M A R Y ------------

Command Line: --add-opens=java.base/java.util=ALL-UNNAMED --add-opens=java.base/java.lang=ALL-UNNAMED --add-opens=java.base/java.lang.invoke=ALL-UNNAMED --add-opens=java.base/java.util=ALL-UNNAMED --add-opens=java.prefs/java.util.prefs=ALL-UNNAMED --add-opens=java.prefs/java.util.prefs=ALL-UNNAMED --add-opens=java.base/java.nio.charset=ALL-UNNAMED --add-opens=java.base/java.net=ALL-UNNAMED --add-opens=java.base/java.util.concurrent.atomic=ALL-UNNAMED -Xmx2048m -Dfile.encoding=UTF-8 -Duser.country=IN -Duser.language=en -Duser.variant org.gradle.launcher.daemon.bootstrap.GradleDaemon 7.0.2

Host: Intel(R) Core(TM) i5-8300H CPU @ 2.30GHz, 8 cores, 7G,  Windows 10 , 64 bit Build 19041 (10.0.19041.1151)
Time: Thu Sep  2 20:50:31 2021 India Standard Time elapsed time: 11.480315 seconds (0d 0h 0m 11s)

---------------  T H R E A D  ---------------

Current thread (0x0000027dbf9a9000):  JavaThread "C2 CompilerThread2" daemon [_thread_in_native, id=15344, stack(0x000000b600e00000,0x000000b600f00000)]


Current CompileTask:
C2:  11480 8988       4       org.gradle.internal.snapshot.DirectorySnapshot$$Lambda$969/0x0000000100b1dc40::accept (20 bytes)

Stack: [0x000000b600e00000,0x000000b600f00000]
Native frames: (J=compiled Java code, j=interpreted, Vv=VM code, C=native code)
V  [jvm.dll+0x5ecfaa]
V  [jvm.dll+0x722bd5]
V  [jvm.dll+0x72412d]
V  [jvm.dll+0x7247e3]
V  [jvm.dll+0x242928]
V  [jvm.dll+0xbc4fc]
V  [jvm.dll+0xbca0c]
V  [jvm.dll+0x2b4fd4]
V  [jvm.dll+0x506028]
V  [jvm.dll+0x1fcbde]
V  [jvm.dll+0x1fa77f]
V  [jvm.dll+0x18354c]
V  [jvm.dll+0x208ee7]
V  [jvm.dll+0x207731]
V  [jvm.dll+0x6eb1cf]
V  [jvm.dll+0x6e3d45]
V  [jvm.dll+0x5ebe96]
C  [ucrtbase.dll+0x21bb2]
C  [KERNEL32.DLL+0x17034]
C  [ntdll.dll+0x52651]


---------------  P R O C E S S  ---------------

Threads class SMR info:
_java_thread_list=0x0000027dbae18c40, length=63, elements={
0x0000027d9fa8e800, 0x0000027db9f11800, 0x0000027db9f1d000, 0x0000027dba892800,
0x0000027db9f2c800, 0x0000027db9f2e800, 0x0000027db9f3b000, 0x0000027db9f3f800,
0x0000027db9f44800, 0x0000027dba9e5800, 0x0000027dbc7e4800, 0x0000027dbacb9000,
0x0000027dbae64000, 0x0000027dbc0b0000, 0x0000027dbda8b000, 0x0000027dbcb9a800,
0x0000027dbc22e000, 0x0000027dbbb71000, 0x0000027dbda78000, 0x0000027dbcd6c800,
0x0000027dbcd6d000, 0x0000027dbcd6b800, 0x0000027dbcd67800, 0x0000027dbcd6e000,
0x0000027dbcd68000, 0x0000027dbcd69000, 0x0000027dbcd6a000, 0x0000027dbcd6a800,
0x0000027dc002d800, 0x0000027dc0027800, 0x0000027dc002e800, 0x0000027dc0028800,
0x0000027dc002f000, 0x0000027dc002a000, 0x0000027dc0030000, 0x0000027dc0030800,
0x0000027dc002b000, 0x0000027dc002c800, 0x0000027dc0032800, 0x0000027dc0035000,
0x0000027dc0033000, 0x0000027dc0031800, 0x0000027dc0036800, 0x0000027dc0034000,
0x0000027dc0035800, 0x0000027dbf99e800, 0x0000027dbf99a800, 0x0000027dbf99f000,
0x0000027dbf9a0000, 0x0000027dbf99c000, 0x0000027dbf9a2800, 0x0000027dbf99c800,
0x0000027dbf99d800, 0x0000027dbf9a4000, 0x0000027dbf9a3800, 0x0000027dbf9a5000,
0x0000027dbf9a5800, 0x0000027dbf9a7800, 0x0000027dbf9a6800, 0x0000027dbf9a1800,
0x0000027dbf9a8000, 0x0000027dbf9a1000, 0x0000027dbf9a9000
}

Java Threads: ( => current thread )
  0x0000027d9fa8e800 JavaThread "main" [_thread_blocked, id=5568, stack(0x000000b67bf00000,0x000000b67c000000)]
  0x0000027db9f11800 JavaThread "Reference Handler" daemon [_thread_blocked, id=1288, stack(0x000000b67c600000,0x000000b67c700000)]
  0x0000027db9f1d000 JavaThread "Finalizer" daemon [_thread_blocked, id=6656, stack(0x000000b67c700000,0x000000b67c800000)]
  0x0000027dba892800 JavaThread "Signal Dispatcher" daemon [_thread_blocked, id=3140, stack(0x000000b67c800000,0x000000b67c900000)]
  0x0000027db9f2c800 JavaThread "Attach Listener" daemon [_thread_blocked, id=11044, stack(0x000000b67c900000,0x000000b67ca00000)]
  0x0000027db9f2e800 JavaThread "Service Thread" daemon [_thread_blocked, id=14412, stack(0x000000b67ca00000,0x000000b67cb00000)]
  0x0000027db9f3b000 JavaThread "C2 CompilerThread0" daemon [_thread_in_native, id=12216, stack(0x000000b67cb00000,0x000000b67cc00000)]
  0x0000027db9f3f800 JavaThread "C1 CompilerThread0" daemon [_thread_blocked, id=7052, stack(0x000000b67cc00000,0x000000b67cd00000)]
  0x0000027db9f44800 JavaThread "Sweeper thread" daemon [_thread_blocked, id=8904, stack(0x000000b67cd00000,0x000000b67ce00000)]
  0x0000027dba9e5800 JavaThread "Common-Cleaner" daemon [_thread_blocked, id=9212, stack(0x000000b67ce00000,0x000000b67cf00000)]
  0x0000027dbc7e4800 JavaThread "Daemon health stats" [_thread_blocked, id=6000, stack(0x000000b67d400000,0x000000b67d500000)]
  0x0000027dbacb9000 JavaThread "Incoming local TCP Connector on port 61096" [_thread_in_native, id=15248, stack(0x000000b67d000000,0x000000b67d100000)]
  0x0000027dbae64000 JavaThread "Daemon periodic checks" [_thread_blocked, id=1636, stack(0x000000b67d100000,0x000000b67d200000)]
  0x0000027dbc0b0000 JavaThread "Daemon" [_thread_blocked, id=2092, stack(0x000000b67d500000,0x000000b67d600000)]
  0x0000027dbda8b000 JavaThread "Handler for socket connection from /127.0.0.1:61096 to /127.0.0.1:61097" [_thread_in_native, id=2300, stack(0x000000b67d600000,0x000000b67d700000)]
  0x0000027dbcb9a800 JavaThread "Cancel handler" [_thread_blocked, id=11352, stack(0x000000b67d700000,0x000000b67d800000)]
  0x0000027dbc22e000 JavaThread "Daemon worker" [_thread_blocked, id=13016, stack(0x000000b67d800000,0x000000b67d900000)]
  0x0000027dbbb71000 JavaThread "Asynchronous log dispatcher for DefaultDaemonConnection: socket connection from /127.0.0.1:61096 to /127.0.0.1:61097" [_thread_blocked, id=7332, stack(0x000000b67d900000,0x000000b67da00000)]
  0x0000027dbda78000 JavaThread "Stdin handler" [_thread_blocked, id=12948, stack(0x000000b67da00000,0x000000b67db00000)]
  0x0000027dbcd6c800 JavaThread "Daemon client event forwarder" [_thread_blocked, id=10712, stack(0x000000b67db00000,0x000000b67dc00000)]
  0x0000027dbcd6d000 JavaThread "Cache worker for file hash cache (C:\Users\ANKIT\.gradle\caches\7.0.2\fileHashes)" [_thread_blocked, id=14152, stack(0x000000b67e100000,0x000000b67e200000)]
  0x0000027dbcd6b800 JavaThread "File lock request listener" [_thread_in_native, id=9820, stack(0x000000b67e200000,0x000000b67e300000)]
  0x0000027dbcd67800 JavaThread "Cache worker for journal cache (C:\Users\ANKIT\.gradle\caches\journal-1)" [_thread_blocked, id=1940, stack(0x000000b67e400000,0x000000b67e500000)]
  0x0000027dbcd6e000 JavaThread "Cache worker for file hash cache (D:\Programming\AndroidStudioProjects\MyHostel\.gradle\7.0.2\fileHashes)" [_thread_blocked, id=2748, stack(0x000000b67e600000,0x000000b67e700000)]
  0x0000027dbcd68000 JavaThread "File watcher server" daemon [_thread_in_native, id=14360, stack(0x000000b67e700000,0x000000b67e800000)]
  0x0000027dbcd69000 JavaThread "File watcher consumer" daemon [_thread_blocked, id=5648, stack(0x000000b67e800000,0x000000b67e900000)]
  0x0000027dbcd6a000 JavaThread "Cache worker for checksums cache (D:\Programming\AndroidStudioProjects\MyHostel\.gradle\checksums)" [_thread_blocked, id=6640, stack(0x000000b67e900000,0x000000b67ea00000)]
  0x0000027dbcd6a800 JavaThread "Cache worker for cache directory md-supplier (C:\Users\ANKIT\.gradle\caches\7.0.2\md-supplier)" [_thread_blocked, id=7608, stack(0x000000b67ea00000,0x000000b67eb00000)]
  0x0000027dc002d800 JavaThread "Cache worker for cache directory md-rule (C:\Users\ANKIT\.gradle\caches\7.0.2\md-rule)" [_thread_blocked, id=5616, stack(0x000000b67ec00000,0x000000b67ed00000)]
  0x0000027dc0027800 JavaThread "Cache worker for execution history cache (C:\Users\ANKIT\.gradle\caches\7.0.2\executionHistory)" [_thread_blocked, id=10456, stack(0x000000b67ed00000,0x000000b67ee00000)]
  0x0000027dc002e800 JavaThread "jar transforms" [_thread_blocked, id=6768, stack(0x000000b67ee00000,0x000000b67ef00000)]
  0x0000027dc0028800 JavaThread "jar transforms Thread 2" [_thread_blocked, id=2760, stack(0x000000b67ef00000,0x000000b67f000000)]
  0x0000027dc002f000 JavaThread "Cache worker for file content cache (C:\Users\ANKIT\.gradle\caches\7.0.2\fileContent)" [_thread_blocked, id=4852, stack(0x000000b67f000000,0x000000b67f100000)]
  0x0000027dc002a000 JavaThread "Cache worker for dependencies-accessors (D:\Programming\AndroidStudioProjects\MyHostel\.gradle\7.0.2\dependencies-accessors)" [_thread_blocked, id=13800, stack(0x000000b67f100000,0x000000b67f200000)]
  0x0000027dc0030000 JavaThread "jar transforms Thread 3" [_thread_blocked, id=14128, stack(0x000000b67f200000,0x000000b67f300000)]
  0x0000027dc0030800 JavaThread "Cache worker for Build Output Cleanup Cache (D:\Programming\AndroidStudioProjects\MyHostel\.gradle\buildOutputCleanup)" [_thread_blocked, id=5660, stack(0x000000b67f300000,0x000000b67f400000)]
  0x0000027dc002b000 JavaThread "Build operations" [_thread_blocked, id=9976, stack(0x000000b67f400000,0x000000b67f500000)]
  0x0000027dc002c800 JavaThread "Build operations Thread 2" [_thread_blocked, id=13124, stack(0x000000b67f500000,0x000000b67f600000)]
  0x0000027dc0032800 JavaThread "Build operations Thread 3" [_thread_blocked, id=4272, stack(0x000000b67f600000,0x000000b67f700000)]
  0x0000027dc0035000 JavaThread "Build operations Thread 4" [_thread_blocked, id=2820, stack(0x000000b67f700000,0x000000b67f800000)]
  0x0000027dc0033000 JavaThread "Build operations Thread 5" [_thread_blocked, id=3024, stack(0x000000b67f800000,0x000000b67f900000)]
  0x0000027dc0031800 JavaThread "Build operations Thread 6" [_thread_blocked, id=9236, stack(0x000000b67f900000,0x000000b67fa00000)]
  0x0000027dc0036800 JavaThread "Build operations Thread 7" [_thread_blocked, id=14556, stack(0x000000b67fa00000,0x000000b67fb00000)]
  0x0000027dc0034000 JavaThread "Build operations Thread 8" [_thread_blocked, id=3692, stack(0x000000b67fb00000,0x000000b67fc00000)]
  0x0000027dc0035800 JavaThread "jar transforms Thread 4" [_thread_blocked, id=13052, stack(0x000000b67fc00000,0x000000b67fd00000)]
  0x0000027dbf99e800 JavaThread "jar transforms Thread 5" [_thread_blocked, id=14984, stack(0x000000b67fd00000,0x000000b67fe00000)]
  0x0000027dbf99a800 JavaThread "jar transforms Thread 6" [_thread_blocked, id=13888, stack(0x000000b67fe00000,0x000000b67ff00000)]
  0x0000027dbf99f000 JavaThread "jar transforms Thread 7" [_thread_blocked, id=10360, stack(0x000000b67ff00000,0x000000b680000000)]
  0x0000027dbf9a0000 JavaThread "jar transforms Thread 8" [_thread_blocked, id=14484, stack(0x000000b600000000,0x000000b600100000)]
  0x0000027dbf99c000 JavaThread "Memory manager" [_thread_blocked, id=5416, stack(0x000000b600100000,0x000000b600200000)]
  0x0000027dbf9a2800 JavaThread "build event listener" [_thread_blocked, id=13340, stack(0x000000b600300000,0x000000b600400000)]
  0x0000027dbf99c800 JavaThread "pool-3-thread-1" [_thread_blocked, id=13724, stack(0x000000b600400000,0x000000b600500000)]
  0x0000027dbf99d800 JavaThread "build event listener" [_thread_blocked, id=12200, stack(0x000000b600500000,0x000000b600600000)]
  0x0000027dbf9a4000 JavaThread "Execution worker for ':'" [_thread_blocked, id=12776, stack(0x000000b600600000,0x000000b600700000)]
  0x0000027dbf9a3800 JavaThread "Execution worker for ':' Thread 2" [_thread_blocked, id=14320, stack(0x000000b600700000,0x000000b600800000)]
  0x0000027dbf9a5000 JavaThread "Execution worker for ':' Thread 3" [_thread_blocked, id=8340, stack(0x000000b600800000,0x000000b600900000)]
  0x0000027dbf9a5800 JavaThread "Execution worker for ':' Thread 4" [_thread_blocked, id=13280, stack(0x000000b600900000,0x000000b600a00000)]
  0x0000027dbf9a7800 JavaThread "Execution worker for ':' Thread 5" [_thread_blocked, id=7816, stack(0x000000b600a00000,0x000000b600b00000)]
  0x0000027dbf9a6800 JavaThread "Execution worker for ':' Thread 6" [_thread_blocked, id=10496, stack(0x000000b600b00000,0x000000b600c00000)]
  0x0000027dbf9a1800 JavaThread "Execution worker for ':' Thread 7" [_thread_blocked, id=6920, stack(0x000000b600c00000,0x000000b600d00000)]
  0x0000027dbf9a8000 JavaThread "Cache worker for execution history cache (D:\Programming\AndroidStudioProjects\MyHostel\.gradle\7.0.2\executionHistory)" [_thread_blocked, id=14852, stack(0x000000b600d00000,0x000000b600e00000)]
  0x0000027dbf9a1000 JavaThread "C2 CompilerThread1" daemon [_thread_in_native, id=13932, stack(0x000000b600200000,0x000000b600300000)]
=>0x0000027dbf9a9000 JavaThread "C2 CompilerThread2" daemon [_thread_in_native, id=15344, stack(0x000000b600e00000,0x000000b600f00000)]

Other Threads:
  0x0000027db9f0d800 VMThread "VM Thread" [stack: 0x000000b67c500000,0x000000b67c600000] [id=13960]
  0x0000027dbaa06800 WatcherThread [stack: 0x000000b67cf00000,0x000000b67d000000] [id=12168]
  0x0000027d9faa8800 GCTaskThread "GC Thread#0" [stack: 0x000000b67c000000,0x000000b67c100000] [id=7100]
  0x0000027dbadaa000 GCTaskThread "GC Thread#1" [stack: 0x000000b67d200000,0x000000b67d300000] [id=4224]
  0x0000027dbb6d5800 GCTaskThread "GC Thread#2" [stack: 0x000000b67d300000,0x000000b67d400000] [id=2304]
  0x0000027dbbf53000 GCTaskThread "GC Thread#3" [stack: 0x000000b67dc00000,0x000000b67dd00000] [id=6152]
  0x0000027dbb6ca800 GCTaskThread "GC Thread#4" [stack: 0x000000b67dd00000,0x000000b67de00000] [id=5652]
  0x0000027dbc7ee800 GCTaskThread "GC Thread#5" [stack: 0x000000b67de00000,0x000000b67df00000] [id=11708]
  0x0000027dbd96f000 GCTaskThread "GC Thread#6" [stack: 0x000000b67df00000,0x000000b67e000000] [id=3200]
  0x0000027dbca9c000 GCTaskThread "GC Thread#7" [stack: 0x000000b67e000000,0x000000b67e100000] [id=3036]
  0x0000027d9fad8000 ConcurrentGCThread "G1 Main Marker" [stack: 0x000000b67c100000,0x000000b67c200000] [id=12332]
  0x0000027d9fad9800 ConcurrentGCThread "G1 Conc#0" [stack: 0x000000b67c200000,0x000000b67c300000] [id=12972]
  0x0000027dbc156800 ConcurrentGCThread "G1 Conc#1" [stack: 0x000000b67e300000,0x000000b67e400000] [id=8528]
  0x0000027db9d60800 ConcurrentGCThread "G1 Refine#0" [stack: 0x000000b67c300000,0x000000b67c400000] [id=284]
  0x0000027db9d61800 ConcurrentGCThread "G1 Young RemSet Sampling" [stack: 0x000000b67c400000,0x000000b67c500000] [id=7628]

Threads with active compile tasks:
C2 CompilerThread0  11514 9106       4       org.gradle.internal.snapshot.RelativePathTracker::toRelativePath (163 bytes)
C2 CompilerThread1  11514 9140       4       java.util.stream.ReferencePipeline$2::opWrapSink (10 bytes)
C2 CompilerThread2  11514 8988       4       org.gradle.internal.snapshot.DirectorySnapshot$$Lambda$969/0x0000000100b1dc40::accept (20 bytes)

VM state:not at safepoint (normal execution)

VM Mutex/Monitor currently owned by a thread: None

Heap address: 0x0000000080000000, size: 2048 MB, Compressed Oops mode: 32-bit
Narrow klass base: 0x0000000000000000, Narrow klass shift: 3
Compressed class space size: 1073741824 Address: 0x0000000100000000

Heap:
 garbage-first heap   total 187392K, used 123757K [0x0000000080000000, 0x0000000100000000)
  region size 1024K, 68 young (69632K), 11 survivors (11264K)
 Metaspace       used 82415K, capacity 84570K, committed 84684K, reserved 1122304K
  class space    used 10652K, capacity 11454K, committed 11520K, reserved 1048576K
Heap Regions: E=young(eden), S=young(survivor), O=old, HS=humongous(starts), HC=humongous(continues), CS=collection set, F=free, A=archive, TAMS=top-at-mark-start (previous, next)
|   0|0x0000000080000000, 0x0000000080100000, 0x0000000080100000|100%| O|  |TAMS 0x0000000080100000, 0x0000000080000000| Untracked 
|   1|0x0000000080100000, 0x0000000080200000, 0x0000000080200000|100%| O|  |TAMS 0x0000000080200000, 0x0000000080100000| Untracked 
|   2|0x0000000080200000, 0x0000000080300000, 0x0000000080300000|100%| O|  |TAMS 0x0000000080300000, 0x0000000080200000| Untracked 
|   3|0x0000000080300000, 0x0000000080400000, 0x0000000080400000|100%|HS|  |TAMS 0x0000000080400000, 0x0000000080300000| Complete 
|   4|0x0000000080400000, 0x0000000080500000, 0x0000000080500000|100%|HC|  |TAMS 0x0000000080500000, 0x0000000080400000| Complete 
|   5|0x0000000080500000, 0x0000000080600000, 0x0000000080600000|100%|HC|  |TAMS 0x0000000080600000, 0x0000000080500000| Complete 
|   6|0x0000000080600000, 0x0000000080700000, 0x0000000080700000|100%| O|  |TAMS 0x0000000080700000, 0x0000000080600000| Untracked 
|   7|0x0000000080700000, 0x0000000080800000, 0x0000000080800000|100%| O|  |TAMS 0x0000000080800000, 0x0000000080700000| Untracked 
|   8|0x0000000080800000, 0x0000000080900000, 0x0000000080900000|100%| O|  |TAMS 0x0000000080900000, 0x0000000080800000| Untracked 
|   9|0x0000000080900000, 0x0000000080a00000, 0x0000000080a00000|100%| O|  |TAMS 0x0000000080a00000, 0x0000000080900000| Untracked 
|  10|0x0000000080a00000, 0x0000000080b00000, 0x0000000080b00000|100%| O|  |TAMS 0x0000000080b00000, 0x0000000080a00000| Untracked 
|  11|0x0000000080b00000, 0x0000000080c00000, 0x0000000080c00000|100%| O|  |TAMS 0x0000000080c00000, 0x0000000080b00000| Untracked 
|  12|0x0000000080c00000, 0x0000000080d00000, 0x0000000080d00000|100%| O|  |TAMS 0x0000000080d00000, 0x0000000080c00000| Untracked 
|  13|0x0000000080d00000, 0x0000000080e00000, 0x0000000080e00000|100%| O|  |TAMS 0x0000000080e00000, 0x0000000080d00000| Untracked 
|  14|0x0000000080e00000, 0x0000000080f00000, 0x0000000080f00000|100%| O|  |TAMS 0x0000000080f00000, 0x0000000080e00000| Untracked 
|  15|0x0000000080f00000, 0x0000000081000000, 0x0000000081000000|100%| O|  |TAMS 0x0000000081000000, 0x0000000080f00000| Untracked 
|  16|0x0000000081000000, 0x0000000081100000, 0x0000000081100000|100%| O|  |TAMS 0x0000000081100000, 0x0000000081000000| Untracked 
|  17|0x0000000081100000, 0x0000000081200000, 0x0000000081200000|100%| O|  |TAMS 0x0000000081200000, 0x0000000081100000| Untracked 
|  18|0x0000000081200000, 0x0000000081300000, 0x0000000081300000|100%|HS|  |TAMS 0x0000000081300000, 0x0000000081200000| Complete 
|  19|0x0000000081300000, 0x0000000081400000, 0x0000000081400000|100%| O|  |TAMS 0x0000000081400000, 0x0000000081300000| Untracked 
|  20|0x0000000081400000, 0x0000000081500000, 0x0000000081500000|100%| O|  |TAMS 0x0000000081500000, 0x0000000081400000| Untracked 
|  21|0x0000000081500000, 0x0000000081600000, 0x0000000081600000|100%| O|  |TAMS 0x0000000081600000, 0x0000000081500000| Untracked 
|  22|0x0000000081600000, 0x0000000081700000, 0x0000000081700000|100%| O|  |TAMS 0x0000000081700000, 0x0000000081600000| Untracked 
|  23|0x0000000081700000, 0x0000000081800000, 0x0000000081800000|100%|HS|  |TAMS 0x0000000081800000, 0x0000000081700000| Complete 
|  24|0x0000000081800000, 0x0000000081900000, 0x0000000081900000|100%|HS|  |TAMS 0x0000000081900000, 0x0000000081800000| Complete 
|  25|0x0000000081900000, 0x0000000081a00000, 0x0000000081a00000|100%|HC|  |TAMS 0x0000000081a00000, 0x0000000081900000| Complete 
|  26|0x0000000081a00000, 0x0000000081b00000, 0x0000000081b00000|100%| O|  |TAMS 0x0000000081b00000, 0x0000000081a00000| Untracked 
|  27|0x0000000081b00000, 0x0000000081c00000, 0x0000000081c00000|100%| O|  |TAMS 0x0000000081c00000, 0x0000000081b00000| Untracked 
|  28|0x0000000081c00000, 0x0000000081d00000, 0x0000000081d00000|100%| O|  |TAMS 0x0000000081d00000, 0x0000000081c00000| Untracked 
|  29|0x0000000081d00000, 0x0000000081e00000, 0x0000000081e00000|100%| O|  |TAMS 0x0000000081e00000, 0x0000000081d00000| Untracked 
|  30|0x0000000081e00000, 0x0000000081f00000, 0x0000000081f00000|100%| O|  |TAMS 0x0000000081f00000, 0x0000000081e00000| Untracked 
|  31|0x0000000081f00000, 0x0000000082000000, 0x0000000082000000|100%| O|  |TAMS 0x0000000082000000, 0x0000000081f00000| Untracked 
|  32|0x0000000082000000, 0x0000000082100000, 0x0000000082100000|100%| O|  |TAMS 0x0000000082100000, 0x0000000082000000| Untracked 
|  33|0x0000000082100000, 0x0000000082200000, 0x0000000082200000|100%| O|  |TAMS 0x0000000082200000, 0x0000000082100000| Untracked 
|  34|0x0000000082200000, 0x0000000082300000, 0x0000000082300000|100%| O|  |TAMS 0x0000000082300000, 0x0000000082200000| Untracked 
|  35|0x0000000082300000, 0x0000000082400000, 0x0000000082400000|100%| O|  |TAMS 0x0000000082400000, 0x0000000082300000| Untracked 
|  36|0x0000000082400000, 0x0000000082500000, 0x0000000082500000|100%| O|  |TAMS 0x0000000082500000, 0x0000000082400000| Untracked 
|  37|0x0000000082500000, 0x0000000082600000, 0x0000000082600000|100%| O|  |TAMS 0x0000000082600000, 0x0000000082500000| Untracked 
|  38|0x0000000082600000, 0x0000000082700000, 0x0000000082700000|100%| O|  |TAMS 0x0000000082700000, 0x0000000082600000| Untracked 
|  39|0x0000000082700000, 0x0000000082800000, 0x0000000082800000|100%| O|  |TAMS 0x0000000082800000, 0x0000000082700000| Untracked 
|  40|0x0000000082800000, 0x0000000082900000, 0x0000000082900000|100%| O|  |TAMS 0x000000008288f600, 0x0000000082800000| Untracked 
|  41|0x0000000082900000, 0x0000000082a00000, 0x0000000082a00000|100%| O|  |TAMS 0x0000000082900000, 0x0000000082900000| Untracked 
|  42|0x0000000082a00000, 0x0000000082b00000, 0x0000000082b00000|100%| O|  |TAMS 0x0000000082a00000, 0x0000000082a00000| Untracked 
|  43|0x0000000082b00000, 0x0000000082c00000, 0x0000000082c00000|100%| O|  |TAMS 0x0000000082b00000, 0x0000000082b00000| Untracked 
|  44|0x0000000082c00000, 0x0000000082d00000, 0x0000000082d00000|100%| O|  |TAMS 0x0000000082c00000, 0x0000000082c00000| Untracked 
|  45|0x0000000082d00000, 0x0000000082e00000, 0x0000000082e00000|100%| O|  |TAMS 0x0000000082d00000, 0x0000000082d00000| Untracked 
|  46|0x0000000082e00000, 0x0000000082f00000, 0x0000000082f00000|100%| O|  |TAMS 0x0000000082e00000, 0x0000000082e00000| Untracked 
|  47|0x0000000082f00000, 0x0000000083000000, 0x0000000083000000|100%| O|  |TAMS 0x0000000082f00000, 0x0000000082f00000| Untracked 
|  48|0x0000000083000000, 0x0000000083100000, 0x0000000083100000|100%| O|  |TAMS 0x0000000083000000, 0x0000000083000000| Untracked 
|  49|0x0000000083100000, 0x0000000083200000, 0x0000000083200000|100%| O|  |TAMS 0x0000000083100000, 0x0000000083100000| Untracked 
|  50|0x0000000083200000, 0x0000000083300000, 0x0000000083300000|100%| O|  |TAMS 0x0000000083200000, 0x0000000083200000| Untracked 
|  51|0x0000000083300000, 0x0000000083400000, 0x0000000083400000|100%| O|  |TAMS 0x0000000083300000, 0x0000000083300000| Untracked 
|  52|0x0000000083400000, 0x0000000083500000, 0x0000000083500000|100%| O|  |TAMS 0x0000000083400000, 0x0000000083400000| Untracked 
|  53|0x0000000083500000, 0x0000000083600000, 0x0000000083600000|100%| O|  |TAMS 0x0000000083500000, 0x0000000083500000| Untracked 
|  54|0x0000000083600000, 0x00000000836db600, 0x0000000083700000| 85%| O|  |TAMS 0x0000000083600000, 0x0000000083600000| Untracked 
|  55|0x0000000083700000, 0x0000000083700000, 0x0000000083800000|  0%| F|  |TAMS 0x0000000083700000, 0x0000000083700000| Untracked 
|  56|0x0000000083800000, 0x0000000083800000, 0x0000000083900000|  0%| F|  |TAMS 0x0000000083800000, 0x0000000083800000| Untracked 
|  57|0x0000000083900000, 0x0000000083900000, 0x0000000083a00000|  0%| F|  |TAMS 0x0000000083900000, 0x0000000083900000| Untracked 
|  58|0x0000000083a00000, 0x0000000083a00000, 0x0000000083b00000|  0%| F|  |TAMS 0x0000000083a00000, 0x0000000083a00000| Untracked 
|  59|0x0000000083b00000, 0x0000000083b00000, 0x0000000083c00000|  0%| F|  |TAMS 0x0000000083b00000, 0x0000000083b00000| Untracked 
|  60|0x0000000083c00000, 0x0000000083c00000, 0x0000000083d00000|  0%| F|  |TAMS 0x0000000083c00000, 0x0000000083c00000| Untracked 
|  61|0x0000000083d00000, 0x0000000083d00000, 0x0000000083e00000|  0%| F|  |TAMS 0x0000000083d00000, 0x0000000083d00000| Untracked 
|  62|0x0000000083e00000, 0x0000000083e00000, 0x0000000083f00000|  0%| F|  |TAMS 0x0000000083e00000, 0x0000000083e00000| Untracked 
|  63|0x0000000083f00000, 0x0000000083f00000, 0x0000000084000000|  0%| F|  |TAMS 0x0000000083f00000, 0x0000000083f00000| Untracked 
|  64|0x0000000084000000, 0x0000000084000000, 0x0000000084100000|  0%| F|  |TAMS 0x0000000084000000, 0x0000000084000000| Untracked 
|  65|0x0000000084100000, 0x0000000084100000, 0x0000000084200000|  0%| F|  |TAMS 0x0000000084100000, 0x0000000084100000| Untracked 
|  66|0x0000000084200000, 0x0000000084200000, 0x0000000084300000|  0%| F|  |TAMS 0x0000000084200000, 0x0000000084200000| Untracked 
|  67|0x0000000084300000, 0x0000000084300000, 0x0000000084400000|  0%| F|  |TAMS 0x0000000084300000, 0x0000000084300000| Untracked 
|  68|0x0000000084400000, 0x0000000084400000, 0x0000000084500000|  0%| F|  |TAMS 0x0000000084400000, 0x0000000084400000| Untracked 
|  69|0x0000000084500000, 0x0000000084500000, 0x0000000084600000|  0%| F|  |TAMS 0x0000000084500000, 0x0000000084500000| Untracked 
|  70|0x0000000084600000, 0x0000000084600000, 0x0000000084700000|  0%| F|  |TAMS 0x0000000084600000, 0x0000000084600000| Untracked 
|  71|0x0000000084700000, 0x0000000084700000, 0x0000000084800000|  0%| F|  |TAMS 0x0000000084700000, 0x0000000084700000| Untracked 
|  72|0x0000000084800000, 0x0000000084800000, 0x0000000084900000|  0%| F|  |TAMS 0x0000000084800000, 0x0000000084800000| Untracked 
|  73|0x0000000084900000, 0x0000000084900000, 0x0000000084a00000|  0%| F|  |TAMS 0x0000000084900000, 0x0000000084900000| Untracked 
|  74|0x0000000084a00000, 0x0000000084a00000, 0x0000000084b00000|  0%| F|  |TAMS 0x0000000084a00000, 0x0000000084a00000| Untracked 
|  75|0x0000000084b00000, 0x0000000084b00000, 0x0000000084c00000|  0%| F|  |TAMS 0x0000000084b00000, 0x0000000084b00000| Untracked 
|  76|0x0000000084c00000, 0x0000000084c00000, 0x0000000084d00000|  0%| F|  |TAMS 0x0000000084c00000, 0x0000000084c00000| Untracked 
|  77|0x0000000084d00000, 0x0000000084d00000, 0x0000000084e00000|  0%| F|  |TAMS 0x0000000084d00000, 0x0000000084d00000| Untracked 
|  78|0x0000000084e00000, 0x0000000084e00000, 0x0000000084f00000|  0%| F|  |TAMS 0x0000000084e00000, 0x0000000084e00000| Untracked 
|  79|0x0000000084f00000, 0x0000000084f00000, 0x0000000085000000|  0%| F|  |TAMS 0x0000000084f00000, 0x0000000084f00000| Untracked 
|  80|0x0000000085000000, 0x0000000085000000, 0x0000000085100000|  0%| F|  |TAMS 0x0000000085000000, 0x0000000085000000| Untracked 
|  81|0x0000000085100000, 0x0000000085100000, 0x0000000085200000|  0%| F|  |TAMS 0x0000000085100000, 0x0000000085100000| Untracked 
|  82|0x0000000085200000, 0x0000000085200000, 0x0000000085300000|  0%| F|  |TAMS 0x0000000085200000, 0x0000000085200000| Untracked 
|  83|0x0000000085300000, 0x0000000085300000, 0x0000000085400000|  0%| F|  |TAMS 0x0000000085300000, 0x0000000085300000| Untracked 
|  84|0x0000000085400000, 0x0000000085400000, 0x0000000085500000|  0%| F|  |TAMS 0x0000000085400000, 0x0000000085400000| Untracked 
|  85|0x0000000085500000, 0x0000000085500000, 0x0000000085600000|  0%| F|  |TAMS 0x0000000085500000, 0x0000000085500000| Untracked 
|  86|0x0000000085600000, 0x0000000085700000, 0x0000000085700000|100%| S|CS|TAMS 0x0000000085600000, 0x0000000085600000| Complete 
|  87|0x0000000085700000, 0x0000000085800000, 0x0000000085800000|100%| S|CS|TAMS 0x0000000085700000, 0x0000000085700000| Complete 
|  88|0x0000000085800000, 0x0000000085900000, 0x0000000085900000|100%| S|CS|TAMS 0x0000000085800000, 0x0000000085800000| Complete 
|  89|0x0000000085900000, 0x0000000085a00000, 0x0000000085a00000|100%| S|CS|TAMS 0x0000000085900000, 0x0000000085900000| Complete 
|  90|0x0000000085a00000, 0x0000000085a00000, 0x0000000085b00000|  0%| F|  |TAMS 0x0000000085a00000, 0x0000000085a00000| Untracked 
|  91|0x0000000085b00000, 0x0000000085b00000, 0x0000000085c00000|  0%| F|  |TAMS 0x0000000085b00000, 0x0000000085b00000| Untracked 
|  92|0x0000000085c00000, 0x0000000085c00000, 0x0000000085d00000|  0%| F|  |TAMS 0x0000000085c00000, 0x0000000085c00000| Untracked 
|  93|0x0000000085d00000, 0x0000000085d00000, 0x0000000085e00000|  0%| F|  |TAMS 0x0000000085d00000, 0x0000000085d00000| Untracked 
|  94|0x0000000085e00000, 0x0000000085e00000, 0x0000000085f00000|  0%| F|  |TAMS 0x0000000085e00000, 0x0000000085e00000| Untracked 
|  95|0x0000000085f00000, 0x0000000085f00000, 0x0000000086000000|  0%| F|  |TAMS 0x0000000085f00000, 0x0000000085f00000| Untracked 
|  96|0x0000000086000000, 0x0000000086100000, 0x0000000086100000|100%| S|CS|TAMS 0x0000000086000000, 0x0000000086000000| Complete 
|  97|0x0000000086100000, 0x0000000086200000, 0x0000000086200000|100%| S|CS|TAMS 0x0000000086100000, 0x0000000086100000| Complete 
|  98|0x0000000086200000, 0x0000000086300000, 0x0000000086300000|100%| S|CS|TAMS 0x0000000086200000, 0x0000000086200000| Complete 
|  99|0x0000000086300000, 0x0000000086400000, 0x0000000086400000|100%| S|CS|TAMS 0x0000000086300000, 0x0000000086300000| Complete 
| 100|0x0000000086400000, 0x0000000086500000, 0x0000000086500000|100%| S|CS|TAMS 0x0000000086400000, 0x0000000086400000| Complete 
| 101|0x0000000086500000, 0x0000000086500000, 0x0000000086600000|  0%| F|  |TAMS 0x0000000086500000, 0x0000000086500000| Untracked 
| 102|0x0000000086600000, 0x0000000086600000, 0x0000000086700000|  0%| F|  |TAMS 0x0000000086600000, 0x0000000086600000| Untracked 
| 103|0x0000000086700000, 0x0000000086700000, 0x0000000086800000|  0%| F|  |TAMS 0x0000000086700000, 0x0000000086700000| Untracked 
| 104|0x0000000086800000, 0x0000000086800000, 0x0000000086900000|  0%| F|  |TAMS 0x0000000086800000, 0x0000000086800000| Untracked 
| 105|0x0000000086900000, 0x0000000086900000, 0x0000000086a00000|  0%| F|  |TAMS 0x0000000086900000, 0x0000000086900000| Untracked 
| 106|0x0000000086a00000, 0x0000000086b00000, 0x0000000086b00000|100%| S|CS|TAMS 0x0000000086a00000, 0x0000000086a00000| Complete 
| 107|0x0000000086b00000, 0x0000000086c00000, 0x0000000086c00000|100%| S|CS|TAMS 0x0000000086b00000, 0x0000000086b00000| Complete 
| 108|0x0000000086c00000, 0x0000000086c00000, 0x0000000086d00000|  0%| F|  |TAMS 0x0000000086c00000, 0x0000000086c00000| Untracked 
| 109|0x0000000086d00000, 0x0000000086d00000, 0x0000000086e00000|  0%| F|  |TAMS 0x0000000086d00000, 0x0000000086d00000| Untracked 
| 110|0x0000000086e00000, 0x0000000086e00000, 0x0000000086f00000|  0%| F|  |TAMS 0x0000000086e00000, 0x0000000086e00000| Untracked 
| 111|0x0000000086f00000, 0x0000000086f00000, 0x0000000087000000|  0%| F|  |TAMS 0x0000000086f00000, 0x0000000086f00000| Untracked 
| 112|0x0000000087000000, 0x0000000087000000, 0x0000000087100000|  0%| F|  |TAMS 0x0000000087000000, 0x0000000087000000| Untracked 
| 113|0x0000000087100000, 0x0000000087100000, 0x0000000087200000|  0%| F|  |TAMS 0x0000000087100000, 0x0000000087100000| Untracked 
| 114|0x0000000087200000, 0x0000000087200000, 0x0000000087300000|  0%| F|  |TAMS 0x0000000087200000, 0x0000000087200000| Untracked 
| 115|0x0000000087300000, 0x0000000087300000, 0x0000000087400000|  0%| F|  |TAMS 0x0000000087300000, 0x0000000087300000| Untracked 
| 116|0x0000000087400000, 0x0000000087400000, 0x0000000087500000|  0%| F|  |TAMS 0x0000000087400000, 0x0000000087400000| Untracked 
| 117|0x0000000087500000, 0x0000000087500000, 0x0000000087600000|  0%| F|  |TAMS 0x0000000087500000, 0x0000000087500000| Untracked 
| 118|0x0000000087600000, 0x0000000087600000, 0x0000000087700000|  0%| F|  |TAMS 0x0000000087600000, 0x0000000087600000| Untracked 
| 119|0x0000000087700000, 0x0000000087700000, 0x0000000087800000|  0%| F|  |TAMS 0x0000000087700000, 0x0000000087700000| Untracked 
| 120|0x0000000087800000, 0x0000000087800000, 0x0000000087900000|  0%| F|  |TAMS 0x0000000087800000, 0x0000000087800000| Untracked 
| 121|0x0000000087900000, 0x0000000087900000, 0x0000000087a00000|  0%| F|  |TAMS 0x0000000087900000, 0x0000000087900000| Untracked 
| 122|0x0000000087a00000, 0x0000000087a00000, 0x0000000087b00000|  0%| F|  |TAMS 0x0000000087a00000, 0x0000000087a00000| Untracked 
| 123|0x0000000087b00000, 0x0000000087b00000, 0x0000000087c00000|  0%| F|  |TAMS 0x0000000087b00000, 0x0000000087b00000| Untracked 
| 124|0x0000000087c00000, 0x0000000087c00000, 0x0000000087d00000|  0%| F|  |TAMS 0x0000000087c00000, 0x0000000087c00000| Untracked 
| 125|0x0000000087d00000, 0x0000000087d00000, 0x0000000087e00000|  0%| F|  |TAMS 0x0000000087d00000, 0x0000000087d00000| Untracked 
| 126|0x0000000087e00000, 0x0000000087e4e148, 0x0000000087f00000| 30%| E|  |TAMS 0x0000000087e00000, 0x0000000087e00000| Complete 
| 127|0x0000000087f00000, 0x0000000088000000, 0x0000000088000000|100%| E|CS|TAMS 0x0000000087f00000, 0x0000000087f00000| Complete 
| 128|0x0000000088000000, 0x0000000088100000, 0x0000000088100000|100%| E|CS|TAMS 0x0000000088000000, 0x0000000088000000| Complete 
| 129|0x0000000088100000, 0x0000000088200000, 0x0000000088200000|100%| E|CS|TAMS 0x0000000088100000, 0x0000000088100000| Complete 
| 130|0x0000000088200000, 0x0000000088300000, 0x0000000088300000|100%| E|CS|TAMS 0x0000000088200000, 0x0000000088200000| Complete 
| 131|0x0000000088300000, 0x0000000088400000, 0x0000000088400000|100%| E|CS|TAMS 0x0000000088300000, 0x0000000088300000| Complete 
| 132|0x0000000088400000, 0x0000000088500000, 0x0000000088500000|100%| E|CS|TAMS 0x0000000088400000, 0x0000000088400000| Complete 
| 133|0x0000000088500000, 0x0000000088600000, 0x0000000088600000|100%| E|CS|TAMS 0x0000000088500000, 0x0000000088500000| Complete 
| 134|0x0000000088600000, 0x0000000088700000, 0x0000000088700000|100%| E|CS|TAMS 0x0000000088600000, 0x0000000088600000| Complete 
| 135|0x0000000088700000, 0x0000000088800000, 0x0000000088800000|100%| E|  |TAMS 0x0000000088700000, 0x0000000088700000| Complete 
| 136|0x0000000088800000, 0x0000000088900000, 0x0000000088900000|100%| E|CS|TAMS 0x0000000088800000, 0x0000000088800000| Complete 
| 137|0x0000000088900000, 0x0000000088a00000, 0x0000000088a00000|100%| E|CS|TAMS 0x0000000088900000, 0x0000000088900000| Complete 
| 138|0x0000000088a00000, 0x0000000088b00000, 0x0000000088b00000|100%| E|CS|TAMS 0x0000000088a00000, 0x0000000088a00000| Complete 
| 139|0x0000000088b00000, 0x0000000088c00000, 0x0000000088c00000|100%| E|CS|TAMS 0x0000000088b00000, 0x0000000088b00000| Complete 
| 140|0x0000000088c00000, 0x0000000088d00000, 0x0000000088d00000|100%| E|CS|TAMS 0x0000000088c00000, 0x0000000088c00000| Complete 
| 141|0x0000000088d00000, 0x0000000088e00000, 0x0000000088e00000|100%| E|CS|TAMS 0x0000000088d00000, 0x0000000088d00000| Complete 
| 142|0x0000000088e00000, 0x0000000088f00000, 0x0000000088f00000|100%| E|CS|TAMS 0x0000000088e00000, 0x0000000088e00000| Complete 
| 143|0x0000000088f00000, 0x0000000089000000, 0x0000000089000000|100%| E|CS|TAMS 0x0000000088f00000, 0x0000000088f00000| Complete 
| 144|0x0000000089000000, 0x0000000089100000, 0x0000000089100000|100%| E|CS|TAMS 0x0000000089000000, 0x0000000089000000| Complete 
| 145|0x0000000089100000, 0x0000000089200000, 0x0000000089200000|100%| E|CS|TAMS 0x0000000089100000, 0x0000000089100000| Complete 
| 146|0x0000000089200000, 0x0000000089300000, 0x0000000089300000|100%| E|CS|TAMS 0x0000000089200000, 0x0000000089200000| Complete 
| 147|0x0000000089300000, 0x0000000089400000, 0x0000000089400000|100%| E|CS|TAMS 0x0000000089300000, 0x0000000089300000| Complete 
| 148|0x0000000089400000, 0x0000000089500000, 0x0000000089500000|100%| E|CS|TAMS 0x0000000089400000, 0x0000000089400000| Complete 
| 149|0x0000000089500000, 0x0000000089600000, 0x0000000089600000|100%| E|CS|TAMS 0x0000000089500000, 0x0000000089500000| Complete 
| 150|0x0000000089600000, 0x0000000089700000, 0x0000000089700000|100%| E|CS|TAMS 0x0000000089600000, 0x0000000089600000| Complete 
| 151|0x0000000089700000, 0x0000000089800000, 0x0000000089800000|100%| E|CS|TAMS 0x0000000089700000, 0x0000000089700000| Complete 
| 152|0x0000000089800000, 0x0000000089900000, 0x0000000089900000|100%| E|CS|TAMS 0x0000000089800000, 0x0000000089800000| Complete 
| 153|0x0000000089900000, 0x0000000089a00000, 0x0000000089a00000|100%| E|CS|TAMS 0x0000000089900000, 0x0000000089900000| Complete 
| 154|0x0000000089a00000, 0x0000000089b00000, 0x0000000089b00000|100%| E|CS|TAMS 0x0000000089a00000, 0x0000000089a00000| Complete 
| 155|0x0000000089b00000, 0x0000000089c00000, 0x0000000089c00000|100%| E|CS|TAMS 0x0000000089b00000, 0x0000000089b00000| Complete 
| 156|0x0000000089c00000, 0x0000000089d00000, 0x0000000089d00000|100%| E|CS|TAMS 0x0000000089c00000, 0x0000000089c00000| Complete 
| 157|0x0000000089d00000, 0x0000000089e00000, 0x0000000089e00000|100%| E|CS|TAMS 0x0000000089d00000, 0x0000000089d00000| Complete 
| 158|0x0000000089e00000, 0x0000000089f00000, 0x0000000089f00000|100%| E|CS|TAMS 0x0000000089e00000, 0x0000000089e00000| Complete 
| 159|0x0000000089f00000, 0x000000008a000000, 0x000000008a000000|100%| E|CS|TAMS 0x0000000089f00000, 0x0000000089f00000| Complete 
| 160|0x000000008a000000, 0x000000008a100000, 0x000000008a100000|100%| E|CS|TAMS 0x000000008a000000, 0x000000008a000000| Complete 
| 161|0x000000008a100000, 0x000000008a200000, 0x000000008a200000|100%| E|CS|TAMS 0x000000008a100000, 0x000000008a100000| Complete 
| 162|0x000000008a200000, 0x000000008a300000, 0x000000008a300000|100%| E|CS|TAMS 0x000000008a200000, 0x000000008a200000| Complete 
| 163|0x000000008a300000, 0x000000008a400000, 0x000000008a400000|100%| E|CS|TAMS 0x000000008a300000, 0x000000008a300000| Complete 
| 164|0x000000008a400000, 0x000000008a500000, 0x000000008a500000|100%| E|CS|TAMS 0x000000008a400000, 0x000000008a400000| Complete 
| 165|0x000000008a500000, 0x000000008a600000, 0x000000008a600000|100%| E|CS|TAMS 0x000000008a500000, 0x000000008a500000| Complete 
| 166|0x000000008a600000, 0x000000008a700000, 0x000000008a700000|100%| E|CS|TAMS 0x000000008a600000, 0x000000008a600000| Complete 
| 167|0x000000008a700000, 0x000000008a800000, 0x000000008a800000|100%| E|CS|TAMS 0x000000008a700000, 0x000000008a700000| Complete 
| 168|0x000000008a800000, 0x000000008a900000, 0x000000008a900000|100%| E|CS|TAMS 0x000000008a800000, 0x000000008a800000| Complete 
| 169|0x000000008a900000, 0x000000008aa00000, 0x000000008aa00000|100%| E|CS|TAMS 0x000000008a900000, 0x000000008a900000| Complete 
| 170|0x000000008aa00000, 0x000000008ab00000, 0x000000008ab00000|100%| E|CS|TAMS 0x000000008aa00000, 0x000000008aa00000| Complete 
| 171|0x000000008ab00000, 0x000000008ac00000, 0x000000008ac00000|100%| E|CS|TAMS 0x000000008ab00000, 0x000000008ab00000| Complete 
| 172|0x000000008ac00000, 0x000000008ad00000, 0x000000008ad00000|100%| E|CS|TAMS 0x000000008ac00000, 0x000000008ac00000| Complete 
| 173|0x000000008ad00000, 0x000000008ae00000, 0x000000008ae00000|100%| E|CS|TAMS 0x000000008ad00000, 0x000000008ad00000| Complete 
| 174|0x000000008ae00000, 0x000000008af00000, 0x000000008af00000|100%| E|CS|TAMS 0x000000008ae00000, 0x000000008ae00000| Complete 
| 175|0x000000008af00000, 0x000000008b000000, 0x000000008b000000|100%| E|CS|TAMS 0x000000008af00000, 0x000000008af00000| Complete 
| 176|0x000000008b000000, 0x000000008b100000, 0x000000008b100000|100%| E|CS|TAMS 0x000000008b000000, 0x000000008b000000| Complete 
| 177|0x000000008b100000, 0x000000008b200000, 0x000000008b200000|100%| E|CS|TAMS 0x000000008b100000, 0x000000008b100000| Complete 
| 178|0x000000008b200000, 0x000000008b300000, 0x000000008b300000|100%| E|CS|TAMS 0x000000008b200000, 0x000000008b200000| Complete 
| 179|0x000000008b300000, 0x000000008b400000, 0x000000008b400000|100%| E|CS|TAMS 0x000000008b300000, 0x000000008b300000| Complete 
| 180|0x000000008b400000, 0x000000008b500000, 0x000000008b500000|100%| E|CS|TAMS 0x000000008b400000, 0x000000008b400000| Complete 
| 181|0x000000008b500000, 0x000000008b600000, 0x000000008b600000|100%| E|CS|TAMS 0x000000008b500000, 0x000000008b500000| Complete 
| 182|0x000000008b600000, 0x000000008b700000, 0x000000008b700000|100%| E|CS|TAMS 0x000000008b600000, 0x000000008b600000| Complete 

Card table byte_map: [0x0000027db2cc0000,0x0000027db30c0000] _byte_map_base: 0x0000027db28c0000

Marking Bits (Prev, Next): (CMBitMap*) 0x0000027d9facf3c0, (CMBitMap*) 0x0000027d9facf388
 Prev Bits: [0x0000027db54c0000, 0x0000027db74c0000)
 Next Bits: [0x0000027db34c0000, 0x0000027db54c0000)

Polling page: 0x0000027d9d9a0000

Metaspace:

Usage:
  Non-class:     71.41 MB capacity,    70.09 MB ( 98%) used,     1.08 MB (  2%) free+waste,   236.38 KB ( <1%) overhead. 
      Class:     11.19 MB capacity,    10.40 MB ( 93%) used,   692.78 KB (  6%) free+waste,   108.69 KB ( <1%) overhead. 
       Both:     82.60 MB capacity,    80.50 MB ( 97%) used,     1.76 MB (  2%) free+waste,   345.06 KB ( <1%) overhead. 

Virtual space:
  Non-class space:       72.00 MB reserved,      71.45 MB (>99%) committed 
      Class space:        1.00 GB reserved,      11.25 MB (  1%) committed 
             Both:        1.07 GB reserved,      82.70 MB (  8%) committed 

Chunk freelists:
   Non-Class:  0 bytes
       Class:  1.00 KB
        Both:  1.00 KB

MaxMetaspaceSize: 17179869184.00 GB
CompressedClassSpaceSize: 1.00 GB

CodeHeap 'non-profiled nmethods': size=120000Kb used=5771Kb max_used=5771Kb free=114228Kb
 bounds [0x0000027dab050000, 0x0000027dab600000, 0x0000027db2580000]
CodeHeap 'profiled nmethods': size=120000Kb used=19670Kb max_used=19670Kb free=100329Kb
 bounds [0x0000027da3b20000, 0x0000027da4e60000, 0x0000027dab050000]
CodeHeap 'non-nmethods': size=5760Kb used=2271Kb max_used=2337Kb free=3488Kb
 bounds [0x0000027da3580000, 0x0000027da37f0000, 0x0000027da3b20000]
 total_blobs=10027 nmethods=9156 adapters=782
 compilation: enabled
              stopped_count=0, restarted_count=0
 full_count=0

Compilation events (20 events):
Event: 11.467 Thread 0x0000027db9f3f800 nmethod 9126 0x0000027da4e2d390 code [0x0000027da4e2d5a0, 0x0000027da4e2dad8]
Event: 11.467 Thread 0x0000027db9f3f800 9127       3       org.gradle.internal.vfs.impl.DefaultSnapshotHierarchy::hasDescendantsUnder (11 bytes)
Event: 11.467 Thread 0x0000027dbf9a1000 9110       4       java.util.stream.ReduceOps$3ReducingSink::begin (14 bytes)
Event: 11.467 Thread 0x0000027db9f3f800 nmethod 9127 0x0000027da4e2dc90 code [0x0000027da4e2dec0, 0x0000027da4e2e618]
Event: 11.467 Thread 0x0000027db9f3f800 9129       3       org.gradle.internal.vfs.impl.DefaultSnapshotHierarchy::store (61 bytes)
Event: 11.468 Thread 0x0000027db9f3f800 nmethod 9129 0x0000027da4e2e910 code [0x0000027da4e2eb80, 0x0000027da4e2f678]
Event: 11.468 Thread 0x0000027db9f3f800 9128       3       org.gradle.internal.watch.registry.impl.WatchedHierarchies::contains (16 bytes)
Event: 11.468 Thread 0x0000027db9f3f800 nmethod 9128 0x0000027da4e2fa90 code [0x0000027da4e2fc60, 0x0000027da4e2fef8]
Event: 11.468 Thread 0x0000027db9f3f800 9130       3       sun.nio.ch.FileChannelImpl::endBlocking (13 bytes)
Event: 11.468 Thread 0x0000027dbf9a1000 nmethod 9110 0x0000027dab5ede10 code [0x0000027dab5edfa0, 0x0000027dab5ee0f8]
Event: 11.468 Thread 0x0000027dbf9a1000 9097       4       java.nio.MappedByteBuffer::position (8 bytes)
Event: 11.468 Thread 0x0000027db9f3f800 nmethod 9130 0x0000027da4e30010 code [0x0000027da4e301c0, 0x0000027da4e30328]
Event: 11.468 Thread 0x0000027db9f3f800 9115       3       org.gradle.internal.snapshot.impl.ImplementationSnapshotSerializer$Impl::values (10 bytes)
Event: 11.469 Thread 0x0000027db9f3f800 nmethod 9115 0x0000027da4e30410 code [0x0000027da4e305e0, 0x0000027da4e30868]
Event: 11.469 Thread 0x0000027db9f3f800 9132       3       org.gradle.internal.execution.steps.CaptureStateBeforeExecutionStep$ImplementationsBuilder::visitImplementation (25 bytes)
Event: 11.469 Thread 0x0000027db9f3f800 nmethod 9132 0x0000027da4e30910 code [0x0000027da4e30ae0, 0x0000027da4e30d48]
Event: 11.469 Thread 0x0000027db9f3f800 9131       3       java.util.stream.Collectors::mapMerger (7 bytes)
Event: 11.470 Thread 0x0000027dbf9a1000 nmethod 9097 0x0000027dab5ee190 code [0x0000027dab5ee320, 0x0000027dab5ee3f8]
Event: 11.470 Thread 0x0000027db9f3f800 nmethod 9131 0x0000027da4e30e90 code [0x0000027da4e31080, 0x0000027da4e315f8]
Event: 11.470 Thread 0x0000027dbf9a1000 9064       4       org.gradle.internal.snapshot.FileSystemLocationSnapshot$FileSystemLocationSnapshotVisitor::visitDirectory (1 bytes)

GC Heap History (20 events):
Event: 3.653 GC heap before
{Heap before GC invocations=7 (full 0):
 garbage-first heap   total 129024K, used 28289K [0x0000000080000000, 0x0000000100000000)
  region size 1024K, 13 young (13312K), 5 survivors (5120K)
 Metaspace       used 35028K, capacity 35798K, committed 35840K, reserved 1081344K
  class space    used 4534K, capacity 4832K, committed 4864K, reserved 1048576K
}
Event: 3.662 GC heap after
{Heap after GC invocations=8 (full 0):
 garbage-first heap   total 155648K, used 22120K [0x0000000080000000, 0x0000000100000000)
  region size 1024K, 4 young (4096K), 4 survivors (4096K)
 Metaspace       used 35028K, capacity 35798K, committed 35840K, reserved 1081344K
  class space    used 4534K, capacity 4832K, committed 4864K, reserved 1048576K
}
Event: 4.109 GC heap before
{Heap before GC invocations=9 (full 0):
 garbage-first heap   total 155648K, used 81512K [0x0000000080000000, 0x0000000100000000)
  region size 1024K, 60 young (61440K), 4 survivors (4096K)
 Metaspace       used 38952K, capacity 39898K, committed 40192K, reserved 1083392K
  class space    used 4976K, capacity 5319K, committed 5376K, reserved 1048576K
}
Event: 4.115 GC heap after
{Heap after GC invocations=10 (full 0):
 garbage-first heap   total 155648K, used 26439K [0x0000000080000000, 0x0000000100000000)
  region size 1024K, 8 young (8192K), 8 survivors (8192K)
 Metaspace       used 38952K, capacity 39898K, committed 40192K, reserved 1083392K
  class space    used 4976K, capacity 5319K, committed 5376K, reserved 1048576K
}
Event: 4.674 GC heap before
{Heap before GC invocations=10 (full 0):
 garbage-first heap   total 155648K, used 87879K [0x0000000080000000, 0x0000000100000000)
  region size 1024K, 67 young (68608K), 8 survivors (8192K)
 Metaspace       used 44482K, capacity 45567K, committed 45824K, reserved 1089536K
  class space    used 5711K, capacity 6096K, committed 6144K, reserved 1048576K
}
Event: 4.681 GC heap after
{Heap after GC invocations=11 (full 0):
 garbage-first heap   total 155648K, used 28696K [0x0000000080000000, 0x0000000100000000)
  region size 1024K, 7 young (7168K), 7 survivors (7168K)
 Metaspace       used 44482K, capacity 45567K, committed 45824K, reserved 1089536K
  class space    used 5711K, capacity 6096K, committed 6144K, reserved 1048576K
}
Event: 5.498 GC heap before
{Heap before GC invocations=11 (full 0):
 garbage-first heap   total 155648K, used 96280K [0x0000000080000000, 0x0000000100000000)
  region size 1024K, 70 young (71680K), 7 survivors (7168K)
 Metaspace       used 47937K, capacity 49363K, committed 49408K, reserved 1091584K
  class space    used 6125K, capacity 6615K, committed 6656K, reserved 1048576K
}
Event: 5.507 GC heap after
{Heap after GC invocations=12 (full 0):
 garbage-first heap   total 155648K, used 40792K [0x0000000080000000, 0x0000000100000000)
  region size 1024K, 9 young (9216K), 9 survivors (9216K)
 Metaspace       used 47937K, capacity 49363K, committed 49408K, reserved 1091584K
  class space    used 6125K, capacity 6615K, committed 6656K, reserved 1048576K
}
Event: 6.431 GC heap before
{Heap before GC invocations=12 (full 0):
 garbage-first heap   total 155648K, used 103256K [0x0000000080000000, 0x0000000100000000)
  region size 1024K, 70 young (71680K), 9 survivors (9216K)
 Metaspace       used 57236K, capacity 58688K, committed 59008K, reserved 1099776K
  class space    used 7215K, capacity 7737K, committed 7808K, reserved 1048576K
}
Event: 6.439 GC heap after
{Heap after GC invocations=13 (full 0):
 garbage-first heap   total 187392K, used 44349K [0x0000000080000000, 0x0000000100000000)
  region size 1024K, 3 young (3072K), 3 survivors (3072K)
 Metaspace       used 57236K, capacity 58688K, committed 59008K, reserved 1099776K
  class space    used 7215K, capacity 7737K, committed 7808K, reserved 1048576K
}
Event: 6.549 GC heap before
{Heap before GC invocations=13 (full 0):
 garbage-first heap   total 187392K, used 49469K [0x0000000080000000, 0x0000000100000000)
  region size 1024K, 9 young (9216K), 3 survivors (3072K)
 Metaspace       used 58415K, capacity 59985K, committed 60160K, reserved 1101824K
  class space    used 7378K, capacity 7936K, committed 7936K, reserved 1048576K
}
Event: 6.553 GC heap after
{Heap after GC invocations=14 (full 0):
 garbage-first heap   total 187392K, used 44202K [0x0000000080000000, 0x0000000100000000)
  region size 1024K, 3 young (3072K), 3 survivors (3072K)
 Metaspace       used 58415K, capacity 59985K, committed 60160K, reserved 1101824K
  class space    used 7378K, capacity 7936K, committed 7936K, reserved 1048576K
}
Event: 7.373 GC heap before
{Heap before GC invocations=15 (full 0):
 garbage-first heap   total 187392K, used 115882K [0x0000000080000000, 0x0000000100000000)
  region size 1024K, 73 young (74752K), 3 survivors (3072K)
 Metaspace       used 64301K, capacity 65838K, committed 65996K, reserved 1105920K
  class space    used 8134K, capacity 8698K, committed 8704K, reserved 1048576K
}
Event: 7.379 GC heap after
{Heap after GC invocations=16 (full 0):
 garbage-first heap   total 187392K, used 49853K [0x0000000080000000, 0x0000000100000000)
  region size 1024K, 9 young (9216K), 9 survivors (9216K)
 Metaspace       used 64301K, capacity 65838K, committed 65996K, reserved 1105920K
  class space    used 8134K, capacity 8698K, committed 8704K, reserved 1048576K
}
Event: 8.176 GC heap before
{Heap before GC invocations=16 (full 0):
 garbage-first heap   total 187392K, used 123581K [0x0000000080000000, 0x0000000100000000)
  region size 1024K, 81 young (82944K), 9 survivors (9216K)
 Metaspace       used 69923K, capacity 71587K, committed 71884K, reserved 1112064K
  class space    used 8997K, capacity 9604K, committed 9728K, reserved 1048576K
}
Event: 8.186 GC heap after
{Heap after GC invocations=17 (full 0):
 garbage-first heap   total 187392K, used 55622K [0x0000000080000000, 0x0000000100000000)
  region size 1024K, 6 young (6144K), 6 survivors (6144K)
 Metaspace       used 69923K, capacity 71587K, committed 71884K, reserved 1112064K
  class space    used 8997K, capacity 9604K, committed 9728K, reserved 1048576K
}
Event: 9.058 GC heap before
{Heap before GC invocations=17 (full 0):
 garbage-first heap   total 187392K, used 133446K [0x0000000080000000, 0x0000000100000000)
  region size 1024K, 82 young (83968K), 6 survivors (6144K)
 Metaspace       used 76414K, capacity 78263K, committed 78412K, reserved 1118208K
  class space    used 9930K, capacity 10594K, committed 10624K, reserved 1048576K
}
Event: 9.067 GC heap after
{Heap after GC invocations=18 (full 0):
 garbage-first heap   total 187392K, used 59897K [0x0000000080000000, 0x0000000100000000)
  region size 1024K, 11 young (11264K), 11 survivors (11264K)
 Metaspace       used 76414K, capacity 78263K, committed 78412K, reserved 1118208K
  class space    used 9930K, capacity 10594K, committed 10624K, reserved 1048576K
}
Event: 10.514 GC heap before
{Heap before GC invocations=18 (full 0):
 garbage-first heap   total 187392K, used 135673K [0x0000000080000000, 0x0000000100000000)
  region size 1024K, 86 young (88064K), 11 survivors (11264K)
 Metaspace       used 81696K, capacity 83868K, committed 84044K, reserved 1122304K
  class space    used 10603K, capacity 11389K, committed 11392K, reserved 1048576K
}
Event: 10.530 GC heap after
{Heap after GC invocations=19 (full 0):
 garbage-first heap   total 187392K, used 67437K [0x0000000080000000, 0x0000000100000000)
  region size 1024K, 11 young (11264K), 11 survivors (11264K)
 Metaspace       used 81696K, capacity 83868K, committed 84044K, reserved 1122304K
  class space    used 10603K, capacity 11389K, committed 11392K, reserved 1048576K
}

Deoptimization events (20 events):
Event: 11.431 Thread 0x0000027dbc22e000 Uncommon trap: trap_request=0xffffffde fr.pc=0x0000027dab5e0e34 relative=0x0000000000000274
Event: 11.431 Thread 0x0000027dbc22e000 Uncommon trap: reason=class_check action=maybe_recompile pc=0x0000027dab5e0e34 method=java.util.concurrent.ConcurrentHashMap.get(Ljava/lang/Object;)Ljava/lang/Object; @ 93 c2
Event: 11.431 Thread 0x0000027dbc22e000 DEOPT PACKING pc=0x0000027dab5e0e34 sp=0x000000b67d8f8b90
Event: 11.431 Thread 0x0000027dbc22e000 DEOPT UNPACKING pc=0x0000027da35a78af sp=0x000000b67d8f8af8 mode 2
Event: 11.431 Thread 0x0000027dbc22e000 Uncommon trap: trap_request=0xffffffde fr.pc=0x0000027dab5e0e34 relative=0x0000000000000274
Event: 11.431 Thread 0x0000027dbc22e000 Uncommon trap: reason=class_check action=maybe_recompile pc=0x0000027dab5e0e34 method=java.util.concurrent.ConcurrentHashMap.get(Ljava/lang/Object;)Ljava/lang/Object; @ 93 c2
Event: 11.431 Thread 0x0000027dbc22e000 DEOPT PACKING pc=0x0000027dab5e0e34 sp=0x000000b67d8f8730
Event: 11.431 Thread 0x0000027dbc22e000 DEOPT UNPACKING pc=0x0000027da35a78af sp=0x000000b67d8f8698 mode 2
Event: 11.432 Thread 0x0000027dc0031800 Uncommon trap: trap_request=0xffffff4d fr.pc=0x0000027dab101da4 relative=0x0000000000001224
Event: 11.432 Thread 0x0000027dc0031800 Uncommon trap: reason=unstable_if action=reinterpret pc=0x0000027dab101da4 method=java.util.concurrent.ConcurrentHashMap.transfer([Ljava/util/concurrent/ConcurrentHashMap$Node;[Ljava/util/concurrent/ConcurrentHashMap$Node;)V @ 347 c2
Event: 11.432 Thread 0x0000027dc0031800 DEOPT PACKING pc=0x0000027dab101da4 sp=0x000000b67f9fd900
Event: 11.432 Thread 0x0000027dc0031800 DEOPT UNPACKING pc=0x0000027da35a78af sp=0x000000b67f9fd890 mode 2
Event: 11.432 Thread 0x0000027dbc22e000 Uncommon trap: trap_request=0xffffffde fr.pc=0x0000027dab5e0e34 relative=0x0000000000000274
Event: 11.432 Thread 0x0000027dbc22e000 Uncommon trap: reason=class_check action=maybe_recompile pc=0x0000027dab5e0e34 method=java.util.concurrent.ConcurrentHashMap.get(Ljava/lang/Object;)Ljava/lang/Object; @ 93 c2
Event: 11.432 Thread 0x0000027dbc22e000 DEOPT PACKING pc=0x0000027dab5e0e34 sp=0x000000b67d8f8b90
Event: 11.432 Thread 0x0000027dbc22e000 DEOPT UNPACKING pc=0x0000027da35a78af sp=0x000000b67d8f8af8 mode 2
Event: 11.433 Thread 0x0000027dbc22e000 Uncommon trap: trap_request=0xffffffde fr.pc=0x0000027dab5e0e34 relative=0x0000000000000274
Event: 11.433 Thread 0x0000027dbc22e000 Uncommon trap: reason=class_check action=maybe_recompile pc=0x0000027dab5e0e34 method=java.util.concurrent.ConcurrentHashMap.get(Ljava/lang/Object;)Ljava/lang/Object; @ 93 c2
Event: 11.433 Thread 0x0000027dbc22e000 DEOPT PACKING pc=0x0000027dab5e0e34 sp=0x000000b67d8f8b90
Event: 11.433 Thread 0x0000027dbc22e000 DEOPT UNPACKING pc=0x0000027da35a78af sp=0x000000b67d8f8af8 mode 2

Classes redefined (0 events):
No events

Internal exceptions (20 events):
Event: 9.518 Thread 0x0000027dbc22e000 Exception <a 'java/lang/NoSuchMethodError'{0x000000008920f958}: <clinit>> (0x000000008920f958) thrown at [./src/hotspot/share/prims/jni.cpp, line 1362]
Event: 9.555 Thread 0x0000027dbc22e000 Exception <a 'sun/nio/fs/WindowsException'{0x000000008901a800}> (0x000000008901a800) thrown at [./src/hotspot/share/prims/jni.cpp, line 615]
Event: 9.617 Thread 0x0000027dbcd6c800 Exception <a 'java/lang/NoSuchMethodError'{0x0000000088b86b20}: <clinit>> (0x0000000088b86b20) thrown at [./src/hotspot/share/prims/jni.cpp, line 1362]
Event: 9.617 Thread 0x0000027dbcd6c800 Exception <a 'java/lang/NoSuchMethodError'{0x0000000088b90b00}: <clinit>> (0x0000000088b90b00) thrown at [./src/hotspot/share/prims/jni.cpp, line 1362]
Event: 9.621 Thread 0x0000027dbcd6c800 Exception <a 'java/lang/NoSuchMethodError'{0x0000000088b9bcf8}: <clinit>> (0x0000000088b9bcf8) thrown at [./src/hotspot/share/prims/jni.cpp, line 1362]
Event: 9.623 Thread 0x0000027dbcd6c800 Exception <a 'java/lang/NoSuchMethodError'{0x0000000088bacdf8}: <clinit>> (0x0000000088bacdf8) thrown at [./src/hotspot/share/prims/jni.cpp, line 1362]
Event: 9.623 Thread 0x0000027dbcd6c800 Exception <a 'java/lang/NoSuchMethodError'{0x0000000088bae358}: <clinit>> (0x0000000088bae358) thrown at [./src/hotspot/share/prims/jni.cpp, line 1362]
Event: 9.643 Thread 0x0000027dbf9a2800 Exception <a 'java/lang/NoSuchMethodError'{0x00000000889e87b8}: <clinit>> (0x00000000889e87b8) thrown at [./src/hotspot/share/prims/jni.cpp, line 1362]
Event: 9.646 Thread 0x0000027dbf9a2800 Exception <a 'java/lang/NoSuchMethodError'{0x00000000889fcbd0}: <clinit>> (0x00000000889fcbd0) thrown at [./src/hotspot/share/prims/jni.cpp, line 1362]
Event: 9.648 Thread 0x0000027dbf9a2800 Exception <a 'java/lang/NoSuchMethodError'{0x0000000088897508}: <clinit>> (0x0000000088897508) thrown at [./src/hotspot/share/prims/jni.cpp, line 1362]
Event: 10.093 Thread 0x0000027dbcd6c800 Exception <a 'java/lang/NoSuchMethodError'{0x0000000088507520}: <clinit>> (0x0000000088507520) thrown at [./src/hotspot/share/prims/jni.cpp, line 1362]
Event: 10.126 Thread 0x0000027dbc22e000 Exception <a 'java/lang/NoSuchMethodError'{0x000000008840e880}: 'java.lang.Object java.lang.invoke.Invokers$Holder.linkToTargetMethod(java.lang.Object, java.lang.Object, java.lang.Object, int, java.lang.Object, java.lang.Object)'> (0x000000008840e880) thrown at [./src/hotspot/share/interpreter/linkResolver.cpp, line 773]
Event: 10.214 Thread 0x0000027dbc22e000 Exception <a 'java/lang/IncompatibleClassChangeError'{0x0000000088476d90}: Found class java.lang.Object, but interface was expected> (0x0000000088476d90) thrown at [./src/hotspot/share/interpreter/linkResolver.cpp, line 839]
Event: 10.228 Thread 0x0000027dbc22e000 Exception <a 'java/lang/NoSuchMethodError'{0x0000000088271680}: 'int java.lang.invoke.DirectMethodHandle$Holder.invokeStaticInit(java.lang.Object, java.lang.Object, java.lang.Object, java.lang.Object, java.lang.Object)'> (0x0000000088271680) thrown at [./src/hotspot/share/interpreter/linkResolver.cpp, line 773]
Event: 10.437 Thread 0x0000027dc002b000 Exception <a 'java/lang/NoSuchMethodError'{0x0000000087583740}: 'java.lang.Object java.lang.invoke.DirectMethodHandle$Holder.invokeSpecialIFC(java.lang.Object, java.lang.Object, java.lang.Object)'> (0x0000000087583740) thrown at [./src/hotspot/share/interpreter/linkResolver.cpp, line 773]
Event: 10.437 Thread 0x0000027dc002c800 Exception <a 'java/lang/NoSuchMethodError'{0x00000000875c9620}: 'java.lang.Object java.lang.invoke.DirectMethodHandle$Holder.invokeSpecialIFC(java.lang.Object, java.lang.Object, java.lang.Object)'> (0x00000000875c9620) thrown at [./src/hotspot/share/interpreter/linkResolver.cpp, line 773]
Event: 10.437 Thread 0x0000027dc0031800 Exception <a 'java/lang/NoSuchMethodError'{0x000000008756b258}: 'java.lang.Object java.lang.invoke.DirectMethodHandle$Holder.invokeSpecialIFC(java.lang.Object, java.lang.Object, java.lang.Object)'> (0x000000008756b258) thrown at [./src/hotspot/share/interpreter/linkResolver.cpp, line 773]
Event: 10.437 Thread 0x0000027dc0033000 Exception <a 'java/lang/NoSuchMethodError'{0x00000000875b2698}: 'java.lang.Object java.lang.invoke.DirectMethodHandle$Holder.invokeSpecialIFC(java.lang.Object, java.lang.Object, java.lang.Object)'> (0x00000000875b2698) thrown at [./src/hotspot/share/interpreter/linkResolver.cpp, line 773]
Event: 10.746 Thread 0x0000027dc0034000 Exception <a 'java/lang/NoSuchMethodError'{0x000000008a6acdf8}: 'void java.lang.invoke.DirectMethodHandle$Holder.invokeVirtual(java.lang.Object, java.lang.Object)'> (0x000000008a6acdf8) thrown at [./src/hotspot/share/interpreter/linkResolver.cpp, line 773]
Event: 10.746 Thread 0x0000027dc002c800 Exception <a 'java/lang/NoSuchMethodError'{0x000000008a4300a8}: 'void java.lang.invoke.DirectMethodHandle$Holder.invokeVirtual(java.lang.Object, java.lang.Object)'> (0x000000008a4300a8) thrown at [./src/hotspot/share/interpreter/linkResolver.cpp, line 773]

Events (20 events):
Event: 11.365 loading class com/google/common/collect/Maps$FilteredEntryMap$EntrySet
Event: 11.365 loading class com/google/common/collect/Maps$FilteredEntryMap$EntrySet done
Event: 11.365 loading class com/google/common/collect/ForwardingSet
Event: 11.365 loading class com/google/common/collect/ForwardingSet done
Event: 11.366 loading class com/google/common/collect/ForwardingCollection
Event: 11.366 loading class com/google/common/collect/ForwardingCollection done
Event: 11.366 loading class com/google/common/collect/ForwardingObject
Event: 11.366 loading class com/google/common/collect/ForwardingObject done
Event: 11.367 loading class com/google/common/collect/Maps$FilteredEntryMap$EntrySet$1
Event: 11.367 loading class com/google/common/collect/Maps$FilteredEntryMap$EntrySet$1 done
Event: 11.367 loading class com/google/common/collect/Maps$FilteredEntryMap$EntrySet$1$1
Event: 11.367 loading class com/google/common/collect/Maps$FilteredEntryMap$EntrySet$1$1 done
Event: 11.367 loading class com/google/common/collect/ForwardingMapEntry
Event: 11.367 loading class com/google/common/collect/ForwardingMapEntry done
Event: 11.368 loading class org/gradle/internal/execution/history/changes/DefaultIncrementalInputProperties
Event: 11.368 loading class org/gradle/internal/execution/history/changes/DefaultIncrementalInputProperties done
Event: 11.368 loading class org/gradle/internal/execution/history/changes/DefaultIncrementalInputProperties
Event: 11.368 loading class org/gradle/internal/execution/history/changes/DefaultIncrementalInputProperties done
Event: 11.368 Executing VM operation: ICBufferFull
Event: 11.368 Executing VM operation: ICBufferFull done


Dynamic libraries:
0x00007ff6b9e70000 - 0x00007ff6b9e7a000 	C:\Program Files\Android\Android Studio\jre\bin\java.exe
0x00007ffe03470000 - 0x00007ffe03665000 	C:\WINDOWS\SYSTEM32\ntdll.dll
0x00007ffe02f00000 - 0x00007ffe02fbd000 	C:\WINDOWS\System32\KERNEL32.DLL
0x00007ffe00c50000 - 0x00007ffe00f19000 	C:\WINDOWS\System32\KERNELBASE.dll
0x00007ffe012e0000 - 0x00007ffe013e0000 	C:\WINDOWS\System32\ucrtbase.dll
0x00007ffdfbb00000 - 0x00007ffdfbb17000 	C:\Program Files\Android\Android Studio\jre\bin\VCRUNTIME140.dll
0x00007ffdfbae0000 - 0x00007ffdfbaf9000 	C:\Program Files\Android\Android Studio\jre\bin\jli.dll
0x00007ffe02fc0000 - 0x00007ffe03160000 	C:\WINDOWS\System32\USER32.dll
0x00007ffe00ba0000 - 0x00007ffe00bc2000 	C:\WINDOWS\System32\win32u.dll
0x00007ffdecfb0000 - 0x00007ffded24a000 	C:\WINDOWS\WinSxS\amd64_microsoft.windows.common-controls_6595b64144ccf1df_6.0.19041.1110_none_60b5254171f9507e\COMCTL32.dll
0x00007ffe01590000 - 0x00007ffe015ba000 	C:\WINDOWS\System32\GDI32.dll
0x00007ffe015c0000 - 0x00007ffe0165e000 	C:\WINDOWS\System32\msvcrt.dll
0x00007ffe00fd0000 - 0x00007ffe010db000 	C:\WINDOWS\System32\gdi32full.dll
0x00007ffe01240000 - 0x00007ffe012dd000 	C:\WINDOWS\System32\msvcp_win.dll
0x00007ffe01f00000 - 0x00007ffe01f30000 	C:\WINDOWS\System32\IMM32.DLL
0x00007ffdd9a80000 - 0x00007ffdd9b1d000 	C:\Program Files\Android\Android Studio\jre\bin\msvcp140.dll
0x00007ffd96bd0000 - 0x00007ffd9769f000 	C:\Program Files\Android\Android Studio\jre\bin\server\jvm.dll
0x00007ffe032f0000 - 0x00007ffe0339c000 	C:\WINDOWS\System32\ADVAPI32.dll
0x00007ffe01d80000 - 0x00007ffe01e1b000 	C:\WINDOWS\System32\sechost.dll
0x00007ffe03160000 - 0x00007ffe0328a000 	C:\WINDOWS\System32\RPCRT4.dll
0x00007ffe014d0000 - 0x00007ffe014d8000 	C:\WINDOWS\System32\PSAPI.DLL
0x00007ffdf8fb0000 - 0x00007ffdf8fba000 	C:\WINDOWS\SYSTEM32\VERSION.dll
0x00007ffde9730000 - 0x00007ffde9757000 	C:\WINDOWS\SYSTEM32\WINMM.dll
0x00007ffdfbb50000 - 0x00007ffdfbb59000 	C:\WINDOWS\SYSTEM32\WSOCK32.dll
0x00007ffe01ca0000 - 0x00007ffe01d0b000 	C:\WINDOWS\System32\ws2_32.DLL
0x00007ffdfea90000 - 0x00007ffdfeaa2000 	C:\WINDOWS\SYSTEM32\kernel.appcore.dll
0x00007ffdfbb30000 - 0x00007ffdfbb41000 	C:\Program Files\Android\Android Studio\jre\bin\verify.dll
0x00007ffdec8e0000 - 0x00007ffdecac4000 	C:\WINDOWS\SYSTEM32\DBGHELP.DLL
0x00007ffde96d0000 - 0x00007ffde96fc000 	C:\WINDOWS\SYSTEM32\dbgcore.DLL
0x00007ffe013e0000 - 0x00007ffe01463000 	C:\WINDOWS\System32\bcryptPrimitives.dll
0x00007ffdfa2f0000 - 0x00007ffdfa319000 	C:\Program Files\Android\Android Studio\jre\bin\java.dll
0x00007ffdfbb20000 - 0x00007ffdfbb2b000 	C:\Program Files\Android\Android Studio\jre\bin\jimage.dll
0x00007ffdfb490000 - 0x00007ffdfb4a8000 	C:\Program Files\Android\Android Studio\jre\bin\zip.dll
0x00007ffe027c0000 - 0x00007ffe02eff000 	C:\WINDOWS\System32\SHELL32.dll
0x00007ffdfec90000 - 0x00007ffdff420000 	C:\WINDOWS\SYSTEM32\windows.storage.dll
0x00007ffe02050000 - 0x00007ffe023a5000 	C:\WINDOWS\System32\combase.dll
0x00007ffe00600000 - 0x00007ffe0062c000 	C:\WINDOWS\SYSTEM32\Wldp.dll
0x00007ffe02710000 - 0x00007ffe027be000 	C:\WINDOWS\System32\SHCORE.dll
0x00007ffe01d10000 - 0x00007ffe01d65000 	C:\WINDOWS\System32\shlwapi.dll
0x00007ffe00ae0000 - 0x00007ffe00aff000 	C:\WINDOWS\SYSTEM32\profapi.dll
0x00007ffdeceb0000 - 0x00007ffdececa000 	C:\Program Files\Android\Android Studio\jre\bin\net.dll
0x00007ffdef3a0000 - 0x00007ffdef4a8000 	C:\WINDOWS\SYSTEM32\WINHTTP.dll
0x00007ffe00360000 - 0x00007ffe003ca000 	C:\WINDOWS\system32\mswsock.dll
0x00007ffdece90000 - 0x00007ffdecea4000 	C:\Program Files\Android\Android Studio\jre\bin\nio.dll
0x00007ffde5360000 - 0x00007ffde5387000 	C:\Users\ANKIT\.gradle\native\8bec1ad78214c89d9ad589b4d07fe93259594b29d510b10fafb7a158f7737e5d\windows-amd64\native-platform.dll
0x00007ffde4b90000 - 0x00007ffde4ccd000 	C:\Users\ANKIT\.gradle\native\53dbd7edfb1c66fb8903c78663c9afc45aea4f116125fa6feffd364cf09443e8\windows-amd64\native-platform-file-events.dll
0x00007ffdfae60000 - 0x00007ffdfae6a000 	C:\Program Files\Android\Android Studio\jre\bin\management.dll
0x00007ffdfa260000 - 0x00007ffdfa26c000 	C:\Program Files\Android\Android Studio\jre\bin\management_ext.dll
0x00007ffe00550000 - 0x00007ffe00568000 	C:\WINDOWS\SYSTEM32\CRYPTSP.dll
0x00007ffdffc70000 - 0x00007ffdffca4000 	C:\WINDOWS\system32\rsaenh.dll
0x00007ffe00c20000 - 0x00007ffe00c47000 	C:\WINDOWS\System32\bcrypt.dll
0x00007ffe00aa0000 - 0x00007ffe00ace000 	C:\WINDOWS\SYSTEM32\USERENV.dll
0x00007ffe00570000 - 0x00007ffe0057c000 	C:\WINDOWS\SYSTEM32\CRYPTBASE.dll
0x00007ffe00000000 - 0x00007ffe0003b000 	C:\WINDOWS\SYSTEM32\IPHLPAPI.DLL
0x00007ffe01d70000 - 0x00007ffe01d78000 	C:\WINDOWS\System32\NSI.dll
0x00007ffdf8750000 - 0x00007ffdf8767000 	C:\WINDOWS\SYSTEM32\dhcpcsvc6.DLL
0x00007ffdf9180000 - 0x00007ffdf919d000 	C:\WINDOWS\SYSTEM32\dhcpcsvc.DLL
0x00007ffe00050000 - 0x00007ffe0011c000 	C:\WINDOWS\SYSTEM32\DNSAPI.dll

dbghelp: loaded successfully - version: 4.0.5 - missing functions: none
symbol engine: initialized successfully - sym options: 0x614 - pdb path: .;C:\Program Files\Android\Android Studio\jre\bin;C:\WINDOWS\SYSTEM32;C:\WINDOWS\WinSxS\amd64_microsoft.windows.common-controls_6595b64144ccf1df_6.0.19041.1110_none_60b5254171f9507e;C:\Program Files\Android\Android Studio\jre\bin\server;C:\Users\ANKIT\.gradle\native\8bec1ad78214c89d9ad589b4d07fe93259594b29d510b10fafb7a158f7737e5d\windows-amd64;C:\Users\ANKIT\.gradle\native\53dbd7edfb1c66fb8903c78663c9afc45aea4f116125fa6feffd364cf09443e8\windows-amd64

VM Arguments:
jvm_args: --add-opens=java.base/java.util=ALL-UNNAMED --add-opens=java.base/java.lang=ALL-UNNAMED --add-opens=java.base/java.lang.invoke=ALL-UNNAMED --add-opens=java.base/java.util=ALL-UNNAMED --add-opens=java.prefs/java.util.prefs=ALL-UNNAMED --add-opens=java.prefs/java.util.prefs=ALL-UNNAMED --add-opens=java.base/java.nio.charset=ALL-UNNAMED --add-opens=java.base/java.net=ALL-UNNAMED --add-opens=java.base/java.util.concurrent.atomic=ALL-UNNAMED -Xmx2048m -Dfile.encoding=UTF-8 -Duser.country=IN -Duser.language=en -Duser.variant 
java_command: org.gradle.launcher.daemon.bootstrap.GradleDaemon 7.0.2
java_class_path (initial): C:\Users\ANKIT\.gradle\wrapper\dists\gradle-7.0.2-bin\857tjihv64xamwrf0h14cai3r\gradle-7.0.2\lib\gradle-launcher-7.0.2.jar
Launcher Type: SUN_STANDARD

[Global flags]
     intx CICompilerCount                          = 4                                         {product} {ergonomic}
     uint ConcGCThreads                            = 2                                         {product} {ergonomic}
     uint G1ConcRefinementThreads                  = 8                                         {product} {ergonomic}
   size_t G1HeapRegionSize                         = 1048576                                   {product} {ergonomic}
    uintx GCDrainStackTargetSize                   = 64                                        {product} {ergonomic}
   size_t InitialHeapSize                          = 132120576                                 {product} {ergonomic}
   size_t MarkStackSize                            = 4194304                                   {product} {ergonomic}
   size_t MaxHeapSize                              = 2147483648                                {product} {command line}
   size_t MaxNewSize                               = 1287651328                                {product} {ergonomic}
   size_t MinHeapDeltaBytes                        = 1048576                                   {product} {ergonomic}
    uintx NonNMethodCodeHeapSize                   = 5836300                                {pd product} {ergonomic}
    uintx NonProfiledCodeHeapSize                  = 122910970                              {pd product} {ergonomic}
    uintx ProfiledCodeHeapSize                     = 122910970                              {pd product} {ergonomic}
    uintx ReservedCodeCacheSize                    = 251658240                              {pd product} {ergonomic}
     bool SegmentedCodeCache                       = true                                      {product} {ergonomic}
     bool UseCompressedClassPointers               = true                                 {lp64_product} {ergonomic}
     bool UseCompressedOops                        = true                                 {lp64_product} {ergonomic}
     bool UseG1GC                                  = true                                      {product} {ergonomic}
     bool UseLargePagesIndividualAllocation        = false                                  {pd product} {ergonomic}

Logging:
Log output configuration:
 #0: stdout all=warning uptime,level,tags
 #1: stderr all=off uptime,level,tags

Environment Variables:
PATH=C:\WINDOWS\system32;C:\WINDOWS;C:\WINDOWS\System32\Wbem;C:\WINDOWS\System32\WindowsPowerShell\v1.0\;C:\WINDOWS\System32\OpenSSH\;C:\Program Files (x86)\Intel\Intel(R) Management Engine Components\DAL;C:\Program Files\Intel\Intel(R) Management Engine Components\DAL;C:\Program Files\Microsoft SQL Server\130\Tools\Binn\;C:\Program Files (x86)\NVIDIA Corporation\PhysX\Common;C:\Program Files\NVIDIA Corporation\NVIDIA NvDLISR;C:\Program Files\Java\jdk-14.0.2\bin;C:\WINDOWS\system32;C:\WINDOWS;C:\WINDOWS\System32\Wbem;C:\WINDOWS\System32\WindowsPowerShell\v1.0\;C:\WINDOWS\System32\OpenSSH\;C:\Program Files (x86)\dotnet\;C:\Users\ANKIT\AppData\Local\Programs\Python\Python37-32\Scripts\;C:\Users\ANKIT\AppData\Local\Programs\Python\Python37-32\;C:\Users\ANKIT\AppData\Local\Microsoft\WindowsApps;C:\Program Files\JetBrains\IntelliJ IDEA Community Edition 2020.2.1\bin;C:\Users\ANKIT\AppData\Local\Microsoft\WindowsApps;C:\src\flutter\bin;C:\Program Files\JetBrains\CLion 2021.2\bin;
USERNAME=ANKIT
OS=Windows_NT
PROCESSOR_IDENTIFIER=Intel64 Family 6 Model 158 Stepping 10, GenuineIntel



---------------  S Y S T E M  ---------------

OS: Windows 10 , 64 bit Build 19041 (10.0.19041.1151)
OS uptime: 0 days 9:45 hours

CPU:total 8 (initial active 8) (4 cores per cpu, 2 threads per core) family 6 model 158 stepping 10 microcode 0xb4, cmov, cx8, fxsr, mmx, sse, sse2, sse3, ssse3, sse4.1, sse4.2, popcnt, avx, avx2, aes, clmul, erms, 3dnowpref, lzcnt, ht, tsc, tscinvbit, bmi1, bmi2, adx, fma

Memory: 4k page, system-wide physical 8032M (961M free)
TotalPageFile size 13032M (AvailPageFile size 5M)
current process WorkingSet (physical memory assigned to process): 417M, peak: 423M
current process commit charge ("private bytes"): 462M, peak: 476M

vm_info: OpenJDK 64-Bit Server VM (11.0.10+0-b96-7249189) for windows-amd64 JRE (11.0.10+0-b96-7249189), built on Mar 31 2021 21:44:00 by "builder" with MS VC++ 14.0 (VS2015)

END.
