#
# There is insufficient memory for the Java Runtime Environment to continue.
# Native memory allocation (malloc) failed to allocate 402256 bytes for Chunk::new
# Possible reasons:
#   The system is out of physical RAM or swap space
#   The process is running with CompressedOops enabled, and the Java Heap may be blocking the growth of the native heap
# Possible solutions:
#   Reduce memory load on the system
#   Increase physical memory or swap space
#   Check if swap backing store is full
#   Decrease Java heap size (-Xmx/-Xms)
#   Decrease number of Java threads
#   Decrease Java thread stack sizes (-Xss)
#   Set larger code cache with -XX:ReservedCodeCacheSize=
#   JVM is running with Unscaled Compressed Oops mode in which the Java heap is
#     placed in the first 4GB address space. The Java Heap base address is the
#     maximum limit for the native heap growth. Please use -XX:HeapBaseMinAddress
#     to set the Java Heap base and to place the Java Heap above 4GB virtual address.
# This output file may be truncated or incomplete.
#
#  Out of Memory Error (./src/hotspot/share/memory/arena.cpp:197), pid=13328, tid=10388
#
# JRE version: OpenJDK Runtime Environment (11.0.10) (build 11.0.10+0-b96-7249189)
# Java VM: OpenJDK 64-Bit Server VM (11.0.10+0-b96-7249189, mixed mode, tiered, compressed oops, g1 gc, windows-amd64)
# No core dump will be written. Minidumps are not enabled by default on client versions of Windows
#

---------------  S U M M A R Y ------------

Command Line: --add-opens=java.base/java.util=ALL-UNNAMED --add-opens=java.base/java.lang=ALL-UNNAMED --add-opens=java.base/java.lang.invoke=ALL-UNNAMED --add-opens=java.base/java.util=ALL-UNNAMED --add-opens=java.prefs/java.util.prefs=ALL-UNNAMED --add-opens=java.prefs/java.util.prefs=ALL-UNNAMED --add-opens=java.base/java.nio.charset=ALL-UNNAMED --add-opens=java.base/java.net=ALL-UNNAMED --add-opens=java.base/java.util.concurrent.atomic=ALL-UNNAMED -Xmx2048m -Dfile.encoding=UTF-8 -Duser.country=IN -Duser.language=en -Duser.variant org.gradle.launcher.daemon.bootstrap.GradleDaemon 7.0.2

Host: Intel(R) Core(TM) i5-8300H CPU @ 2.30GHz, 8 cores, 7G,  Windows 10 , 64 bit Build 19041 (10.0.19041.1151)
Time: Fri Sep  3 00:01:39 2021 India Standard Time elapsed time: 10.137759 seconds (0d 0h 0m 10s)

---------------  T H R E A D  ---------------

Current thread (0x0000017a1b50c800):  JavaThread "C2 CompilerThread0" daemon [_thread_in_native, id=10388, stack(0x0000000553300000,0x0000000553400000)]


Current CompileTask:
C2:  10137 10111   !   4       jdk.internal.loader.BuiltinClassLoader::loadClassOrNull (143 bytes)

Stack: [0x0000000553300000,0x0000000553400000]
Native frames: (J=compiled Java code, j=interpreted, Vv=VM code, C=native code)
V  [jvm.dll+0x5ecfaa]
V  [jvm.dll+0x722bd5]
V  [jvm.dll+0x72412d]
V  [jvm.dll+0x7247e3]
V  [jvm.dll+0x242928]
V  [jvm.dll+0xbc4fc]
V  [jvm.dll+0xbca0c]
V  [jvm.dll+0x352d7d]
V  [jvm.dll+0x320ad3]
V  [jvm.dll+0x31ffca]
V  [jvm.dll+0x1fb602]
V  [jvm.dll+0x1fa7f4]
V  [jvm.dll+0x18354c]
V  [jvm.dll+0x208ee7]
V  [jvm.dll+0x207731]
V  [jvm.dll+0x6eb1cf]
V  [jvm.dll+0x6e3d45]
V  [jvm.dll+0x5ebe96]
C  [ucrtbase.dll+0x21bb2]
C  [KERNEL32.DLL+0x17034]
C  [ntdll.dll+0x52651]


---------------  P R O C E S S  ---------------

Threads class SMR info:
_java_thread_list=0x0000017a1c32b3d0, length=62, elements={
0x0000017a7ee5b000, 0x0000017a1ab83000, 0x0000017a1ab8c800, 0x0000017a1b503800,
0x0000017a1b505000, 0x0000017a1b508000, 0x0000017a1b50c800, 0x0000017a1b50d800,
0x0000017a1b50f000, 0x0000017a1b671800, 0x0000017a1d4d4800, 0x0000017a1b841000,
0x0000017a1dd96800, 0x0000017a1df14800, 0x0000017a1cc79800, 0x0000017a1d3f0000,
0x0000017a1cf06000, 0x0000017a1cf1c000, 0x0000017a1e8ed800, 0x0000017a1e8f1000,
0x0000017a1e8ee800, 0x0000017a1e8ef000, 0x0000017a1e8f0000, 0x0000017a1e8ec800,
0x0000017a1e8f1800, 0x0000017a1e8f2800, 0x0000017a1e8f3000, 0x0000017a1d62f800,
0x0000017a1d62e000, 0x0000017a1d62f000, 0x0000017a1d62c800, 0x0000017a1d631000,
0x0000017a1d62b800, 0x0000017a1d633000, 0x0000017a1d638000, 0x0000017a1d632000,
0x0000017a1d639800, 0x0000017a1d633800, 0x0000017a1d638800, 0x0000017a1d636000,
0x0000017a1d63a000, 0x0000017a20dd4800, 0x0000017a20dd5800, 0x0000017a20dd6800,
0x0000017a20dd7000, 0x0000017a20dd8000, 0x0000017a20dd9000, 0x0000017a20dd3000,
0x0000017a20dd9800, 0x0000017a20dd4000, 0x0000017a20dde800, 0x0000017a20dda800,
0x0000017a20ddd800, 0x0000017a20de0000, 0x0000017a20de1000, 0x0000017a20ddb000,
0x0000017a20ddc000, 0x0000017a20de2000, 0x0000017a1d953800, 0x0000017a1d956800,
0x0000017a1d95a000, 0x0000017a1d958800
}

Java Threads: ( => current thread )
  0x0000017a7ee5b000 JavaThread "main" [_thread_blocked, id=1756, stack(0x0000000552700000,0x0000000552800000)]
  0x0000017a1ab83000 JavaThread "Reference Handler" daemon [_thread_blocked, id=13264, stack(0x0000000552e00000,0x0000000552f00000)]
  0x0000017a1ab8c800 JavaThread "Finalizer" daemon [_thread_blocked, id=6220, stack(0x0000000552f00000,0x0000000553000000)]
  0x0000017a1b503800 JavaThread "Signal Dispatcher" daemon [_thread_blocked, id=16256, stack(0x0000000553000000,0x0000000553100000)]
  0x0000017a1b505000 JavaThread "Attach Listener" daemon [_thread_blocked, id=7524, stack(0x0000000553100000,0x0000000553200000)]
  0x0000017a1b508000 JavaThread "Service Thread" daemon [_thread_blocked, id=4224, stack(0x0000000553200000,0x0000000553300000)]
=>0x0000017a1b50c800 JavaThread "C2 CompilerThread0" daemon [_thread_in_native, id=10388, stack(0x0000000553300000,0x0000000553400000)]
  0x0000017a1b50d800 JavaThread "C1 CompilerThread0" daemon [_thread_blocked, id=11288, stack(0x0000000553400000,0x0000000553500000)]
  0x0000017a1b50f000 JavaThread "Sweeper thread" daemon [_thread_blocked, id=9408, stack(0x0000000553500000,0x0000000553600000)]
  0x0000017a1b671800 JavaThread "Common-Cleaner" daemon [_thread_blocked, id=7116, stack(0x0000000553600000,0x0000000553700000)]
  0x0000017a1d4d4800 JavaThread "Daemon health stats" [_thread_blocked, id=16356, stack(0x0000000553b00000,0x0000000553c00000)]
  0x0000017a1b841000 JavaThread "Incoming local TCP Connector on port 57970" [_thread_in_native, id=13228, stack(0x0000000553800000,0x0000000553900000)]
  0x0000017a1dd96800 JavaThread "Daemon periodic checks" [_thread_blocked, id=8780, stack(0x0000000553c00000,0x0000000553d00000)]
  0x0000017a1df14800 JavaThread "C2 CompilerThread1" daemon [_thread_in_native, id=7372, stack(0x0000000553d00000,0x0000000553e00000)]
  0x0000017a1cc79800 JavaThread "Daemon" [_thread_blocked, id=9548, stack(0x0000000553e00000,0x0000000553f00000)]
  0x0000017a1d3f0000 JavaThread "Handler for socket connection from /127.0.0.1:57970 to /127.0.0.1:57971" [_thread_in_native, id=1728, stack(0x0000000553f00000,0x0000000554000000)]
  0x0000017a1cf06000 JavaThread "Cancel handler" [_thread_blocked, id=7000, stack(0x0000000554000000,0x0000000554100000)]
  0x0000017a1cf1c000 JavaThread "Daemon worker" [_thread_blocked, id=11400, stack(0x0000000554100000,0x0000000554200000)]
  0x0000017a1e8ed800 JavaThread "Asynchronous log dispatcher for DefaultDaemonConnection: socket connection from /127.0.0.1:57970 to /127.0.0.1:57971" [_thread_blocked, id=6828, stack(0x0000000554200000,0x0000000554300000)]
  0x0000017a1e8f1000 JavaThread "Stdin handler" [_thread_blocked, id=12664, stack(0x0000000554300000,0x0000000554400000)]
  0x0000017a1e8ee800 JavaThread "Daemon client event forwarder" [_thread_blocked, id=11128, stack(0x0000000554400000,0x0000000554500000)]
  0x0000017a1e8ef000 JavaThread "Cache worker for file hash cache (C:\Users\ANKIT\.gradle\caches\7.0.2\fileHashes)" [_thread_blocked, id=13196, stack(0x0000000554a00000,0x0000000554b00000)]
  0x0000017a1e8f0000 JavaThread "File lock request listener" [_thread_in_native, id=8132, stack(0x0000000554b00000,0x0000000554c00000)]
  0x0000017a1e8ec800 JavaThread "Cache worker for journal cache (C:\Users\ANKIT\.gradle\caches\journal-1)" [_thread_blocked, id=6024, stack(0x0000000554d00000,0x0000000554e00000)]
  0x0000017a1e8f1800 JavaThread "Cache worker for file hash cache (D:\Programming\AndroidStudioProjects\MyHostel\.gradle\7.0.2\fileHashes)" [_thread_blocked, id=2212, stack(0x0000000554e00000,0x0000000554f00000)]
  0x0000017a1e8f2800 JavaThread "File watcher server" daemon [_thread_in_native, id=7160, stack(0x0000000554f00000,0x0000000555000000)]
  0x0000017a1e8f3000 JavaThread "File watcher consumer" daemon [_thread_blocked, id=9736, stack(0x0000000555000000,0x0000000555100000)]
  0x0000017a1d62f800 JavaThread "Cache worker for checksums cache (D:\Programming\AndroidStudioProjects\MyHostel\.gradle\checksums)" [_thread_blocked, id=1844, stack(0x0000000555100000,0x0000000555200000)]
  0x0000017a1d62e000 JavaThread "Cache worker for cache directory md-supplier (C:\Users\ANKIT\.gradle\caches\7.0.2\md-supplier)" [_thread_blocked, id=1060, stack(0x0000000555200000,0x0000000555300000)]
  0x0000017a1d62f000 JavaThread "Cache worker for cache directory md-rule (C:\Users\ANKIT\.gradle\caches\7.0.2\md-rule)" [_thread_blocked, id=14072, stack(0x0000000555300000,0x0000000555400000)]
  0x0000017a1d62c800 JavaThread "Cache worker for execution history cache (C:\Users\ANKIT\.gradle\caches\7.0.2\executionHistory)" [_thread_blocked, id=13012, stack(0x0000000555400000,0x0000000555500000)]
  0x0000017a1d631000 JavaThread "jar transforms" [_thread_blocked, id=12816, stack(0x0000000555500000,0x0000000555600000)]
  0x0000017a1d62b800 JavaThread "jar transforms Thread 2" [_thread_blocked, id=11300, stack(0x0000000555600000,0x0000000555700000)]
  0x0000017a1d633000 JavaThread "Cache worker for file content cache (C:\Users\ANKIT\.gradle\caches\7.0.2\fileContent)" [_thread_blocked, id=12908, stack(0x0000000555700000,0x0000000555800000)]
  0x0000017a1d638000 JavaThread "Cache worker for dependencies-accessors (D:\Programming\AndroidStudioProjects\MyHostel\.gradle\7.0.2\dependencies-accessors)" [_thread_blocked, id=2652, stack(0x0000000555800000,0x0000000555900000)]
  0x0000017a1d632000 JavaThread "jar transforms Thread 3" [_thread_blocked, id=12868, stack(0x0000000555900000,0x0000000555a00000)]
  0x0000017a1d639800 JavaThread "Cache worker for Build Output Cleanup Cache (D:\Programming\AndroidStudioProjects\MyHostel\.gradle\buildOutputCleanup)" [_thread_blocked, id=13800, stack(0x0000000555a00000,0x0000000555b00000)]
  0x0000017a1d633800 JavaThread "Build operations" [_thread_blocked, id=13760, stack(0x0000000555b00000,0x0000000555c00000)]
  0x0000017a1d638800 JavaThread "Build operations Thread 2" [_thread_blocked, id=10148, stack(0x0000000555c00000,0x0000000555d00000)]
  0x0000017a1d636000 JavaThread "Build operations Thread 3" [_thread_blocked, id=6192, stack(0x0000000555d00000,0x0000000555e00000)]
  0x0000017a1d63a000 JavaThread "Build operations Thread 4" [_thread_blocked, id=11536, stack(0x0000000555e00000,0x0000000555f00000)]
  0x0000017a20dd4800 JavaThread "Build operations Thread 5" [_thread_in_vm, id=2356, stack(0x0000000555f00000,0x0000000556000000)]
  0x0000017a20dd5800 JavaThread "Build operations Thread 6" [_thread_blocked, id=8640, stack(0x0000000556000000,0x0000000556100000)]
  0x0000017a20dd6800 JavaThread "Build operations Thread 7" [_thread_blocked, id=16368, stack(0x0000000556100000,0x0000000556200000)]
  0x0000017a20dd7000 JavaThread "Build operations Thread 8" [_thread_blocked, id=5476, stack(0x0000000556200000,0x0000000556300000)]
  0x0000017a20dd8000 JavaThread "jar transforms Thread 4" [_thread_blocked, id=2188, stack(0x0000000556300000,0x0000000556400000)]
  0x0000017a20dd9000 JavaThread "jar transforms Thread 5" [_thread_blocked, id=15420, stack(0x0000000556400000,0x0000000556500000)]
  0x0000017a20dd3000 JavaThread "jar transforms Thread 6" [_thread_blocked, id=11808, stack(0x0000000556500000,0x0000000556600000)]
  0x0000017a20dd9800 JavaThread "jar transforms Thread 7" [_thread_blocked, id=12104, stack(0x0000000556600000,0x0000000556700000)]
  0x0000017a20dd4000 JavaThread "jar transforms Thread 8" [_thread_blocked, id=15192, stack(0x0000000556700000,0x0000000556800000)]
  0x0000017a20dde800 JavaThread "Memory manager" [_thread_blocked, id=3236, stack(0x0000000556800000,0x0000000556900000)]
  0x0000017a20dda800 JavaThread "build event listener" [_thread_blocked, id=440, stack(0x0000000556900000,0x0000000556a00000)]
  0x0000017a20ddd800 JavaThread "pool-3-thread-1" [_thread_blocked, id=8552, stack(0x0000000556a00000,0x0000000556b00000)]
  0x0000017a20de0000 JavaThread "build event listener" [_thread_blocked, id=4468, stack(0x0000000556b00000,0x0000000556c00000)]
  0x0000017a20de1000 JavaThread "Execution worker for ':'" [_thread_blocked, id=14648, stack(0x0000000556c00000,0x0000000556d00000)]
  0x0000017a20ddb000 JavaThread "Execution worker for ':' Thread 2" [_thread_blocked, id=15176, stack(0x0000000556d00000,0x0000000556e00000)]
  0x0000017a20ddc000 JavaThread "Execution worker for ':' Thread 3" [_thread_blocked, id=11600, stack(0x0000000556e00000,0x0000000556f00000)]
  0x0000017a20de2000 JavaThread "Execution worker for ':' Thread 4" [_thread_blocked, id=1116, stack(0x0000000556f00000,0x0000000557000000)]
  0x0000017a1d953800 JavaThread "Execution worker for ':' Thread 5" [_thread_blocked, id=11412, stack(0x0000000557000000,0x0000000557100000)]
  0x0000017a1d956800 JavaThread "Execution worker for ':' Thread 6" [_thread_blocked, id=4316, stack(0x0000000557100000,0x0000000557200000)]
  0x0000017a1d95a000 JavaThread "Execution worker for ':' Thread 7" [_thread_blocked, id=13316, stack(0x0000000557200000,0x0000000557300000)]
  0x0000017a1d958800 JavaThread "Cache worker for execution history cache (D:\Programming\AndroidStudioProjects\MyHostel\.gradle\7.0.2\executionHistory)" [_thread_blocked, id=1020, stack(0x0000000557300000,0x0000000557400000)]

Other Threads:
  0x0000017a1ab7f000 VMThread "VM Thread" [stack: 0x0000000552d00000,0x0000000552e00000] [id=9608]
  0x0000017a1b682000 WatcherThread [stack: 0x0000000553700000,0x0000000553800000] [id=8704]
  0x0000017a7ee74000 GCTaskThread "GC Thread#0" [stack: 0x0000000552800000,0x0000000552900000] [id=11060]
  0x0000017a1bd0c000 GCTaskThread "GC Thread#1" [stack: 0x0000000553900000,0x0000000553a00000] [id=14528]
  0x0000017a1be06000 GCTaskThread "GC Thread#2" [stack: 0x0000000553a00000,0x0000000553b00000] [id=14584]
  0x0000017a1e866000 GCTaskThread "GC Thread#3" [stack: 0x0000000554500000,0x0000000554600000] [id=8576]
  0x0000017a1cf2b000 GCTaskThread "GC Thread#4" [stack: 0x0000000554600000,0x0000000554700000] [id=6884]
  0x0000017a1e16b000 GCTaskThread "GC Thread#5" [stack: 0x0000000554700000,0x0000000554800000] [id=12308]
  0x0000017a1de7b000 GCTaskThread "GC Thread#6" [stack: 0x0000000554800000,0x0000000554900000] [id=13344]
  0x0000017a1cf27800 GCTaskThread "GC Thread#7" [stack: 0x0000000554900000,0x0000000554a00000] [id=11512]
  0x0000017a7eea6800 ConcurrentGCThread "G1 Main Marker" [stack: 0x0000000552900000,0x0000000552a00000] [id=11976]
  0x0000017a7eea8000 ConcurrentGCThread "G1 Conc#0" [stack: 0x0000000552a00000,0x0000000552b00000] [id=11968]
  0x0000017a1d758000 ConcurrentGCThread "G1 Conc#1" [stack: 0x0000000554c00000,0x0000000554d00000] [id=15444]
  0x0000017a1a9d2800 ConcurrentGCThread "G1 Refine#0" [stack: 0x0000000552b00000,0x0000000552c00000] [id=6992]
  0x0000017a7ef28800 ConcurrentGCThread "G1 Young RemSet Sampling" [stack: 0x0000000552c00000,0x0000000552d00000] [id=1336]

Threads with active compile tasks:
C2 CompilerThread0  10165 10111   !   4       jdk.internal.loader.BuiltinClassLoader::loadClassOrNull (143 bytes)
C2 CompilerThread1  10165 10143 % !   4       java.util.concurrent.ConcurrentHashMap::transfer @ 96 (828 bytes)

VM state:not at safepoint (normal execution)

VM Mutex/Monitor currently owned by a thread: None

OutOfMemory and StackOverflow Exception counts:
OutOfMemoryError java_heap_errors=2
LinkageErrors=122

Heap address: 0x0000000080000000, size: 2048 MB, Compressed Oops mode: 32-bit
Narrow klass base: 0x0000000000000000, Narrow klass shift: 3
Compressed class space size: 1073741824 Address: 0x0000000100000000

Heap:
 garbage-first heap   total 225280K, used 126976K [0x0000000080000000, 0x0000000100000000)
  region size 1024K, 51 young (52224K), 12 survivors (12288K)
 Metaspace       used 85432K, capacity 87795K, committed 88012K, reserved 1126400K
  class space    used 11043K, capacity 11902K, committed 11980K, reserved 1048576K
Heap Regions: E=young(eden), S=young(survivor), O=old, HS=humongous(starts), HC=humongous(continues), CS=collection set, F=free, A=archive, TAMS=top-at-mark-start (previous, next)
|   0|0x0000000080000000, 0x0000000080100000, 0x0000000080100000|100%| O|  |TAMS 0x0000000080100000, 0x0000000080000000| Untracked 
|   1|0x0000000080100000, 0x0000000080200000, 0x0000000080200000|100%| O|  |TAMS 0x0000000080200000, 0x0000000080100000| Untracked 
|   2|0x0000000080200000, 0x0000000080300000, 0x0000000080300000|100%| O|  |TAMS 0x0000000080300000, 0x0000000080200000| Untracked 
|   3|0x0000000080300000, 0x0000000080400000, 0x0000000080400000|100%|HS|  |TAMS 0x0000000080400000, 0x0000000080300000| Complete 
|   4|0x0000000080400000, 0x0000000080500000, 0x0000000080500000|100%|HC|  |TAMS 0x0000000080500000, 0x0000000080400000| Complete 
|   5|0x0000000080500000, 0x0000000080600000, 0x0000000080600000|100%|HC|  |TAMS 0x0000000080600000, 0x0000000080500000| Complete 
|   6|0x0000000080600000, 0x0000000080700000, 0x0000000080700000|100%| O|  |TAMS 0x0000000080700000, 0x0000000080600000| Untracked 
|   7|0x0000000080700000, 0x0000000080800000, 0x0000000080800000|100%| O|  |TAMS 0x0000000080800000, 0x0000000080700000| Untracked 
|   8|0x0000000080800000, 0x0000000080900000, 0x0000000080900000|100%| O|  |TAMS 0x0000000080900000, 0x0000000080800000| Untracked 
|   9|0x0000000080900000, 0x0000000080a00000, 0x0000000080a00000|100%| O|  |TAMS 0x0000000080a00000, 0x0000000080900000| Untracked 
|  10|0x0000000080a00000, 0x0000000080b00000, 0x0000000080b00000|100%| O|  |TAMS 0x0000000080b00000, 0x0000000080a00000| Untracked 
|  11|0x0000000080b00000, 0x0000000080c00000, 0x0000000080c00000|100%| O|  |TAMS 0x0000000080c00000, 0x0000000080b00000| Untracked 
|  12|0x0000000080c00000, 0x0000000080d00000, 0x0000000080d00000|100%| O|  |TAMS 0x0000000080d00000, 0x0000000080c00000| Untracked 
|  13|0x0000000080d00000, 0x0000000080e00000, 0x0000000080e00000|100%| O|  |TAMS 0x0000000080e00000, 0x0000000080d00000| Untracked 
|  14|0x0000000080e00000, 0x0000000080f00000, 0x0000000080f00000|100%| O|  |TAMS 0x0000000080f00000, 0x0000000080e00000| Untracked 
|  15|0x0000000080f00000, 0x0000000081000000, 0x0000000081000000|100%| O|  |TAMS 0x0000000081000000, 0x0000000080f00000| Untracked 
|  16|0x0000000081000000, 0x0000000081100000, 0x0000000081100000|100%|HS|  |TAMS 0x0000000081100000, 0x0000000081000000| Complete 
|  17|0x0000000081100000, 0x0000000081200000, 0x0000000081200000|100%| O|  |TAMS 0x0000000081200000, 0x0000000081100000| Untracked 
|  18|0x0000000081200000, 0x0000000081300000, 0x0000000081300000|100%| O|  |TAMS 0x0000000081300000, 0x0000000081200000| Untracked 
|  19|0x0000000081300000, 0x0000000081400000, 0x0000000081400000|100%| O|  |TAMS 0x0000000081400000, 0x0000000081300000| Untracked 
|  20|0x0000000081400000, 0x0000000081500000, 0x0000000081500000|100%| O|  |TAMS 0x0000000081500000, 0x0000000081400000| Untracked 
|  21|0x0000000081500000, 0x0000000081600000, 0x0000000081600000|100%| O|  |TAMS 0x0000000081600000, 0x0000000081500000| Untracked 
|  22|0x0000000081600000, 0x0000000081700000, 0x0000000081700000|100%| O|  |TAMS 0x0000000081700000, 0x0000000081600000| Untracked 
|  23|0x0000000081700000, 0x0000000081800000, 0x0000000081800000|100%|HS|  |TAMS 0x0000000081800000, 0x0000000081700000| Complete 
|  24|0x0000000081800000, 0x0000000081900000, 0x0000000081900000|100%|HS|  |TAMS 0x0000000081900000, 0x0000000081800000| Complete 
|  25|0x0000000081900000, 0x0000000081a00000, 0x0000000081a00000|100%|HC|  |TAMS 0x0000000081a00000, 0x0000000081900000| Complete 
|  26|0x0000000081a00000, 0x0000000081b00000, 0x0000000081b00000|100%| O|  |TAMS 0x0000000081b00000, 0x0000000081a00000| Untracked 
|  27|0x0000000081b00000, 0x0000000081c00000, 0x0000000081c00000|100%| O|  |TAMS 0x0000000081c00000, 0x0000000081b00000| Untracked 
|  28|0x0000000081c00000, 0x0000000081d00000, 0x0000000081d00000|100%| O|  |TAMS 0x0000000081d00000, 0x0000000081c00000| Untracked 
|  29|0x0000000081d00000, 0x0000000081e00000, 0x0000000081e00000|100%| O|  |TAMS 0x0000000081e00000, 0x0000000081d00000| Untracked 
|  30|0x0000000081e00000, 0x0000000081f00000, 0x0000000081f00000|100%| O|  |TAMS 0x0000000081f00000, 0x0000000081e00000| Untracked 
|  31|0x0000000081f00000, 0x0000000082000000, 0x0000000082000000|100%| O|  |TAMS 0x0000000082000000, 0x0000000081f00000| Untracked 
|  32|0x0000000082000000, 0x0000000082100000, 0x0000000082100000|100%| O|  |TAMS 0x0000000082100000, 0x0000000082000000| Untracked 
|  33|0x0000000082100000, 0x0000000082200000, 0x0000000082200000|100%| O|  |TAMS 0x0000000082200000, 0x0000000082100000| Untracked 
|  34|0x0000000082200000, 0x0000000082300000, 0x0000000082300000|100%| O|  |TAMS 0x0000000082300000, 0x0000000082200000| Untracked 
|  35|0x0000000082300000, 0x0000000082400000, 0x0000000082400000|100%| O|  |TAMS 0x0000000082400000, 0x0000000082300000| Untracked 
|  36|0x0000000082400000, 0x0000000082500000, 0x0000000082500000|100%| O|  |TAMS 0x0000000082500000, 0x0000000082400000| Untracked 
|  37|0x0000000082500000, 0x0000000082600000, 0x0000000082600000|100%| O|  |TAMS 0x0000000082600000, 0x0000000082500000| Untracked 
|  38|0x0000000082600000, 0x0000000082700000, 0x0000000082700000|100%| O|  |TAMS 0x0000000082700000, 0x0000000082600000| Untracked 
|  39|0x0000000082700000, 0x0000000082800000, 0x0000000082800000|100%| O|  |TAMS 0x0000000082800000, 0x0000000082700000| Untracked 
|  40|0x0000000082800000, 0x0000000082900000, 0x0000000082900000|100%| O|  |TAMS 0x0000000082900000, 0x0000000082800000| Untracked 
|  41|0x0000000082900000, 0x0000000082a00000, 0x0000000082a00000|100%| O|  |TAMS 0x00000000829c6800, 0x0000000082900000| Untracked 
|  42|0x0000000082a00000, 0x0000000082b00000, 0x0000000082b00000|100%| O|  |TAMS 0x0000000082a00000, 0x0000000082a00000| Untracked 
|  43|0x0000000082b00000, 0x0000000082c00000, 0x0000000082c00000|100%| O|  |TAMS 0x0000000082b00000, 0x0000000082b00000| Untracked 
|  44|0x0000000082c00000, 0x0000000082d00000, 0x0000000082d00000|100%| O|  |TAMS 0x0000000082c00000, 0x0000000082c00000| Untracked 
|  45|0x0000000082d00000, 0x0000000082e00000, 0x0000000082e00000|100%| O|  |TAMS 0x0000000082d00000, 0x0000000082d00000| Untracked 
|  46|0x0000000082e00000, 0x0000000082f00000, 0x0000000082f00000|100%| O|  |TAMS 0x0000000082e00000, 0x0000000082e00000| Untracked 
|  47|0x0000000082f00000, 0x0000000083000000, 0x0000000083000000|100%| O|  |TAMS 0x0000000082f00000, 0x0000000082f00000| Untracked 
|  48|0x0000000083000000, 0x0000000083100000, 0x0000000083100000|100%| O|  |TAMS 0x0000000083000000, 0x0000000083000000| Untracked 
|  49|0x0000000083100000, 0x0000000083200000, 0x0000000083200000|100%| O|  |TAMS 0x0000000083100000, 0x0000000083100000| Untracked 
|  50|0x0000000083200000, 0x0000000083300000, 0x0000000083300000|100%| O|  |TAMS 0x0000000083200000, 0x0000000083200000| Untracked 
|  51|0x0000000083300000, 0x0000000083400000, 0x0000000083400000|100%| O|  |TAMS 0x0000000083300000, 0x0000000083300000| Untracked 
|  52|0x0000000083400000, 0x0000000083500000, 0x0000000083500000|100%| O|  |TAMS 0x0000000083400000, 0x0000000083400000| Untracked 
|  53|0x0000000083500000, 0x0000000083600000, 0x0000000083600000|100%| O|  |TAMS 0x0000000083500000, 0x0000000083500000| Untracked 
|  54|0x0000000083600000, 0x0000000083700000, 0x0000000083700000|100%| O|  |TAMS 0x0000000083600000, 0x0000000083600000| Untracked 
|  55|0x0000000083700000, 0x0000000083800000, 0x0000000083800000|100%| O|  |TAMS 0x0000000083700000, 0x0000000083700000| Untracked 
|  56|0x0000000083800000, 0x0000000083900000, 0x0000000083900000|100%| O|  |TAMS 0x0000000083800000, 0x0000000083800000| Untracked 
|  57|0x0000000083900000, 0x0000000083a00000, 0x0000000083a00000|100%| O|  |TAMS 0x0000000083900000, 0x0000000083900000| Untracked 
|  58|0x0000000083a00000, 0x0000000083b00000, 0x0000000083b00000|100%| O|  |TAMS 0x0000000083a00000, 0x0000000083a00000| Untracked 
|  59|0x0000000083b00000, 0x0000000083c00000, 0x0000000083c00000|100%| O|  |TAMS 0x0000000083b00000, 0x0000000083b00000| Untracked 
|  60|0x0000000083c00000, 0x0000000083d00000, 0x0000000083d00000|100%| O|  |TAMS 0x0000000083c00000, 0x0000000083c00000| Untracked 
|  61|0x0000000083d00000, 0x0000000083e00000, 0x0000000083e00000|100%| O|  |TAMS 0x0000000083d00000, 0x0000000083d00000| Untracked 
|  62|0x0000000083e00000, 0x0000000083f00000, 0x0000000083f00000|100%| O|  |TAMS 0x0000000083e00000, 0x0000000083e00000| Untracked 
|  63|0x0000000083f00000, 0x0000000084000000, 0x0000000084000000|100%| O|  |TAMS 0x0000000083f00000, 0x0000000083f00000| Untracked 
|  64|0x0000000084000000, 0x0000000084100000, 0x0000000084100000|100%| O|  |TAMS 0x0000000084000000, 0x0000000084000000| Untracked 
|  65|0x0000000084100000, 0x0000000084200000, 0x0000000084200000|100%| O|  |TAMS 0x0000000084100000, 0x0000000084100000| Untracked 
|  66|0x0000000084200000, 0x0000000084300000, 0x0000000084300000|100%| O|  |TAMS 0x0000000084200000, 0x0000000084200000| Untracked 
|  67|0x0000000084300000, 0x0000000084400000, 0x0000000084400000|100%| O|  |TAMS 0x0000000084300000, 0x0000000084300000| Untracked 
|  68|0x0000000084400000, 0x0000000084500000, 0x0000000084500000|100%| O|  |TAMS 0x0000000084400000, 0x0000000084400000| Untracked 
|  69|0x0000000084500000, 0x0000000084600000, 0x0000000084600000|100%| O|  |TAMS 0x0000000084500000, 0x0000000084500000| Untracked 
|  70|0x0000000084600000, 0x0000000084700000, 0x0000000084700000|100%| O|  |TAMS 0x0000000084600000, 0x0000000084600000| Untracked 
|  71|0x0000000084700000, 0x0000000084800000, 0x0000000084800000|100%| O|  |TAMS 0x0000000084700000, 0x0000000084700000| Untracked 
|  72|0x0000000084800000, 0x0000000084900000, 0x0000000084900000|100%| O|  |TAMS 0x0000000084800000, 0x0000000084800000| Untracked 
|  73|0x0000000084900000, 0x0000000084a00000, 0x0000000084a00000|100%| O|  |TAMS 0x0000000084900000, 0x0000000084900000| Untracked 
|  74|0x0000000084a00000, 0x0000000084b00000, 0x0000000084b00000|100%| O|  |TAMS 0x0000000084a00000, 0x0000000084a00000| Untracked 
|  75|0x0000000084b00000, 0x0000000084b00000, 0x0000000084c00000|  0%| F|  |TAMS 0x0000000084b00000, 0x0000000084b00000| Untracked 
|  76|0x0000000084c00000, 0x0000000084c00000, 0x0000000084d00000|  0%| F|  |TAMS 0x0000000084c00000, 0x0000000084c00000| Untracked 
|  77|0x0000000084d00000, 0x0000000084d00000, 0x0000000084e00000|  0%| F|  |TAMS 0x0000000084d00000, 0x0000000084d00000| Untracked 
|  78|0x0000000084e00000, 0x0000000084e00000, 0x0000000084f00000|  0%| F|  |TAMS 0x0000000084e00000, 0x0000000084e00000| Untracked 
|  79|0x0000000084f00000, 0x0000000084f00000, 0x0000000085000000|  0%| F|  |TAMS 0x0000000084f00000, 0x0000000084f00000| Untracked 
|  80|0x0000000085000000, 0x0000000085000000, 0x0000000085100000|  0%| F|  |TAMS 0x0000000085000000, 0x0000000085000000| Untracked 
|  81|0x0000000085100000, 0x0000000085100000, 0x0000000085200000|  0%| F|  |TAMS 0x0000000085100000, 0x0000000085100000| Untracked 
|  82|0x0000000085200000, 0x0000000085200000, 0x0000000085300000|  0%| F|  |TAMS 0x0000000085200000, 0x0000000085200000| Untracked 
|  83|0x0000000085300000, 0x0000000085300000, 0x0000000085400000|  0%| F|  |TAMS 0x0000000085300000, 0x0000000085300000| Untracked 
|  84|0x0000000085400000, 0x0000000085400000, 0x0000000085500000|  0%| F|  |TAMS 0x0000000085400000, 0x0000000085400000| Untracked 
|  85|0x0000000085500000, 0x0000000085500000, 0x0000000085600000|  0%| F|  |TAMS 0x0000000085500000, 0x0000000085500000| Untracked 
|  86|0x0000000085600000, 0x0000000085600000, 0x0000000085700000|  0%| F|  |TAMS 0x0000000085600000, 0x0000000085600000| Untracked 
|  87|0x0000000085700000, 0x0000000085700000, 0x0000000085800000|  0%| F|  |TAMS 0x0000000085700000, 0x0000000085700000| Untracked 
|  88|0x0000000085800000, 0x0000000085800000, 0x0000000085900000|  0%| F|  |TAMS 0x0000000085800000, 0x0000000085800000| Untracked 
|  89|0x0000000085900000, 0x0000000085900000, 0x0000000085a00000|  0%| F|  |TAMS 0x0000000085900000, 0x0000000085900000| Untracked 
|  90|0x0000000085a00000, 0x0000000085a00000, 0x0000000085b00000|  0%| F|  |TAMS 0x0000000085a00000, 0x0000000085a00000| Untracked 
|  91|0x0000000085b00000, 0x0000000085b00000, 0x0000000085c00000|  0%| F|  |TAMS 0x0000000085b00000, 0x0000000085b00000| Untracked 
|  92|0x0000000085c00000, 0x0000000085c00000, 0x0000000085d00000|  0%| F|  |TAMS 0x0000000085c00000, 0x0000000085c00000| Untracked 
|  93|0x0000000085d00000, 0x0000000085d00000, 0x0000000085e00000|  0%| F|  |TAMS 0x0000000085d00000, 0x0000000085d00000| Untracked 
|  94|0x0000000085e00000, 0x0000000085e00000, 0x0000000085f00000|  0%| F|  |TAMS 0x0000000085e00000, 0x0000000085e00000| Untracked 
|  95|0x0000000085f00000, 0x0000000085f00000, 0x0000000086000000|  0%| F|  |TAMS 0x0000000085f00000, 0x0000000085f00000| Untracked 
|  96|0x0000000086000000, 0x0000000086000000, 0x0000000086100000|  0%| F|  |TAMS 0x0000000086000000, 0x0000000086000000| Untracked 
|  97|0x0000000086100000, 0x0000000086100000, 0x0000000086200000|  0%| F|  |TAMS 0x0000000086100000, 0x0000000086100000| Untracked 
|  98|0x0000000086200000, 0x0000000086200000, 0x0000000086300000|  0%| F|  |TAMS 0x0000000086200000, 0x0000000086200000| Untracked 
|  99|0x0000000086300000, 0x0000000086300000, 0x0000000086400000|  0%| F|  |TAMS 0x0000000086300000, 0x0000000086300000| Untracked 
| 100|0x0000000086400000, 0x0000000086400000, 0x0000000086500000|  0%| F|  |TAMS 0x0000000086400000, 0x0000000086400000| Untracked 
| 101|0x0000000086500000, 0x0000000086500000, 0x0000000086600000|  0%| F|  |TAMS 0x0000000086500000, 0x0000000086500000| Untracked 
| 102|0x0000000086600000, 0x0000000086600000, 0x0000000086700000|  0%| F|  |TAMS 0x0000000086600000, 0x0000000086600000| Untracked 
| 103|0x0000000086700000, 0x0000000086700000, 0x0000000086800000|  0%| F|  |TAMS 0x0000000086700000, 0x0000000086700000| Untracked 
| 104|0x0000000086800000, 0x0000000086800000, 0x0000000086900000|  0%| F|  |TAMS 0x0000000086800000, 0x0000000086800000| Untracked 
| 105|0x0000000086900000, 0x0000000086900000, 0x0000000086a00000|  0%| F|  |TAMS 0x0000000086900000, 0x0000000086900000| Untracked 
| 106|0x0000000086a00000, 0x0000000086a00000, 0x0000000086b00000|  0%| F|  |TAMS 0x0000000086a00000, 0x0000000086a00000| Untracked 
| 107|0x0000000086b00000, 0x0000000086b00000, 0x0000000086c00000|  0%| F|  |TAMS 0x0000000086b00000, 0x0000000086b00000| Untracked 
| 108|0x0000000086c00000, 0x0000000086c00000, 0x0000000086d00000|  0%| F|  |TAMS 0x0000000086c00000, 0x0000000086c00000| Untracked 
| 109|0x0000000086d00000, 0x0000000086d00000, 0x0000000086e00000|  0%| F|  |TAMS 0x0000000086d00000, 0x0000000086d00000| Untracked 
| 110|0x0000000086e00000, 0x0000000086e00000, 0x0000000086f00000|  0%| F|  |TAMS 0x0000000086e00000, 0x0000000086e00000| Untracked 
| 111|0x0000000086f00000, 0x0000000086f00000, 0x0000000087000000|  0%| F|  |TAMS 0x0000000086f00000, 0x0000000086f00000| Untracked 
| 112|0x0000000087000000, 0x0000000087000000, 0x0000000087100000|  0%| F|  |TAMS 0x0000000087000000, 0x0000000087000000| Untracked 
| 113|0x0000000087100000, 0x0000000087100000, 0x0000000087200000|  0%| F|  |TAMS 0x0000000087100000, 0x0000000087100000| Untracked 
| 114|0x0000000087200000, 0x0000000087200000, 0x0000000087300000|  0%| F|  |TAMS 0x0000000087200000, 0x0000000087200000| Untracked 
| 115|0x0000000087300000, 0x0000000087300000, 0x0000000087400000|  0%| F|  |TAMS 0x0000000087300000, 0x0000000087300000| Untracked 
| 116|0x0000000087400000, 0x0000000087400000, 0x0000000087500000|  0%| F|  |TAMS 0x0000000087400000, 0x0000000087400000| Untracked 
| 117|0x0000000087500000, 0x0000000087500000, 0x0000000087600000|  0%| F|  |TAMS 0x0000000087500000, 0x0000000087500000| Untracked 
| 118|0x0000000087600000, 0x0000000087600000, 0x0000000087700000|  0%| F|  |TAMS 0x0000000087600000, 0x0000000087600000| Untracked 
| 119|0x0000000087700000, 0x0000000087700000, 0x0000000087800000|  0%| F|  |TAMS 0x0000000087700000, 0x0000000087700000| Untracked 
| 120|0x0000000087800000, 0x0000000087800000, 0x0000000087900000|  0%| F|  |TAMS 0x0000000087800000, 0x0000000087800000| Untracked 
| 121|0x0000000087900000, 0x0000000087900000, 0x0000000087a00000|  0%| F|  |TAMS 0x0000000087900000, 0x0000000087900000| Untracked 
| 122|0x0000000087a00000, 0x0000000087a00000, 0x0000000087b00000|  0%| F|  |TAMS 0x0000000087a00000, 0x0000000087a00000| Untracked 
| 123|0x0000000087b00000, 0x0000000087b00000, 0x0000000087c00000|  0%| F|  |TAMS 0x0000000087b00000, 0x0000000087b00000| Untracked 
| 124|0x0000000087c00000, 0x0000000087d00000, 0x0000000087d00000|100%| S|CS|TAMS 0x0000000087c00000, 0x0000000087c00000| Complete 
| 125|0x0000000087d00000, 0x0000000087e00000, 0x0000000087e00000|100%| S|CS|TAMS 0x0000000087d00000, 0x0000000087d00000| Complete 
| 126|0x0000000087e00000, 0x0000000087f00000, 0x0000000087f00000|100%| S|CS|TAMS 0x0000000087e00000, 0x0000000087e00000| Complete 
| 127|0x0000000087f00000, 0x0000000088000000, 0x0000000088000000|100%| S|CS|TAMS 0x0000000087f00000, 0x0000000087f00000| Complete 
| 128|0x0000000088000000, 0x0000000088100000, 0x0000000088100000|100%| S|CS|TAMS 0x0000000088000000, 0x0000000088000000| Complete 
| 129|0x0000000088100000, 0x0000000088200000, 0x0000000088200000|100%| S|CS|TAMS 0x0000000088100000, 0x0000000088100000| Complete 
| 130|0x0000000088200000, 0x0000000088300000, 0x0000000088300000|100%| S|CS|TAMS 0x0000000088200000, 0x0000000088200000| Complete 
| 131|0x0000000088300000, 0x0000000088400000, 0x0000000088400000|100%| S|CS|TAMS 0x0000000088300000, 0x0000000088300000| Complete 
| 132|0x0000000088400000, 0x0000000088500000, 0x0000000088500000|100%| S|CS|TAMS 0x0000000088400000, 0x0000000088400000| Complete 
| 133|0x0000000088500000, 0x0000000088600000, 0x0000000088600000|100%| S|CS|TAMS 0x0000000088500000, 0x0000000088500000| Complete 
| 134|0x0000000088600000, 0x0000000088700000, 0x0000000088700000|100%| S|CS|TAMS 0x0000000088600000, 0x0000000088600000| Complete 
| 135|0x0000000088700000, 0x0000000088800000, 0x0000000088800000|100%| S|CS|TAMS 0x0000000088700000, 0x0000000088700000| Complete 
| 136|0x0000000088800000, 0x0000000088800000, 0x0000000088900000|  0%| F|  |TAMS 0x0000000088800000, 0x0000000088800000| Untracked 
| 137|0x0000000088900000, 0x0000000088900000, 0x0000000088a00000|  0%| F|  |TAMS 0x0000000088900000, 0x0000000088900000| Untracked 
| 138|0x0000000088a00000, 0x0000000088a00000, 0x0000000088b00000|  0%| F|  |TAMS 0x0000000088a00000, 0x0000000088a00000| Untracked 
| 139|0x0000000088b00000, 0x0000000088b00000, 0x0000000088c00000|  0%| F|  |TAMS 0x0000000088b00000, 0x0000000088b00000| Untracked 
| 140|0x0000000088c00000, 0x0000000088c00000, 0x0000000088d00000|  0%| F|  |TAMS 0x0000000088c00000, 0x0000000088c00000| Untracked 
| 141|0x0000000088d00000, 0x0000000088d00000, 0x0000000088e00000|  0%| F|  |TAMS 0x0000000088d00000, 0x0000000088d00000| Untracked 
| 142|0x0000000088e00000, 0x0000000088e00000, 0x0000000088f00000|  0%| F|  |TAMS 0x0000000088e00000, 0x0000000088e00000| Untracked 
| 143|0x0000000088f00000, 0x0000000088f00000, 0x0000000089000000|  0%| F|  |TAMS 0x0000000088f00000, 0x0000000088f00000| Untracked 
| 144|0x0000000089000000, 0x0000000089000000, 0x0000000089100000|  0%| F|  |TAMS 0x0000000089000000, 0x0000000089000000| Untracked 
| 145|0x0000000089100000, 0x0000000089100000, 0x0000000089200000|  0%| F|  |TAMS 0x0000000089100000, 0x0000000089100000| Untracked 
| 146|0x0000000089200000, 0x0000000089200000, 0x0000000089300000|  0%| F|  |TAMS 0x0000000089200000, 0x0000000089200000| Untracked 
| 147|0x0000000089300000, 0x0000000089300000, 0x0000000089400000|  0%| F|  |TAMS 0x0000000089300000, 0x0000000089300000| Untracked 
| 148|0x0000000089400000, 0x0000000089400000, 0x0000000089500000|  0%| F|  |TAMS 0x0000000089400000, 0x0000000089400000| Untracked 
| 149|0x0000000089500000, 0x0000000089500000, 0x0000000089600000|  0%| F|  |TAMS 0x0000000089500000, 0x0000000089500000| Untracked 
| 150|0x0000000089600000, 0x0000000089600000, 0x0000000089700000|  0%| F|  |TAMS 0x0000000089600000, 0x0000000089600000| Untracked 
| 151|0x0000000089700000, 0x0000000089700000, 0x0000000089800000|  0%| F|  |TAMS 0x0000000089700000, 0x0000000089700000| Untracked 
| 152|0x0000000089800000, 0x0000000089800000, 0x0000000089900000|  0%| F|  |TAMS 0x0000000089800000, 0x0000000089800000| Untracked 
| 153|0x0000000089900000, 0x0000000089900000, 0x0000000089a00000|  0%| F|  |TAMS 0x0000000089900000, 0x0000000089900000| Untracked 
| 154|0x0000000089a00000, 0x0000000089a00000, 0x0000000089b00000|  0%| F|  |TAMS 0x0000000089a00000, 0x0000000089a00000| Untracked 
| 155|0x0000000089b00000, 0x0000000089b00000, 0x0000000089c00000|  0%| F|  |TAMS 0x0000000089b00000, 0x0000000089b00000| Untracked 
| 156|0x0000000089c00000, 0x0000000089c00000, 0x0000000089d00000|  0%| F|  |TAMS 0x0000000089c00000, 0x0000000089c00000| Untracked 
| 157|0x0000000089d00000, 0x0000000089d00000, 0x0000000089e00000|  0%| F|  |TAMS 0x0000000089d00000, 0x0000000089d00000| Untracked 
| 158|0x0000000089e00000, 0x0000000089e00000, 0x0000000089f00000|  0%| F|  |TAMS 0x0000000089e00000, 0x0000000089e00000| Untracked 
| 159|0x0000000089f00000, 0x0000000089f00000, 0x000000008a000000|  0%| F|  |TAMS 0x0000000089f00000, 0x0000000089f00000| Untracked 
| 160|0x000000008a000000, 0x000000008a000000, 0x000000008a100000|  0%| F|  |TAMS 0x000000008a000000, 0x000000008a000000| Untracked 
| 161|0x000000008a100000, 0x000000008a100000, 0x000000008a200000|  0%| F|  |TAMS 0x000000008a100000, 0x000000008a100000| Untracked 
| 162|0x000000008a200000, 0x000000008a200000, 0x000000008a300000|  0%| F|  |TAMS 0x000000008a200000, 0x000000008a200000| Untracked 
| 163|0x000000008a300000, 0x000000008a300000, 0x000000008a400000|  0%| F|  |TAMS 0x000000008a300000, 0x000000008a300000| Untracked 
| 164|0x000000008a400000, 0x000000008a400000, 0x000000008a500000|  0%| F|  |TAMS 0x000000008a400000, 0x000000008a400000| Untracked 
| 165|0x000000008a500000, 0x000000008a500000, 0x000000008a600000|  0%| F|  |TAMS 0x000000008a500000, 0x000000008a500000| Untracked 
| 166|0x000000008a600000, 0x000000008a600000, 0x000000008a700000|  0%| F|  |TAMS 0x000000008a600000, 0x000000008a600000| Untracked 
| 167|0x000000008a700000, 0x000000008a700000, 0x000000008a800000|  0%| F|  |TAMS 0x000000008a700000, 0x000000008a700000| Untracked 
| 168|0x000000008a800000, 0x000000008a800000, 0x000000008a900000|  0%| F|  |TAMS 0x000000008a800000, 0x000000008a800000| Untracked 
| 169|0x000000008a900000, 0x000000008a900000, 0x000000008aa00000|  0%| F|  |TAMS 0x000000008a900000, 0x000000008a900000| Untracked 
| 170|0x000000008aa00000, 0x000000008aa00000, 0x000000008ab00000|  0%| F|  |TAMS 0x000000008aa00000, 0x000000008aa00000| Untracked 
| 171|0x000000008ab00000, 0x000000008ab00000, 0x000000008ac00000|  0%| F|  |TAMS 0x000000008ab00000, 0x000000008ab00000| Untracked 
| 172|0x000000008ac00000, 0x000000008ac00000, 0x000000008ad00000|  0%| F|  |TAMS 0x000000008ac00000, 0x000000008ac00000| Untracked 
| 173|0x000000008ad00000, 0x000000008ad00000, 0x000000008ae00000|  0%| F|  |TAMS 0x000000008ad00000, 0x000000008ad00000| Untracked 
| 174|0x000000008ae00000, 0x000000008ae00000, 0x000000008af00000|  0%| F|  |TAMS 0x000000008ae00000, 0x000000008ae00000| Untracked 
| 175|0x000000008af00000, 0x000000008af00000, 0x000000008b000000|  0%| F|  |TAMS 0x000000008af00000, 0x000000008af00000| Untracked 
| 176|0x000000008b000000, 0x000000008b000000, 0x000000008b100000|  0%| F|  |TAMS 0x000000008b000000, 0x000000008b000000| Untracked 
| 177|0x000000008b100000, 0x000000008b100000, 0x000000008b200000|  0%| F|  |TAMS 0x000000008b100000, 0x000000008b100000| Untracked 
| 178|0x000000008b200000, 0x000000008b200000, 0x000000008b300000|  0%| F|  |TAMS 0x000000008b200000, 0x000000008b200000| Untracked 
| 179|0x000000008b300000, 0x000000008b300000, 0x000000008b400000|  0%| F|  |TAMS 0x000000008b300000, 0x000000008b300000| Untracked 
| 180|0x000000008b400000, 0x000000008b41c9f0, 0x000000008b500000| 11%| E|  |TAMS 0x000000008b400000, 0x000000008b400000| Complete 
| 181|0x000000008b500000, 0x000000008b600000, 0x000000008b600000|100%| E|CS|TAMS 0x000000008b500000, 0x000000008b500000| Complete 
| 182|0x000000008b600000, 0x000000008b700000, 0x000000008b700000|100%| E|CS|TAMS 0x000000008b600000, 0x000000008b600000| Complete 
| 183|0x000000008b700000, 0x000000008b800000, 0x000000008b800000|100%| E|CS|TAMS 0x000000008b700000, 0x000000008b700000| Complete 
| 184|0x000000008b800000, 0x000000008b900000, 0x000000008b900000|100%| E|CS|TAMS 0x000000008b800000, 0x000000008b800000| Complete 
| 185|0x000000008b900000, 0x000000008ba00000, 0x000000008ba00000|100%| E|  |TAMS 0x000000008b900000, 0x000000008b900000| Complete 
| 186|0x000000008ba00000, 0x000000008bb00000, 0x000000008bb00000|100%| E|CS|TAMS 0x000000008ba00000, 0x000000008ba00000| Complete 
| 187|0x000000008bb00000, 0x000000008bc00000, 0x000000008bc00000|100%| E|CS|TAMS 0x000000008bb00000, 0x000000008bb00000| Complete 
| 188|0x000000008bc00000, 0x000000008bd00000, 0x000000008bd00000|100%| E|CS|TAMS 0x000000008bc00000, 0x000000008bc00000| Complete 
| 189|0x000000008bd00000, 0x000000008be00000, 0x000000008be00000|100%| E|CS|TAMS 0x000000008bd00000, 0x000000008bd00000| Complete 
| 190|0x000000008be00000, 0x000000008bf00000, 0x000000008bf00000|100%| E|CS|TAMS 0x000000008be00000, 0x000000008be00000| Complete 
| 191|0x000000008bf00000, 0x000000008c000000, 0x000000008c000000|100%| E|CS|TAMS 0x000000008bf00000, 0x000000008bf00000| Complete 
| 192|0x000000008c000000, 0x000000008c100000, 0x000000008c100000|100%| E|CS|TAMS 0x000000008c000000, 0x000000008c000000| Complete 
| 193|0x000000008c100000, 0x000000008c200000, 0x000000008c200000|100%| E|CS|TAMS 0x000000008c100000, 0x000000008c100000| Complete 
| 194|0x000000008c200000, 0x000000008c300000, 0x000000008c300000|100%| E|CS|TAMS 0x000000008c200000, 0x000000008c200000| Complete 
| 195|0x000000008c300000, 0x000000008c400000, 0x000000008c400000|100%| E|CS|TAMS 0x000000008c300000, 0x000000008c300000| Complete 
| 196|0x000000008c400000, 0x000000008c500000, 0x000000008c500000|100%| E|CS|TAMS 0x000000008c400000, 0x000000008c400000| Complete 
| 197|0x000000008c500000, 0x000000008c600000, 0x000000008c600000|100%| E|CS|TAMS 0x000000008c500000, 0x000000008c500000| Complete 
| 198|0x000000008c600000, 0x000000008c700000, 0x000000008c700000|100%| E|CS|TAMS 0x000000008c600000, 0x000000008c600000| Complete 
| 199|0x000000008c700000, 0x000000008c800000, 0x000000008c800000|100%| E|CS|TAMS 0x000000008c700000, 0x000000008c700000| Complete 
| 200|0x000000008c800000, 0x000000008c900000, 0x000000008c900000|100%| E|CS|TAMS 0x000000008c800000, 0x000000008c800000| Complete 
| 201|0x000000008c900000, 0x000000008ca00000, 0x000000008ca00000|100%| E|CS|TAMS 0x000000008c900000, 0x000000008c900000| Complete 
| 202|0x000000008ca00000, 0x000000008cb00000, 0x000000008cb00000|100%| E|CS|TAMS 0x000000008ca00000, 0x000000008ca00000| Complete 
| 203|0x000000008cb00000, 0x000000008cc00000, 0x000000008cc00000|100%| E|CS|TAMS 0x000000008cb00000, 0x000000008cb00000| Complete 
| 204|0x000000008cc00000, 0x000000008cd00000, 0x000000008cd00000|100%| E|CS|TAMS 0x000000008cc00000, 0x000000008cc00000| Complete 
| 205|0x000000008cd00000, 0x000000008ce00000, 0x000000008ce00000|100%| E|CS|TAMS 0x000000008cd00000, 0x000000008cd00000| Complete 
| 206|0x000000008ce00000, 0x000000008cf00000, 0x000000008cf00000|100%| E|CS|TAMS 0x000000008ce00000, 0x000000008ce00000| Complete 
| 207|0x000000008cf00000, 0x000000008d000000, 0x000000008d000000|100%| E|CS|TAMS 0x000000008cf00000, 0x000000008cf00000| Complete 
| 208|0x000000008d000000, 0x000000008d100000, 0x000000008d100000|100%| E|CS|TAMS 0x000000008d000000, 0x000000008d000000| Complete 
| 209|0x000000008d100000, 0x000000008d200000, 0x000000008d200000|100%| E|CS|TAMS 0x000000008d100000, 0x000000008d100000| Complete 
| 210|0x000000008d200000, 0x000000008d300000, 0x000000008d300000|100%| E|CS|TAMS 0x000000008d200000, 0x000000008d200000| Complete 
| 211|0x000000008d300000, 0x000000008d400000, 0x000000008d400000|100%| E|CS|TAMS 0x000000008d300000, 0x000000008d300000| Complete 
| 212|0x000000008d400000, 0x000000008d500000, 0x000000008d500000|100%| E|CS|TAMS 0x000000008d400000, 0x000000008d400000| Complete 
| 213|0x000000008d500000, 0x000000008d600000, 0x000000008d600000|100%| E|CS|TAMS 0x000000008d500000, 0x000000008d500000| Complete 
| 214|0x000000008d600000, 0x000000008d700000, 0x000000008d700000|100%| E|CS|TAMS 0x000000008d600000, 0x000000008d600000| Complete 
| 215|0x000000008d700000, 0x000000008d800000, 0x000000008d800000|100%| E|CS|TAMS 0x000000008d700000, 0x000000008d700000| Complete 
| 216|0x000000008d800000, 0x000000008d900000, 0x000000008d900000|100%| E|CS|TAMS 0x000000008d800000, 0x000000008d800000| Complete 
| 217|0x000000008d900000, 0x000000008da00000, 0x000000008da00000|100%| E|CS|TAMS 0x000000008d900000, 0x000000008d900000| Complete 
| 218|0x000000008da00000, 0x000000008db00000, 0x000000008db00000|100%| E|CS|TAMS 0x000000008da00000, 0x000000008da00000| Complete 
| 219|0x000000008db00000, 0x000000008dc00000, 0x000000008dc00000|100%| E|CS|TAMS 0x000000008db00000, 0x000000008db00000| Complete 

Card table byte_map: [0x0000017a138a0000,0x0000017a13ca0000] _byte_map_base: 0x0000017a134a0000

Marking Bits (Prev, Next): (CMBitMap*) 0x0000017a7ee9dda0, (CMBitMap*) 0x0000017a7ee9dd68
 Prev Bits: [0x0000017a160a0000, 0x0000017a180a0000)
 Next Bits: [0x0000017a140a0000, 0x0000017a160a0000)

Polling page: 0x0000017a00000000

Metaspace:

Usage:
  Non-class:     74.18 MB capacity,    72.68 MB ( 98%) used,     1.25 MB (  2%) free+waste,   258.69 KB ( <1%) overhead. 
      Class:     11.63 MB capacity,    10.79 MB ( 93%) used,   736.01 KB (  6%) free+waste,   117.56 KB ( <1%) overhead. 
       Both:     85.81 MB capacity,    83.48 MB ( 97%) used,     1.97 MB (  2%) free+waste,   376.25 KB ( <1%) overhead. 

Virtual space:
  Non-class space:       76.00 MB reserved,      74.25 MB ( 98%) committed 
      Class space:        1.00 GB reserved,      11.70 MB (  1%) committed 
             Both:        1.07 GB reserved,      85.95 MB (  8%) committed 

Chunk freelists:
   Non-Class:  3.00 KB
       Class:  0 bytes
        Both:  3.00 KB

MaxMetaspaceSize: 17179869184.00 GB
CompressedClassSpaceSize: 1.00 GB

CodeHeap 'non-profiled nmethods': size=120000Kb used=5408Kb max_used=5408Kb free=114591Kb
 bounds [0x0000017a0b500000, 0x0000017a0ba50000, 0x0000017a12a30000]
CodeHeap 'profiled nmethods': size=120000Kb used=21250Kb max_used=21250Kb free=98749Kb
 bounds [0x0000017a03fd0000, 0x0000017a054a0000, 0x0000017a0b500000]
CodeHeap 'non-nmethods': size=5760Kb used=2281Kb max_used=2326Kb free=3478Kb
 bounds [0x0000017a03a30000, 0x0000017a03ca0000, 0x0000017a03fd0000]
 total_blobs=10909 nmethods=10031 adapters=789
 compilation: enabled
              stopped_count=0, restarted_count=0
 full_count=0

Compilation events (20 events):
Event: 10.129 Thread 0x0000017a1b50d800 nmethod 10136 0x0000017a05488c90 code [0x0000017a05488e60, 0x0000017a05489098]
Event: 10.129 Thread 0x0000017a1df14800 nmethod 10124 0x0000017a0ba46710 code [0x0000017a0ba46900, 0x0000017a0ba46df8]
Event: 10.129 Thread 0x0000017a1df14800 10133       4       com.android.tools.r8.graph.h::hashCode (109 bytes)
Event: 10.129 Thread 0x0000017a1b50d800 10137   !   3       com.android.tools.r8.graph.c0::K (89 bytes)
Event: 10.130 Thread 0x0000017a1df14800 nmethod 10133 0x0000017a0ba47210 code [0x0000017a0ba473a0, 0x0000017a0ba47458]
Event: 10.130 Thread 0x0000017a1df14800 10139       4       com.android.tools.r8.internal.Xe::c (23 bytes)
Event: 10.131 Thread 0x0000017a1df14800 nmethod 10139 0x0000017a0ba47510 code [0x0000017a0ba476a0, 0x0000017a0ba47758]
Event: 10.131 Thread 0x0000017a1b50d800 nmethod 10137 0x0000017a05489190 code [0x0000017a054894e0, 0x0000017a0548a958]
Event: 10.131 Thread 0x0000017a1b50d800 10141       3       com.android.tools.r8.graph.T::a (35 bytes)
Event: 10.131 Thread 0x0000017a1b50d800 nmethod 10141 0x0000017a0548b290 code [0x0000017a0548b460, 0x0000017a0548b718]
Event: 10.131 Thread 0x0000017a1b50d800 10138       3       com.android.tools.r8.graph.d0::F (8 bytes)
Event: 10.131 Thread 0x0000017a1df14800 10140       4       com.android.tools.r8.internal.Xe::d (140 bytes)
Event: 10.131 Thread 0x0000017a1b50d800 nmethod 10138 0x0000017a0548b890 code [0x0000017a0548ba40, 0x0000017a0548bb68]
Event: 10.131 Thread 0x0000017a1b50d800 10142       3       com.android.tools.r8.graph.T::b (16 bytes)
Event: 10.132 Thread 0x0000017a1b50d800 nmethod 10142 0x0000017a0548bc10 code [0x0000017a0548bea0, 0x0000017a0548c988]
Event: 10.132 Thread 0x0000017a1df14800 nmethod 10140 0x0000017a0ba47810 code [0x0000017a0ba479a0, 0x0000017a0ba47a58]
Event: 10.132 Thread 0x0000017a1df14800 10118       4       java.io.DataOutputStream::writeLong (118 bytes)
Event: 10.134 Thread 0x0000017a1df14800 nmethod 10118 0x0000017a0ba47b10 code [0x0000017a0ba47ca0, 0x0000017a0ba47df8]
Event: 10.134 Thread 0x0000017a1df14800 10143 % !   4       java.util.concurrent.ConcurrentHashMap::transfer @ 96 (828 bytes)
Event: 10.135 Thread 0x0000017a1b50d800 10145       3       com.android.tools.r8.internal.xu::a (33 bytes)

GC Heap History (20 events):
Event: 3.936 GC heap before
{Heap before GC invocations=9 (full 0):
 garbage-first heap   total 155648K, used 101031K [0x0000000080000000, 0x0000000100000000)
  region size 1024K, 80 young (81920K), 9 survivors (9216K)
 Metaspace       used 46289K, capacity 47464K, committed 47692K, reserved 1091584K
  class space    used 5934K, capacity 6365K, committed 6476K, reserved 1048576K
}
Event: 3.944 GC heap after
{Heap after GC invocations=10 (full 0):
 garbage-first heap   total 155648K, used 29843K [0x0000000080000000, 0x0000000100000000)
  region size 1024K, 8 young (8192K), 8 survivors (8192K)
 Metaspace       used 46289K, capacity 47464K, committed 47692K, reserved 1091584K
  class space    used 5934K, capacity 6365K, committed 6476K, reserved 1048576K
}
Event: 4.952 GC heap before
{Heap before GC invocations=10 (full 0):
 garbage-first heap   total 155648K, used 112787K [0x0000000080000000, 0x0000000100000000)
  region size 1024K, 86 young (88064K), 8 survivors (8192K)
 Metaspace       used 53572K, capacity 54984K, committed 55244K, reserved 1097728K
  class space    used 6828K, capacity 7359K, committed 7372K, reserved 1048576K
}
Event: 4.964 GC heap after
{Heap after GC invocations=11 (full 0):
 garbage-first heap   total 155648K, used 42723K [0x0000000080000000, 0x0000000100000000)
  region size 1024K, 11 young (11264K), 11 survivors (11264K)
 Metaspace       used 53572K, capacity 54984K, committed 55244K, reserved 1097728K
  class space    used 6828K, capacity 7359K, committed 7372K, reserved 1048576K
}
Event: 5.342 GC heap before
{Heap before GC invocations=11 (full 0):
 garbage-first heap   total 155648K, used 71395K [0x0000000080000000, 0x0000000100000000)
  region size 1024K, 40 young (40960K), 11 survivors (11264K)
 Metaspace       used 58647K, capacity 60168K, committed 60236K, reserved 1101824K
  class space    used 7413K, capacity 7975K, committed 8012K, reserved 1048576K
}
Event: 5.355 GC heap after
{Heap after GC invocations=12 (full 0):
 garbage-first heap   total 187392K, used 44576K [0x0000000080000000, 0x0000000100000000)
  region size 1024K, 2 young (2048K), 2 survivors (2048K)
 Metaspace       used 58647K, capacity 60168K, committed 60236K, reserved 1101824K
  class space    used 7413K, capacity 7975K, committed 8012K, reserved 1048576K
}
Event: 5.952 GC heap before
{Heap before GC invocations=13 (full 0):
 garbage-first heap   total 187392K, used 113184K [0x0000000080000000, 0x0000000100000000)
  region size 1024K, 69 young (70656K), 2 survivors (2048K)
 Metaspace       used 64349K, capacity 65903K, committed 66124K, reserved 1105920K
  class space    used 8154K, capacity 8698K, committed 8780K, reserved 1048576K
}
Event: 5.958 GC heap after
{Heap after GC invocations=14 (full 0):
 garbage-first heap   total 187392K, used 49575K [0x0000000080000000, 0x0000000100000000)
  region size 1024K, 7 young (7168K), 7 survivors (7168K)
 Metaspace       used 64349K, capacity 65903K, committed 66124K, reserved 1105920K
  class space    used 8154K, capacity 8698K, committed 8780K, reserved 1048576K
}
Event: 6.603 GC heap before
{Heap before GC invocations=14 (full 0):
 garbage-first heap   total 187392K, used 119207K [0x0000000080000000, 0x0000000100000000)
  region size 1024K, 75 young (76800K), 7 survivors (7168K)
 Metaspace       used 69976K, capacity 71620K, committed 71884K, reserved 1112064K
  class space    used 9021K, capacity 9636K, committed 9676K, reserved 1048576K
}
Event: 6.611 GC heap after
{Heap after GC invocations=15 (full 0):
 garbage-first heap   total 187392K, used 55422K [0x0000000080000000, 0x0000000100000000)
  region size 1024K, 6 young (6144K), 6 survivors (6144K)
 Metaspace       used 69976K, capacity 71620K, committed 71884K, reserved 1112064K
  class space    used 9021K, capacity 9636K, committed 9676K, reserved 1048576K
}
Event: 7.147 GC heap before
{Heap before GC invocations=15 (full 0):
 garbage-first heap   total 187392K, used 126078K [0x0000000080000000, 0x0000000100000000)
  region size 1024K, 75 young (76800K), 6 survivors (6144K)
 Metaspace       used 75328K, capacity 77106K, committed 77260K, reserved 1116160K
  class space    used 9786K, capacity 10428K, committed 10444K, reserved 1048576K
}
Event: 7.154 GC heap after
{Heap after GC invocations=16 (full 0):
 garbage-first heap   total 187392K, used 59810K [0x0000000080000000, 0x0000000100000000)
  region size 1024K, 5 young (5120K), 5 survivors (5120K)
 Metaspace       used 75328K, capacity 77106K, committed 77260K, reserved 1116160K
  class space    used 9786K, capacity 10428K, committed 10444K, reserved 1048576K
}
Event: 7.984 GC heap before
{Heap before GC invocations=16 (full 0):
 garbage-first heap   total 187392K, used 131490K [0x0000000080000000, 0x0000000100000000)
  region size 1024K, 75 young (76800K), 5 survivors (5120K)
 Metaspace       used 80970K, capacity 83037K, committed 83276K, reserved 1122304K
  class space    used 10517K, capacity 11291K, committed 11340K, reserved 1048576K
}
Event: 7.994 GC heap after
{Heap after GC invocations=17 (full 0):
 garbage-first heap   total 187392K, used 66691K [0x0000000080000000, 0x0000000100000000)
  region size 1024K, 10 young (10240K), 10 survivors (10240K)
 Metaspace       used 80970K, capacity 83037K, committed 83276K, reserved 1122304K
  class space    used 10517K, capacity 11291K, committed 11340K, reserved 1048576K
}
Event: 8.738 GC heap before
{Heap before GC invocations=17 (full 0):
 garbage-first heap   total 187392K, used 135299K [0x0000000080000000, 0x0000000100000000)
  region size 1024K, 78 young (79872K), 10 survivors (10240K)
 Metaspace       used 82325K, capacity 84443K, committed 84684K, reserved 1122304K
  class space    used 10655K, capacity 11434K, committed 11468K, reserved 1048576K
}
Event: 8.750 GC heap after
{Heap after GC invocations=18 (full 0):
 garbage-first heap   total 187392K, used 72099K [0x0000000080000000, 0x0000000100000000)
  region size 1024K, 6 young (6144K), 6 survivors (6144K)
 Metaspace       used 82325K, capacity 84443K, committed 84684K, reserved 1122304K
  class space    used 10655K, capacity 11434K, committed 11468K, reserved 1048576K
}
Event: 9.449 GC heap before
{Heap before GC invocations=18 (full 0):
 garbage-first heap   total 187392K, used 140707K [0x0000000080000000, 0x0000000100000000)
  region size 1024K, 73 young (74752K), 6 survivors (6144K)
 Metaspace       used 83092K, capacity 85366K, committed 85580K, reserved 1124352K
  class space    used 10702K, capacity 11521K, committed 11596K, reserved 1048576K
}
Event: 9.470 GC heap after
{Heap after GC invocations=19 (full 0):
 garbage-first heap   total 225280K, used 75917K [0x0000000080000000, 0x0000000100000000)
  region size 1024K, 9 young (9216K), 9 survivors (9216K)
 Metaspace       used 83092K, capacity 85366K, committed 85580K, reserved 1124352K
  class space    used 10702K, capacity 11521K, committed 11596K, reserved 1048576K
}
Event: 10.008 GC heap before
{Heap before GC invocations=19 (full 0):
 garbage-first heap   total 225280K, used 159885K [0x0000000080000000, 0x0000000100000000)
  region size 1024K, 93 young (95232K), 9 survivors (9216K)
 Metaspace       used 84203K, capacity 86485K, committed 86860K, reserved 1124352K
  class space    used 10868K, capacity 11720K, committed 11852K, reserved 1048576K
}
Event: 10.021 GC heap after
{Heap after GC invocations=20 (full 0):
 garbage-first heap   total 225280K, used 89088K [0x0000000080000000, 0x0000000100000000)
  region size 1024K, 12 young (12288K), 12 survivors (12288K)
 Metaspace       used 84203K, capacity 86485K, committed 86860K, reserved 1124352K
  class space    used 10868K, capacity 11720K, committed 11852K, reserved 1048576K
}

Deoptimization events (20 events):
Event: 10.024 Thread 0x0000017a1d633800 DEOPT PACKING pc=0x0000017a054548c4 sp=0x0000000555bfa970
Event: 10.024 Thread 0x0000017a1d633800 DEOPT UNPACKING pc=0x0000017a03a576ce sp=0x0000000555bf9e50 mode 0
Event: 10.029 Thread 0x0000017a1d633800 DEOPT PACKING pc=0x0000017a054548c4 sp=0x0000000555bfa970
Event: 10.029 Thread 0x0000017a1d633800 DEOPT UNPACKING pc=0x0000017a03a576ce sp=0x0000000555bf9e50 mode 0
Event: 10.034 Thread 0x0000017a1d633800 DEOPT PACKING pc=0x0000017a054548c4 sp=0x0000000555bfa970
Event: 10.034 Thread 0x0000017a1d633800 DEOPT UNPACKING pc=0x0000017a03a576ce sp=0x0000000555bf9e50 mode 0
Event: 10.039 Thread 0x0000017a20dd7000 DEOPT PACKING pc=0x0000017a054548c4 sp=0x00000005562fad60
Event: 10.039 Thread 0x0000017a20dd7000 DEOPT UNPACKING pc=0x0000017a03a576ce sp=0x00000005562fa240 mode 0
Event: 10.045 Thread 0x0000017a1d636000 DEOPT PACKING pc=0x0000017a054548c4 sp=0x0000000555dfa7c0
Event: 10.045 Thread 0x0000017a1d636000 DEOPT UNPACKING pc=0x0000017a03a576ce sp=0x0000000555df9ca0 mode 0
Event: 10.051 Thread 0x0000017a1d63a000 DEOPT PACKING pc=0x0000017a054548c4 sp=0x0000000555efab80
Event: 10.051 Thread 0x0000017a1d63a000 DEOPT UNPACKING pc=0x0000017a03a576ce sp=0x0000000555efa060 mode 0
Event: 10.060 Thread 0x0000017a1d63a000 Uncommon trap: trap_request=0xffffffde fr.pc=0x0000017a0b6bfd54 relative=0x0000000000000514
Event: 10.060 Thread 0x0000017a1d63a000 Uncommon trap: reason=class_check action=maybe_recompile pc=0x0000017a0b6bfd54 method=java.lang.Throwable.<init>(Ljava/lang/String;Ljava/lang/Throwable;)V @ 24 c2
Event: 10.060 Thread 0x0000017a1d63a000 DEOPT PACKING pc=0x0000017a0b6bfd54 sp=0x0000000555efaee0
Event: 10.060 Thread 0x0000017a1d63a000 DEOPT UNPACKING pc=0x0000017a03a578af sp=0x0000000555efaea8 mode 2
Event: 10.122 Thread 0x0000017a1d63a000 Uncommon trap: trap_request=0xffffffde fr.pc=0x0000017a0b6bfd54 relative=0x0000000000000514
Event: 10.122 Thread 0x0000017a1d63a000 Uncommon trap: reason=class_check action=maybe_recompile pc=0x0000017a0b6bfd54 method=java.lang.Throwable.<init>(Ljava/lang/String;Ljava/lang/Throwable;)V @ 24 c2
Event: 10.122 Thread 0x0000017a1d63a000 DEOPT PACKING pc=0x0000017a0b6bfd54 sp=0x0000000555efddf0
Event: 10.122 Thread 0x0000017a1d63a000 DEOPT UNPACKING pc=0x0000017a03a578af sp=0x0000000555efddb8 mode 2

Classes redefined (0 events):
No events

Internal exceptions (20 events):
Event: 7.841 Thread 0x0000017a1e8ee800 Exception <a 'java/lang/NoSuchMethodError'{0x00000000878a1a10}: <clinit>> (0x00000000878a1a10) thrown at [./src/hotspot/share/prims/jni.cpp, line 1362]
Event: 7.886 Thread 0x0000017a1d953800 Exception <a 'java/lang/NoSuchMethodError'{0x00000000877be920}: 'java.lang.Object java.lang.invoke.Invokers$Holder.linkToTargetMethod(java.lang.Object, java.lang.Object, java.lang.Object, int, java.lang.Object, java.lang.Object)'> (0x00000000877be920) thrown at [./src/hotspot/share/interpreter/linkResolver.cpp, line 773]
Event: 7.893 Thread 0x0000017a1d953800 Exception <a 'java/lang/IncompatibleClassChangeError'{0x000000008761e608}: Found class java.lang.Object, but interface was expected> (0x000000008761e608) thrown at [./src/hotspot/share/interpreter/linkResolver.cpp, line 839]
Event: 7.907 Thread 0x0000017a1d953800 Exception <a 'java/lang/NoSuchMethodError'{0x00000000875ee790}: 'int java.lang.invoke.DirectMethodHandle$Holder.invokeStaticInit(java.lang.Object, java.lang.Object, java.lang.Object, java.lang.Object, java.lang.Object)'> (0x00000000875ee790) thrown at [./src/hotspot/share/interpreter/linkResolver.cpp, line 773]
Event: 8.151 Thread 0x0000017a20dd4800 Exception <a 'java/lang/NoSuchMethodError'{0x000000008ad966d8}: 'java.lang.Object java.lang.invoke.DirectMethodHandle$Holder.invokeSpecialIFC(java.lang.Object, java.lang.Object, java.lang.Object)'> (0x000000008ad966d8) thrown at [./src/hotspot/share/interpreter/linkResolver.cpp, line 773]
Event: 8.259 Thread 0x0000017a20dd5800 Exception <a 'java/lang/NoSuchMethodError'{0x000000008a749248}: 'void java.lang.invoke.DirectMethodHandle$Holder.invokeVirtual(java.lang.Object, java.lang.Object)'> (0x000000008a749248) thrown at [./src/hotspot/share/interpreter/linkResolver.cpp, line 773]
Event: 8.259 Thread 0x0000017a1d636000 Exception <a 'java/lang/NoSuchMethodError'{0x0000000089fac2b0}: 'void java.lang.invoke.DirectMethodHandle$Holder.invokeVirtual(java.lang.Object, java.lang.Object)'> (0x0000000089fac2b0) thrown at [./src/hotspot/share/interpreter/linkResolver.cpp, line 773]
Event: 8.790 Thread 0x0000017a20dd7000 Implicit null exception at 0x0000017a0b74c4b4 to 0x0000017a0b74c51a
Event: 9.208 Thread 0x0000017a1d953800 Exception <a 'java/lang/NoSuchMethodError'{0x0000000088c23118}: <clinit>> (0x0000000088c23118) thrown at [./src/hotspot/share/prims/jni.cpp, line 1362]
Event: 9.208 Thread 0x0000017a1d953800 Exception <a 'java/lang/NoSuchMethodError'{0x0000000088c24450}: <clinit>> (0x0000000088c24450) thrown at [./src/hotspot/share/prims/jni.cpp, line 1362]
Event: 9.208 Thread 0x0000017a1d953800 Exception <a 'java/lang/NoSuchMethodError'{0x0000000088c26ba0}: <clinit>> (0x0000000088c26ba0) thrown at [./src/hotspot/share/prims/jni.cpp, line 1362]
Event: 9.210 Thread 0x0000017a1d953800 Exception <a 'java/lang/NoSuchMethodError'{0x0000000088c40230}: <clinit>> (0x0000000088c40230) thrown at [./src/hotspot/share/prims/jni.cpp, line 1362]
Event: 9.210 Thread 0x0000017a1d953800 Exception <a 'java/lang/NoSuchMethodError'{0x0000000088c41710}: <clinit>> (0x0000000088c41710) thrown at [./src/hotspot/share/prims/jni.cpp, line 1362]
Event: 9.379 Thread 0x0000017a1d953800 Exception <a 'java/lang/NoSuchMethodError'{0x0000000087b47968}: 'int java.lang.invoke.DirectMethodHandle$Holder.invokeSpecial(java.lang.Object, java.lang.Object, java.lang.Object, java.lang.Object, java.lang.Object)'> (0x0000000087b47968) thrown at [./src/hotspot/share/interpreter/linkResolver.cpp, line 773]
Event: 9.990 Thread 0x0000017a20dd4800 Exception <a 'sun/nio/fs/WindowsException'{0x0000000089479b48}> (0x0000000089479b48) thrown at [./src/hotspot/share/prims/jni.cpp, line 615]
Event: 10.031 Thread 0x0000017a20dd5800 Exception <a 'sun/nio/fs/WindowsException'{0x000000008d442e00}> (0x000000008d442e00) thrown at [./src/hotspot/share/prims/jni.cpp, line 615]
Event: 10.040 Thread 0x0000017a1d633800 Exception <a 'sun/nio/fs/WindowsException'{0x000000008cd56500}> (0x000000008cd56500) thrown at [./src/hotspot/share/prims/jni.cpp, line 615]
Event: 10.054 Thread 0x0000017a1d636000 Exception <a 'sun/nio/fs/WindowsException'{0x000000008c5a1a90}> (0x000000008c5a1a90) thrown at [./src/hotspot/share/prims/jni.cpp, line 615]
Event: 10.059 Thread 0x0000017a1d63a000 Exception <a 'java/lang/OutOfMemoryError'{0x000000008c370168}> (0x000000008c370168) thrown at [./src/hotspot/share/prims/jni.cpp, line 636]
Event: 10.078 Thread 0x0000017a1d63a000 Exception <a 'java/lang/NoSuchMethodError'{0x000000008c0bc610}: 'void java.lang.invoke.DirectMethodHandle$Holder.invokeStatic(java.lang.Object, java.lang.Object, java.lang.Object, java.lang.Object, java.lang.Object, java.lang.Object, java.lang.Object)'> (0x000000008c0bc610) thrown at [./src/hotspot/share/interpreter/linkResolver.cpp, line 773]

Events (20 events):
Event: 10.131 loading class com/android/tools/r8/internal/qE
Event: 10.131 loading class com/android/tools/r8/internal/qE done
Event: 10.131 loading class com/android/tools/r8/graph/T$O
Event: 10.131 loading class com/android/tools/r8/graph/T$O done
Event: 10.131 loading class com/android/tools/r8/graph/T$R
Event: 10.131 loading class com/android/tools/r8/graph/T$R done
Event: 10.132 loading class com/android/tools/r8/internal/oe
Event: 10.132 loading class com/android/tools/r8/internal/oe done
Event: 10.132 loading class com/android/tools/r8/internal/wq
Event: 10.132 loading class com/android/tools/r8/internal/wq done
Event: 10.133 loading class com/android/tools/r8/internal/le
Event: 10.133 loading class com/android/tools/r8/internal/le done
Event: 10.134 loading class com/android/tools/r8/internal/Nf$a
Event: 10.134 loading class com/android/tools/r8/internal/Nf$a done
Event: 10.134 loading class com/android/tools/r8/internal/ef
Event: 10.134 loading class com/android/tools/r8/internal/ef done
Event: 10.135 loading class com/android/tools/r8/internal/vq
Event: 10.135 loading class com/android/tools/r8/internal/vq done
Event: 10.135 loading class com/android/tools/r8/internal/uq
Event: 10.135 loading class com/android/tools/r8/internal/uq done


Dynamic libraries:
0x00007ff795da0000 - 0x00007ff795daa000 	C:\Program Files\Android\Android Studio\jre\bin\java.exe
0x00007ffe03470000 - 0x00007ffe03665000 	C:\WINDOWS\SYSTEM32\ntdll.dll
0x00007ffe02f00000 - 0x00007ffe02fbd000 	C:\WINDOWS\System32\KERNEL32.DLL
0x00007ffe00c50000 - 0x00007ffe00f19000 	C:\WINDOWS\System32\KERNELBASE.dll
0x00007ffdfe3e0000 - 0x00007ffdfe470000 	C:\WINDOWS\SYSTEM32\apphelp.dll
0x00007ffe012e0000 - 0x00007ffe013e0000 	C:\WINDOWS\System32\ucrtbase.dll
0x00007ffde9ed0000 - 0x00007ffde9ee9000 	C:\Program Files\Android\Android Studio\jre\bin\jli.dll
0x00007ffde90f0000 - 0x00007ffde9107000 	C:\Program Files\Android\Android Studio\jre\bin\VCRUNTIME140.dll
0x00007ffe02fc0000 - 0x00007ffe03160000 	C:\WINDOWS\System32\USER32.dll
0x00007ffe00ba0000 - 0x00007ffe00bc2000 	C:\WINDOWS\System32\win32u.dll
0x00007ffdecfb0000 - 0x00007ffded24a000 	C:\WINDOWS\WinSxS\amd64_microsoft.windows.common-controls_6595b64144ccf1df_6.0.19041.1110_none_60b5254171f9507e\COMCTL32.dll
0x00007ffe01590000 - 0x00007ffe015ba000 	C:\WINDOWS\System32\GDI32.dll
0x00007ffe015c0000 - 0x00007ffe0165e000 	C:\WINDOWS\System32\msvcrt.dll
0x00007ffe00fd0000 - 0x00007ffe010db000 	C:\WINDOWS\System32\gdi32full.dll
0x00007ffe01240000 - 0x00007ffe012dd000 	C:\WINDOWS\System32\msvcp_win.dll
0x00007ffe01f00000 - 0x00007ffe01f30000 	C:\WINDOWS\System32\IMM32.DLL
0x00007ffde1950000 - 0x00007ffde19ed000 	C:\Program Files\Android\Android Studio\jre\bin\msvcp140.dll
0x00007ffdb37d0000 - 0x00007ffdb429f000 	C:\Program Files\Android\Android Studio\jre\bin\server\jvm.dll
0x00007ffe032f0000 - 0x00007ffe0339c000 	C:\WINDOWS\System32\ADVAPI32.dll
0x00007ffe01d80000 - 0x00007ffe01e1b000 	C:\WINDOWS\System32\sechost.dll
0x00007ffe03160000 - 0x00007ffe0328a000 	C:\WINDOWS\System32\RPCRT4.dll
0x00007ffe014d0000 - 0x00007ffe014d8000 	C:\WINDOWS\System32\PSAPI.DLL
0x00007ffdfca30000 - 0x00007ffdfca39000 	C:\WINDOWS\SYSTEM32\WSOCK32.dll
0x00007ffe01ca0000 - 0x00007ffe01d0b000 	C:\WINDOWS\System32\WS2_32.dll
0x00007ffde9730000 - 0x00007ffde9757000 	C:\WINDOWS\SYSTEM32\WINMM.dll
0x00007ffdf8fb0000 - 0x00007ffdf8fba000 	C:\WINDOWS\SYSTEM32\VERSION.dll
0x00007ffdfea90000 - 0x00007ffdfeaa2000 	C:\WINDOWS\SYSTEM32\kernel.appcore.dll
0x00007ffdfbb40000 - 0x00007ffdfbb51000 	C:\Program Files\Android\Android Studio\jre\bin\verify.dll
0x00007ffdec8e0000 - 0x00007ffdecac4000 	C:\WINDOWS\SYSTEM32\DBGHELP.DLL
0x00007ffde96d0000 - 0x00007ffde96fc000 	C:\WINDOWS\SYSTEM32\dbgcore.DLL
0x00007ffe013e0000 - 0x00007ffe01463000 	C:\WINDOWS\System32\bcryptPrimitives.dll
0x00007ffdfbb10000 - 0x00007ffdfbb39000 	C:\Program Files\Android\Android Studio\jre\bin\java.dll
0x00007ffdfca10000 - 0x00007ffdfca1b000 	C:\Program Files\Android\Android Studio\jre\bin\jimage.dll
0x00007ffdfb490000 - 0x00007ffdfb4a8000 	C:\Program Files\Android\Android Studio\jre\bin\zip.dll
0x00007ffe027c0000 - 0x00007ffe02eff000 	C:\WINDOWS\System32\SHELL32.dll
0x00007ffdfec90000 - 0x00007ffdff420000 	C:\WINDOWS\SYSTEM32\windows.storage.dll
0x00007ffe02050000 - 0x00007ffe023a5000 	C:\WINDOWS\System32\combase.dll
0x00007ffe00600000 - 0x00007ffe0062c000 	C:\WINDOWS\SYSTEM32\Wldp.dll
0x00007ffe02710000 - 0x00007ffe027be000 	C:\WINDOWS\System32\SHCORE.dll
0x00007ffe01d10000 - 0x00007ffe01d65000 	C:\WINDOWS\System32\shlwapi.dll
0x00007ffe00ae0000 - 0x00007ffe00aff000 	C:\WINDOWS\SYSTEM32\profapi.dll
0x00007ffdfa300000 - 0x00007ffdfa31a000 	C:\Program Files\Android\Android Studio\jre\bin\net.dll
0x00007ffdef3a0000 - 0x00007ffdef4a8000 	C:\WINDOWS\SYSTEM32\WINHTTP.dll
0x00007ffe00360000 - 0x00007ffe003ca000 	C:\WINDOWS\system32\mswsock.dll
0x00007ffdf7930000 - 0x00007ffdf7944000 	C:\Program Files\Android\Android Studio\jre\bin\nio.dll
0x00007ffde9d70000 - 0x00007ffde9d97000 	C:\Users\ANKIT\.gradle\native\8bec1ad78214c89d9ad589b4d07fe93259594b29d510b10fafb7a158f7737e5d\windows-amd64\native-platform.dll
0x00007ffddaa80000 - 0x00007ffddabbd000 	C:\Users\ANKIT\.gradle\native\53dbd7edfb1c66fb8903c78663c9afc45aea4f116125fa6feffd364cf09443e8\windows-amd64\native-platform-file-events.dll
0x00007ffdfc9a0000 - 0x00007ffdfc9aa000 	C:\Program Files\Android\Android Studio\jre\bin\management.dll
0x00007ffdf7890000 - 0x00007ffdf789c000 	C:\Program Files\Android\Android Studio\jre\bin\management_ext.dll
0x00007ffe00550000 - 0x00007ffe00568000 	C:\WINDOWS\SYSTEM32\CRYPTSP.dll
0x00007ffdffc70000 - 0x00007ffdffca4000 	C:\WINDOWS\system32\rsaenh.dll
0x00007ffe00c20000 - 0x00007ffe00c47000 	C:\WINDOWS\System32\bcrypt.dll
0x00007ffe00aa0000 - 0x00007ffe00ace000 	C:\WINDOWS\SYSTEM32\USERENV.dll
0x00007ffe00570000 - 0x00007ffe0057c000 	C:\WINDOWS\SYSTEM32\CRYPTBASE.dll
0x00007ffe00000000 - 0x00007ffe0003b000 	C:\WINDOWS\SYSTEM32\IPHLPAPI.DLL
0x00007ffe01d70000 - 0x00007ffe01d78000 	C:\WINDOWS\System32\NSI.dll
0x00007ffdf8750000 - 0x00007ffdf8767000 	C:\WINDOWS\SYSTEM32\dhcpcsvc6.DLL
0x00007ffdf9180000 - 0x00007ffdf919d000 	C:\WINDOWS\SYSTEM32\dhcpcsvc.DLL
0x00007ffe00050000 - 0x00007ffe0011c000 	C:\WINDOWS\SYSTEM32\DNSAPI.dll

dbghelp: loaded successfully - version: 4.0.5 - missing functions: none
symbol engine: initialized successfully - sym options: 0x614 - pdb path: .;C:\Program Files\Android\Android Studio\jre\bin;C:\WINDOWS\SYSTEM32;C:\WINDOWS\WinSxS\amd64_microsoft.windows.common-controls_6595b64144ccf1df_6.0.19041.1110_none_60b5254171f9507e;C:\Program Files\Android\Android Studio\jre\bin\server;C:\Users\ANKIT\.gradle\native\8bec1ad78214c89d9ad589b4d07fe93259594b29d510b10fafb7a158f7737e5d\windows-amd64;C:\Users\ANKIT\.gradle\native\53dbd7edfb1c66fb8903c78663c9afc45aea4f116125fa6feffd364cf09443e8\windows-amd64

VM Arguments:
jvm_args: --add-opens=java.base/java.util=ALL-UNNAMED --add-opens=java.base/java.lang=ALL-UNNAMED --add-opens=java.base/java.lang.invoke=ALL-UNNAMED --add-opens=java.base/java.util=ALL-UNNAMED --add-opens=java.prefs/java.util.prefs=ALL-UNNAMED --add-opens=java.prefs/java.util.prefs=ALL-UNNAMED --add-opens=java.base/java.nio.charset=ALL-UNNAMED --add-opens=java.base/java.net=ALL-UNNAMED --add-opens=java.base/java.util.concurrent.atomic=ALL-UNNAMED -Xmx2048m -Dfile.encoding=UTF-8 -Duser.country=IN -Duser.language=en -Duser.variant 
java_command: org.gradle.launcher.daemon.bootstrap.GradleDaemon 7.0.2
java_class_path (initial): C:\Users\ANKIT\.gradle\wrapper\dists\gradle-7.0.2-bin\857tjihv64xamwrf0h14cai3r\gradle-7.0.2\lib\gradle-launcher-7.0.2.jar
Launcher Type: SUN_STANDARD

[Global flags]
     intx CICompilerCount                          = 4                                         {product} {ergonomic}
     uint ConcGCThreads                            = 2                                         {product} {ergonomic}
     uint G1ConcRefinementThreads                  = 8                                         {product} {ergonomic}
   size_t G1HeapRegionSize                         = 1048576                                   {product} {ergonomic}
    uintx GCDrainStackTargetSize                   = 64                                        {product} {ergonomic}
   size_t InitialHeapSize                          = 132120576                                 {product} {ergonomic}
   size_t MarkStackSize                            = 4194304                                   {product} {ergonomic}
   size_t MaxHeapSize                              = 2147483648                                {product} {command line}
   size_t MaxNewSize                               = 1287651328                                {product} {ergonomic}
   size_t MinHeapDeltaBytes                        = 1048576                                   {product} {ergonomic}
    uintx NonNMethodCodeHeapSize                   = 5836300                                {pd product} {ergonomic}
    uintx NonProfiledCodeHeapSize                  = 122910970                              {pd product} {ergonomic}
    uintx ProfiledCodeHeapSize                     = 122910970                              {pd product} {ergonomic}
    uintx ReservedCodeCacheSize                    = 251658240                              {pd product} {ergonomic}
     bool SegmentedCodeCache                       = true                                      {product} {ergonomic}
     bool UseCompressedClassPointers               = true                                 {lp64_product} {ergonomic}
     bool UseCompressedOops                        = true                                 {lp64_product} {ergonomic}
     bool UseG1GC                                  = true                                      {product} {ergonomic}
     bool UseLargePagesIndividualAllocation        = false                                  {pd product} {ergonomic}

Logging:
Log output configuration:
 #0: stdout all=warning uptime,level,tags
 #1: stderr all=off uptime,level,tags

Environment Variables:
PATH=C:\WINDOWS\system32;C:\WINDOWS;C:\WINDOWS\System32\Wbem;C:\WINDOWS\System32\WindowsPowerShell\v1.0\;C:\WINDOWS\System32\OpenSSH\;C:\Program Files (x86)\Intel\Intel(R) Management Engine Components\DAL;C:\Program Files\Intel\Intel(R) Management Engine Components\DAL;C:\Program Files\Microsoft SQL Server\130\Tools\Binn\;C:\Program Files (x86)\NVIDIA Corporation\PhysX\Common;C:\Program Files\NVIDIA Corporation\NVIDIA NvDLISR;C:\Program Files\Java\jdk-14.0.2\bin;C:\WINDOWS\system32;C:\WINDOWS;C:\WINDOWS\System32\Wbem;C:\WINDOWS\System32\WindowsPowerShell\v1.0\;C:\WINDOWS\System32\OpenSSH\;C:\Program Files (x86)\dotnet\;C:\Users\ANKIT\AppData\Local\Programs\Python\Python37-32\Scripts\;C:\Users\ANKIT\AppData\Local\Programs\Python\Python37-32\;C:\Users\ANKIT\AppData\Local\Microsoft\WindowsApps;C:\Program Files\JetBrains\IntelliJ IDEA Community Edition 2020.2.1\bin;C:\Users\ANKIT\AppData\Local\Microsoft\WindowsApps;C:\src\flutter\bin;C:\Program Files\JetBrains\CLion 2021.2\bin;
USERNAME=ANKIT
OS=Windows_NT
PROCESSOR_IDENTIFIER=Intel64 Family 6 Model 158 Stepping 10, GenuineIntel



---------------  S Y S T E M  ---------------

OS: Windows 10 , 64 bit Build 19041 (10.0.19041.1151)
OS uptime: 0 days 12:56 hours

CPU:total 8 (initial active 8) (4 cores per cpu, 2 threads per core) family 6 model 158 stepping 10 microcode 0xb4, cmov, cx8, fxsr, mmx, sse, sse2, sse3, ssse3, sse4.1, sse4.2, popcnt, avx, avx2, aes, clmul, erms, 3dnowpref, lzcnt, ht, tsc, tscinvbit, bmi1, bmi2, adx, fma

Memory: 4k page, system-wide physical 8032M (396M free)
TotalPageFile size 13032M (AvailPageFile size 11M)
current process WorkingSet (physical memory assigned to process): 457M, peak: 463M
current process commit charge ("private bytes"): 536M, peak: 547M

vm_info: OpenJDK 64-Bit Server VM (11.0.10+0-b96-7249189) for windows-amd64 JRE (11.0.10+0-b96-7249189), built on Mar 31 2021 21:44:00 by "builder" with MS VC++ 14.0 (VS2015)

END.
