#
# There is insufficient memory for the Java Runtime Environment to continue.
# Native memory allocation (mmap) failed to map 159383552 bytes for Failed to commit area from 0x0000000090800000 to 0x000000009a000000 of length 159383552.
# Possible reasons:
#   The system is out of physical RAM or swap space
#   The process is running with CompressedOops enabled, and the Java Heap may be blocking the growth of the native heap
# Possible solutions:
#   Reduce memory load on the system
#   Increase physical memory or swap space
#   Check if swap backing store is full
#   Decrease Java heap size (-Xmx/-Xms)
#   Decrease number of Java threads
#   Decrease Java thread stack sizes (-Xss)
#   Set larger code cache with -XX:ReservedCodeCacheSize=
#   JVM is running with Unscaled Compressed Oops mode in which the Java heap is
#     placed in the first 4GB address space. The Java Heap base address is the
#     maximum limit for the native heap growth. Please use -XX:HeapBaseMinAddress
#     to set the Java Heap base and to place the Java Heap above 4GB virtual address.
# This output file may be truncated or incomplete.
#
#  Out of Memory Error (./src/hotspot/os/windows/os_windows.cpp:3301), pid=13588, tid=2968
#
# JRE version: OpenJDK Runtime Environment (11.0.10) (build 11.0.10+0-b96-7249189)
# Java VM: OpenJDK 64-Bit Server VM (11.0.10+0-b96-7249189, mixed mode, tiered, compressed oops, g1 gc, windows-amd64)
# No core dump will be written. Minidumps are not enabled by default on client versions of Windows
#

---------------  S U M M A R Y ------------

Command Line: --add-opens=java.base/java.util=ALL-UNNAMED --add-opens=java.base/java.lang=ALL-UNNAMED --add-opens=java.base/java.lang.invoke=ALL-UNNAMED --add-opens=java.base/java.util=ALL-UNNAMED --add-opens=java.prefs/java.util.prefs=ALL-UNNAMED --add-opens=java.prefs/java.util.prefs=ALL-UNNAMED --add-opens=java.base/java.nio.charset=ALL-UNNAMED --add-opens=java.base/java.net=ALL-UNNAMED --add-opens=java.base/java.util.concurrent.atomic=ALL-UNNAMED -Xmx2048m -Dfile.encoding=UTF-8 -Duser.country=IN -Duser.language=en -Duser.variant org.gradle.launcher.daemon.bootstrap.GradleDaemon 7.0.2

Host: Intel(R) Core(TM) i5-8300H CPU @ 2.30GHz, 8 cores, 7G,  Windows 10 , 64 bit Build 19041 (10.0.19041.1151)
Time: Thu Sep  2 14:05:57 2021 India Standard Time elapsed time: 4693.389717 seconds (0d 1h 18m 13s)

---------------  T H R E A D  ---------------

Current thread (0x00000199fc235000):  VMThread "VM Thread" [stack: 0x0000003835a00000,0x0000003835b00000] [id=2968]

Stack: [0x0000003835a00000,0x0000003835b00000]
[error occurred during error reporting (printing stack bounds), id 0xc0000005, EXCEPTION_ACCESS_VIOLATION (0xc0000005) at pc=0x0000019980000f2d]

Native frames: (J=compiled Java code, j=interpreted, Vv=VM code, C=native code)
V  [jvm.dll+0x5ecfaa]
V  [jvm.dll+0x722bd5]
V  [jvm.dll+0x72412d]
V  [jvm.dll+0x724745]
V  [jvm.dll+0x7246fb]
V  [jvm.dll+0x5ec348]
V  [jvm.dll+0x5ecad8]
C  [ntdll.dll+0xa217f]
C  [ntdll.dll+0x51454]
C  [ntdll.dll+0xa0cae]
C  0x0000019980000f2d

VM_Operation (0x00000038390f9d70): G1CollectForAllocation, mode: safepoint, requested by thread 0x000001998f5ac000


---------------  P R O C E S S  ---------------

Threads class SMR info:
_java_thread_list=0x0000019997c90820, length=71, elements={
0x00000199f05fd800, 0x00000199fc279800, 0x00000199fc284000, 0x00000199fca9d800,
0x00000199fca9f800, 0x00000199fcaa1800, 0x00000199fcaa5000, 0x00000199fcab1000,
0x00000199fcadf800, 0x00000199fcc83800, 0x00000199ff87b000, 0x00000199fcd73000,
0x00000199fe6b2800, 0x00000199fd612800, 0x00000199fd60f800, 0x00000199fd610800,
0x00000199fd611000, 0x00000199fd612000, 0x000001998f5a3000, 0x000001998f5a1800,
0x000001998f5a4000, 0x000001998f5a2800, 0x000001998f59e800, 0x000001998f5a5000,
0x000001998f59f000, 0x000001998f5a5800, 0x000001998f5a9800, 0x000001998f5ab800,
0x0000019991989000, 0x0000019991984800, 0x00000199fd60e800, 0x00000199fd614800,
0x00000199fd615000, 0x000001999197f800, 0x0000019991982800, 0x000001999197e000,
0x000001999197e800, 0x0000019991982000, 0x0000019991980000, 0x000001999197d000,
0x0000019991985000, 0x0000019991987800, 0x0000019991986000, 0x0000019991983800,
0x000001999198b000, 0x000001999198b800, 0x000001998f5a0000, 0x000001998f5a6800,
0x000001998f5a0800, 0x000001998f5ac000, 0x000001998f5ad000, 0x00000199feb04000,
0x00000199feb05000, 0x00000199feaff800, 0x00000199feb00000, 0x00000199feb03800,
0x00000199feb06800, 0x00000199feb01800, 0x00000199feb02800, 0x00000199feb01000,
0x00000199feb07800, 0x00000199feb0a800, 0x00000199feb0d000, 0x00000199feb09000,
0x00000199feb0c800, 0x00000199feb0a000, 0x00000199feb0b800, 0x00000199feb08800,
0x0000019991986800, 0x0000019991981000, 0x0000019991dd7800
}

Java Threads: ( => current thread )
  0x00000199f05fd800 JavaThread "main" [_thread_blocked, id=8616, stack(0x0000003835400000,0x0000003835500000)]
  0x00000199fc279800 JavaThread "Reference Handler" daemon [_thread_blocked, id=8432, stack(0x0000003835b00000,0x0000003835c00000)]
  0x00000199fc284000 JavaThread "Finalizer" daemon [_thread_blocked, id=4940, stack(0x0000003835c00000,0x0000003835d00000)]
  0x00000199fca9d800 JavaThread "Signal Dispatcher" daemon [_thread_blocked, id=9244, stack(0x0000003835d00000,0x0000003835e00000)]
  0x00000199fca9f800 JavaThread "Attach Listener" daemon [_thread_blocked, id=3428, stack(0x0000003835e00000,0x0000003835f00000)]
  0x00000199fcaa1800 JavaThread "Service Thread" daemon [_thread_blocked, id=6436, stack(0x0000003835f00000,0x0000003836000000)]
  0x00000199fcaa5000 JavaThread "C2 CompilerThread0" daemon [_thread_blocked, id=4864, stack(0x0000003836000000,0x0000003836100000)]
  0x00000199fcab1000 JavaThread "C1 CompilerThread0" daemon [_thread_blocked, id=8348, stack(0x0000003836100000,0x0000003836200000)]
  0x00000199fcadf800 JavaThread "Sweeper thread" daemon [_thread_blocked, id=1784, stack(0x0000003836200000,0x0000003836300000)]
  0x00000199fcc83800 JavaThread "Common-Cleaner" daemon [_thread_blocked, id=1336, stack(0x0000003836300000,0x0000003836400000)]
  0x00000199ff87b000 JavaThread "Daemon health stats" [_thread_blocked, id=12908, stack(0x0000003836900000,0x0000003836a00000)]
  0x00000199fcd73000 JavaThread "Incoming local TCP Connector on port 64483" [_thread_in_native, id=12052, stack(0x0000003836500000,0x0000003836600000)]
  0x00000199fe6b2800 JavaThread "Daemon periodic checks" [_thread_blocked, id=2348, stack(0x0000003836600000,0x0000003836700000)]
  0x00000199fd612800 JavaThread "Cache worker for file hash cache (C:\Users\ANKIT\.gradle\caches\7.0.2\fileHashes)" [_thread_blocked, id=8252, stack(0x0000003837600000,0x0000003837700000)]
  0x00000199fd60f800 JavaThread "File lock request listener" [_thread_in_native, id=13696, stack(0x0000003837700000,0x0000003837800000)]
  0x00000199fd610800 JavaThread "Cache worker for journal cache (C:\Users\ANKIT\.gradle\caches\journal-1)" [_thread_blocked, id=6672, stack(0x0000003837900000,0x0000003837a00000)]
  0x00000199fd611000 JavaThread "File watcher server" daemon [_thread_blocked, id=14844, stack(0x0000003837c00000,0x0000003837d00000)]
  0x00000199fd612000 JavaThread "File watcher consumer" daemon [_thread_blocked, id=2952, stack(0x0000003837d00000,0x0000003837e00000)]
  0x000001998f5a3000 JavaThread "jar transforms" [_thread_blocked, id=7140, stack(0x0000003837e00000,0x0000003837f00000)]
  0x000001998f5a1800 JavaThread "jar transforms Thread 2" [_thread_blocked, id=2812, stack(0x0000003837f00000,0x0000003838000000)]
  0x000001998f5a4000 JavaThread "jar transforms Thread 3" [_thread_blocked, id=9596, stack(0x0000003838000000,0x0000003838100000)]
  0x000001998f5a2800 JavaThread "jar transforms Thread 4" [_thread_blocked, id=8084, stack(0x0000003838100000,0x0000003838200000)]
  0x000001998f59e800 JavaThread "jar transforms Thread 5" [_thread_blocked, id=2724, stack(0x0000003838200000,0x0000003838300000)]
  0x000001998f5a5000 JavaThread "jar transforms Thread 6" [_thread_blocked, id=2352, stack(0x0000003838300000,0x0000003838400000)]
  0x000001998f59f000 JavaThread "jar transforms Thread 7" [_thread_blocked, id=9296, stack(0x0000003838400000,0x0000003838500000)]
  0x000001998f5a5800 JavaThread "jar transforms Thread 8" [_thread_blocked, id=7564, stack(0x0000003838500000,0x0000003838600000)]
  0x000001998f5a9800 JavaThread "Cache worker for execution history cache (C:\Users\ANKIT\.gradle\caches\7.0.2\executionHistory)" [_thread_blocked, id=14600, stack(0x0000003838a00000,0x0000003838b00000)]
  0x000001998f5ab800 JavaThread "Cache worker for file content cache (C:\Users\ANKIT\.gradle\caches\7.0.2\fileContent)" [_thread_blocked, id=14252, stack(0x0000003838b00000,0x0000003838c00000)]
  0x0000019991989000 JavaThread "Memory manager" [_thread_blocked, id=10348, stack(0x0000003839600000,0x0000003839700000)]
  0x0000019991984800 JavaThread "pool-3-thread-1" [_thread_blocked, id=3816, stack(0x0000003839700000,0x0000003839800000)]
  0x00000199fd60e800 JavaThread "pool-6-thread-1" [_thread_blocked, id=6484, stack(0x0000003839900000,0x0000003839a00000)]
  0x00000199fd614800 JavaThread "Daemon Thread 2" [_thread_blocked, id=7828, stack(0x0000003835100000,0x0000003835200000)]
  0x00000199fd615000 JavaThread "Handler for socket connection from /127.0.0.1:64483 to /127.0.0.1:60260" [_thread_in_native, id=15204, stack(0x0000003835200000,0x0000003835300000)]
  0x000001999197f800 JavaThread "Cancel handler" [_thread_blocked, id=10420, stack(0x0000003835300000,0x0000003835400000)]
  0x0000019991982800 JavaThread "Daemon worker Thread 2" [_thread_blocked, id=4592, stack(0x0000003836a00000,0x0000003836b00000)]
  0x000001999197e000 JavaThread "Asynchronous log dispatcher for DefaultDaemonConnection: socket connection from /127.0.0.1:64483 to /127.0.0.1:60260" [_thread_blocked, id=4264, stack(0x0000003836b00000,0x0000003836c00000)]
  0x000001999197e800 JavaThread "Stdin handler" [_thread_blocked, id=12708, stack(0x0000003836c00000,0x0000003836d00000)]
  0x0000019991982000 JavaThread "Daemon client event forwarder" [_thread_blocked, id=6092, stack(0x0000003836d00000,0x0000003836e00000)]
  0x0000019991980000 JavaThread "Cache worker for file hash cache (D:\Programming\AndroidStudioProjects\MyHostel\.gradle\7.0.2\fileHashes)" [_thread_blocked, id=13452, stack(0x0000003836e00000,0x0000003836f00000)]
  0x000001999197d000 JavaThread "Cache worker for checksums cache (D:\Programming\AndroidStudioProjects\MyHostel\.gradle\checksums)" [_thread_blocked, id=15056, stack(0x0000003837000000,0x0000003837100000)]
  0x0000019991985000 JavaThread "Cache worker for cache directory md-supplier (C:\Users\ANKIT\.gradle\caches\7.0.2\md-supplier)" [_thread_blocked, id=380, stack(0x0000003837a00000,0x0000003837b00000)]
  0x0000019991987800 JavaThread "Cache worker for cache directory md-rule (C:\Users\ANKIT\.gradle\caches\7.0.2\md-rule)" [_thread_blocked, id=3192, stack(0x0000003837b00000,0x0000003837c00000)]
  0x0000019991986000 JavaThread "Cache worker for dependencies-accessors (D:\Programming\AndroidStudioProjects\MyHostel\.gradle\7.0.2\dependencies-accessors)" [_thread_blocked, id=8240, stack(0x0000003838600000,0x0000003838700000)]
  0x0000019991983800 JavaThread "Cache worker for Build Output Cleanup Cache (D:\Programming\AndroidStudioProjects\MyHostel\.gradle\buildOutputCleanup)" [_thread_blocked, id=14664, stack(0x0000003838700000,0x0000003838800000)]
  0x000001999198b000 JavaThread "Build operations" [_thread_blocked, id=10336, stack(0x0000003838900000,0x0000003838a00000)]
  0x000001999198b800 JavaThread "Build operations Thread 2" [_thread_blocked, id=15168, stack(0x0000003838c00000,0x0000003838d00000)]
  0x000001998f5a0000 JavaThread "Build operations Thread 3" [_thread_blocked, id=1220, stack(0x0000003838d00000,0x0000003838e00000)]
  0x000001998f5a6800 JavaThread "Build operations Thread 4" [_thread_blocked, id=11944, stack(0x0000003838e00000,0x0000003838f00000)]
  0x000001998f5a0800 JavaThread "Build operations Thread 5" [_thread_blocked, id=3292, stack(0x0000003838f00000,0x0000003839000000)]
  0x000001998f5ac000 JavaThread "Build operations Thread 6" [_thread_blocked, id=3220, stack(0x0000003839000000,0x0000003839100000)]
  0x000001998f5ad000 JavaThread "Build operations Thread 7" [_thread_blocked, id=14940, stack(0x0000003839100000,0x0000003839200000)]
  0x00000199feb04000 JavaThread "Build operations Thread 8" [_thread_blocked, id=13844, stack(0x0000003839200000,0x0000003839300000)]
  0x00000199feb05000 JavaThread "build event listener" [_thread_blocked, id=12492, stack(0x0000003839300000,0x0000003839400000)]
  0x00000199feaff800 JavaThread "pool-9-thread-1" [_thread_blocked, id=13576, stack(0x0000003839400000,0x0000003839500000)]
  0x00000199feb00000 JavaThread "build event listener" [_thread_blocked, id=2316, stack(0x0000003839500000,0x0000003839600000)]
  0x00000199feb03800 JavaThread "Execution worker for ':'" [_thread_blocked, id=3672, stack(0x0000003839800000,0x0000003839900000)]
  0x00000199feb06800 JavaThread "Execution worker for ':' Thread 2" [_thread_blocked, id=6564, stack(0x0000003839a00000,0x0000003839b00000)]
  0x00000199feb01800 JavaThread "Execution worker for ':' Thread 3" [_thread_blocked, id=14340, stack(0x0000003839b00000,0x0000003839c00000)]
  0x00000199feb02800 JavaThread "Execution worker for ':' Thread 4" [_thread_blocked, id=8388, stack(0x0000003839c00000,0x0000003839d00000)]
  0x00000199feb01000 JavaThread "Execution worker for ':' Thread 5" [_thread_blocked, id=1868, stack(0x0000003839d00000,0x0000003839e00000)]
  0x00000199feb07800 JavaThread "Execution worker for ':' Thread 6" [_thread_blocked, id=15260, stack(0x0000003839e00000,0x0000003839f00000)]
  0x00000199feb0a800 JavaThread "Execution worker for ':' Thread 7" [_thread_blocked, id=12864, stack(0x0000003839f00000,0x000000383a000000)]
  0x00000199feb0d000 JavaThread "Cache worker for execution history cache (D:\Programming\AndroidStudioProjects\MyHostel\.gradle\7.0.2\executionHistory)" [_thread_blocked, id=8116, stack(0x000000383a000000,0x000000383a100000)]
  0x00000199feb09000 JavaThread "WorkerExecutor Queue Thread 2" [_thread_blocked, id=13904, stack(0x000000383a200000,0x000000383a300000)]
  0x00000199feb0c800 JavaThread "WorkerExecutor Queue Thread 3" [_thread_blocked, id=13556, stack(0x000000383a300000,0x000000383a400000)]
  0x00000199feb0a000 JavaThread "WorkerExecutor Queue Thread 4" [_thread_blocked, id=10412, stack(0x0000003836f00000,0x0000003837000000)]
  0x00000199feb0b800 JavaThread "WorkerExecutor Queue Thread 5" [_thread_blocked, id=5908, stack(0x0000003838800000,0x0000003838900000)]
  0x00000199feb08800 JavaThread "WorkerExecutor Queue Thread 6" [_thread_blocked, id=1096, stack(0x000000383a100000,0x000000383a200000)]
  0x0000019991986800 JavaThread "WorkerExecutor Queue Thread 7" [_thread_blocked, id=13060, stack(0x000000383a400000,0x000000383a500000)]
  0x0000019991981000 JavaThread "WorkerExecutor Queue Thread 8" [_thread_blocked, id=5124, stack(0x000000383a500000,0x000000383a600000)]
  0x0000019991dd7800 JavaThread "WorkerExecutor Queue Thread 9" [_thread_blocked, id=10196, stack(0x000000383a600000,0x000000383a700000)]

Other Threads:
=>0x00000199fc235000 VMThread "VM Thread" [stack: 0x0000003835a00000,0x0000003835b00000] [id=2968]
  0x00000199fcc9c000 WatcherThread [stack: 0x0000003836400000,0x0000003836500000] [id=8692]
  0x00000199f0618000 GCTaskThread "GC Thread#0" [stack: 0x0000003835500000,0x0000003835600000] [id=9172]
  0x00000199fd90d800 GCTaskThread "GC Thread#1" [stack: 0x0000003836700000,0x0000003836800000] [id=8968]
  0x00000199fd5cd800 GCTaskThread "GC Thread#2" [stack: 0x0000003836800000,0x0000003836900000] [id=5932]
  0x00000199ff45f000 GCTaskThread "GC Thread#3" [stack: 0x0000003837100000,0x0000003837200000] [id=2912]
  0x00000199fdd3e800 GCTaskThread "GC Thread#4" [stack: 0x0000003837200000,0x0000003837300000] [id=13468]
  0x00000199ff8ff800 GCTaskThread "GC Thread#5" [stack: 0x0000003837300000,0x0000003837400000] [id=7176]
  0x00000199ff900000 GCTaskThread "GC Thread#6" [stack: 0x0000003837400000,0x0000003837500000] [id=1580]
  0x00000199ff11f000 GCTaskThread "GC Thread#7" [stack: 0x0000003837500000,0x0000003837600000] [id=8868]
  0x00000199f0648000 ConcurrentGCThread "G1 Main Marker" [stack: 0x0000003835600000,0x0000003835700000] [id=10512]
  0x00000199f0649800 ConcurrentGCThread "G1 Conc#0" [stack: 0x0000003835700000,0x0000003835800000] [id=7608]
  0x00000199fe6c1000 ConcurrentGCThread "G1 Conc#1" [stack: 0x0000003837800000,0x0000003837900000] [id=5596]
  0x00000199fc0a0800 ConcurrentGCThread "G1 Refine#0" [stack: 0x0000003835800000,0x0000003835900000] [id=14856]
  0x00000199fc0a1800 ConcurrentGCThread "G1 Young RemSet Sampling" [stack: 0x0000003835900000,0x0000003835a00000] [id=12564]

Threads with active compile tasks:
C2 CompilerThread04693456 17738   !   4       java.net.URL::<init> (543 bytes)
C1 CompilerThread04693456 18891       2       com.android.tools.r8.internal.i2$$Lambda$2058/0x0000000100fcd040::apply (8 bytes)

VM state:at safepoint (normal execution)

VM Mutex/Monitor currently owned by a thread:  ([mutex/lock_event])
[0x00000199f05f9b40] Threads_lock - owner thread: 0x00000199fc235000
[0x00000199f05fa440] Heap_lock - owner thread: 0x000001998f5ac000

Heap address: 0x0000000080000000, size: 2048 MB, Compressed Oops mode: 32-bit
Narrow klass base: 0x0000000000000000, Narrow klass shift: 3
Compressed class space size: 1073741824 Address: 0x0000000100000000

Heap:
 garbage-first heap   total 425984K, used 144470K [0x0000000080000000, 0x0000000100000000)
  region size 1024K, 3 young (3072K), 3 survivors (3072K)
 Metaspace       used 122817K, capacity 126064K, committed 126336K, reserved 1159168K
  class space    used 15307K, capacity 16488K, committed 16512K, reserved 1048576K
Heap Regions: E=young(eden), S=young(survivor), O=old, HS=humongous(starts), HC=humongous(continues), CS=collection set, F=free, A=archive, TAMS=top-at-mark-start (previous, next)
|   0|0x0000000080000000, 0x0000000080100000, 0x0000000080100000|100%| O|  |TAMS 0x0000000080100000, 0x0000000080100000| Untracked 
|   1|0x0000000080100000, 0x0000000080200000, 0x0000000080200000|100%| O|  |TAMS 0x0000000080200000, 0x0000000080200000| Untracked 
|   2|0x0000000080200000, 0x0000000080300000, 0x0000000080300000|100%| O|  |TAMS 0x0000000080300000, 0x0000000080300000| Untracked 
|   3|0x0000000080300000, 0x0000000080400000, 0x0000000080400000|100%|HS|  |TAMS 0x0000000080400000, 0x0000000080400000| Complete 
|   4|0x0000000080400000, 0x0000000080500000, 0x0000000080500000|100%|HC|  |TAMS 0x0000000080500000, 0x0000000080500000| Complete 
|   5|0x0000000080500000, 0x0000000080600000, 0x0000000080600000|100%|HC|  |TAMS 0x0000000080600000, 0x0000000080600000| Complete 
|   6|0x0000000080600000, 0x0000000080700000, 0x0000000080700000|100%| O|  |TAMS 0x0000000080700000, 0x0000000080700000| Untracked 
|   7|0x0000000080700000, 0x0000000080800000, 0x0000000080800000|100%| O|  |TAMS 0x0000000080800000, 0x0000000080800000| Untracked 
|   8|0x0000000080800000, 0x0000000080900000, 0x0000000080900000|100%| O|  |TAMS 0x0000000080900000, 0x0000000080900000| Untracked 
|   9|0x0000000080900000, 0x0000000080a00000, 0x0000000080a00000|100%| O|  |TAMS 0x0000000080a00000, 0x0000000080a00000| Untracked 
|  10|0x0000000080a00000, 0x0000000080b00000, 0x0000000080b00000|100%| O|  |TAMS 0x0000000080b00000, 0x0000000080b00000| Untracked 
|  11|0x0000000080b00000, 0x0000000080c00000, 0x0000000080c00000|100%| O|  |TAMS 0x0000000080c00000, 0x0000000080c00000| Untracked 
|  12|0x0000000080c00000, 0x0000000080d00000, 0x0000000080d00000|100%| O|  |TAMS 0x0000000080d00000, 0x0000000080d00000| Untracked 
|  13|0x0000000080d00000, 0x0000000080e00000, 0x0000000080e00000|100%| O|  |TAMS 0x0000000080e00000, 0x0000000080e00000| Untracked 
|  14|0x0000000080e00000, 0x0000000080f00000, 0x0000000080f00000|100%| O|  |TAMS 0x0000000080f00000, 0x0000000080f00000| Untracked 
|  15|0x0000000080f00000, 0x0000000081000000, 0x0000000081000000|100%| O|  |TAMS 0x0000000081000000, 0x0000000081000000| Untracked 
|  16|0x0000000081000000, 0x0000000081100000, 0x0000000081100000|100%|HS|  |TAMS 0x0000000081100000, 0x0000000081100000| Complete 
|  17|0x0000000081100000, 0x0000000081200000, 0x0000000081200000|100%|HC|  |TAMS 0x0000000081200000, 0x0000000081200000| Complete 
|  18|0x0000000081200000, 0x0000000081300000, 0x0000000081300000|100%|HS|  |TAMS 0x0000000081300000, 0x0000000081300000| Complete 
|  19|0x0000000081300000, 0x0000000081400000, 0x0000000081400000|100%|HC|  |TAMS 0x0000000081400000, 0x0000000081400000| Complete 
|  20|0x0000000081400000, 0x0000000081500000, 0x0000000081500000|100%|HC|  |TAMS 0x0000000081500000, 0x0000000081500000| Complete 
|  21|0x0000000081500000, 0x0000000081600000, 0x0000000081600000|100%|HS|  |TAMS 0x0000000081600000, 0x0000000081600000| Complete 
|  22|0x0000000081600000, 0x0000000081700000, 0x0000000081700000|100%|HC|  |TAMS 0x0000000081700000, 0x0000000081700000| Complete 
|  23|0x0000000081700000, 0x0000000081800000, 0x0000000081800000|100%|HC|  |TAMS 0x0000000081800000, 0x0000000081800000| Complete 
|  24|0x0000000081800000, 0x0000000081900000, 0x0000000081900000|100%|HC|  |TAMS 0x0000000081900000, 0x0000000081900000| Complete 
|  25|0x0000000081900000, 0x0000000081a00000, 0x0000000081a00000|100%|HC|  |TAMS 0x0000000081a00000, 0x0000000081a00000| Complete 
|  26|0x0000000081a00000, 0x0000000081b00000, 0x0000000081b00000|100%| O|  |TAMS 0x0000000081b00000, 0x0000000081b00000| Untracked 
|  27|0x0000000081b00000, 0x0000000081c00000, 0x0000000081c00000|100%| O|  |TAMS 0x0000000081c00000, 0x0000000081c00000| Untracked 
|  28|0x0000000081c00000, 0x0000000081d00000, 0x0000000081d00000|100%| O|  |TAMS 0x0000000081d00000, 0x0000000081d00000| Untracked 
|  29|0x0000000081d00000, 0x0000000081e00000, 0x0000000081e00000|100%|HS|  |TAMS 0x0000000081e00000, 0x0000000081e00000| Complete 
|  30|0x0000000081e00000, 0x0000000081f00000, 0x0000000081f00000|100%|HC|  |TAMS 0x0000000081f00000, 0x0000000081f00000| Complete 
|  31|0x0000000081f00000, 0x0000000082000000, 0x0000000082000000|100%|HC|  |TAMS 0x0000000082000000, 0x0000000082000000| Complete 
|  32|0x0000000082000000, 0x0000000082100000, 0x0000000082100000|100%| O|  |TAMS 0x0000000082100000, 0x0000000082100000| Untracked 
|  33|0x0000000082100000, 0x0000000082200000, 0x0000000082200000|100%| O|  |TAMS 0x0000000082200000, 0x0000000082200000| Untracked 
|  34|0x0000000082200000, 0x0000000082300000, 0x0000000082300000|100%| O|  |TAMS 0x0000000082300000, 0x0000000082300000| Untracked 
|  35|0x0000000082300000, 0x0000000082400000, 0x0000000082400000|100%|HS|  |TAMS 0x0000000082400000, 0x0000000082400000| Complete 
|  36|0x0000000082400000, 0x0000000082500000, 0x0000000082500000|100%|HC|  |TAMS 0x0000000082500000, 0x0000000082500000| Complete 
|  37|0x0000000082500000, 0x0000000082600000, 0x0000000082600000|100%|HC|  |TAMS 0x0000000082600000, 0x0000000082600000| Complete 
|  38|0x0000000082600000, 0x0000000082700000, 0x0000000082700000|100%|HC|  |TAMS 0x0000000082700000, 0x0000000082700000| Complete 
|  39|0x0000000082700000, 0x0000000082800000, 0x0000000082800000|100%|HC|  |TAMS 0x0000000082800000, 0x0000000082800000| Complete 
|  40|0x0000000082800000, 0x0000000082900000, 0x0000000082900000|100%| O|  |TAMS 0x0000000082900000, 0x0000000082900000| Untracked 
|  41|0x0000000082900000, 0x0000000082a00000, 0x0000000082a00000|100%| O|  |TAMS 0x0000000082a00000, 0x0000000082a00000| Untracked 
|  42|0x0000000082a00000, 0x0000000082b00000, 0x0000000082b00000|100%| O|  |TAMS 0x0000000082b00000, 0x0000000082b00000| Untracked 
|  43|0x0000000082b00000, 0x0000000082c00000, 0x0000000082c00000|100%| O|  |TAMS 0x0000000082c00000, 0x0000000082c00000| Untracked 
|  44|0x0000000082c00000, 0x0000000082d00000, 0x0000000082d00000|100%| O|  |TAMS 0x0000000082c00000, 0x0000000082d00000| Untracked 
|  45|0x0000000082d00000, 0x0000000082e00000, 0x0000000082e00000|100%| O|  |TAMS 0x0000000082e00000, 0x0000000082e00000| Untracked 
|  46|0x0000000082e00000, 0x0000000082f00000, 0x0000000082f00000|100%| O|  |TAMS 0x0000000082e00000, 0x0000000082f00000| Untracked 
|  47|0x0000000082f00000, 0x0000000083000000, 0x0000000083000000|100%| O|  |TAMS 0x0000000082f00000, 0x0000000083000000| Untracked 
|  48|0x0000000083000000, 0x0000000083100000, 0x0000000083100000|100%| O|  |TAMS 0x0000000083100000, 0x0000000083100000| Untracked 
|  49|0x0000000083100000, 0x0000000083200000, 0x0000000083200000|100%| O|  |TAMS 0x0000000083200000, 0x0000000083200000| Untracked 
|  50|0x0000000083200000, 0x0000000083300000, 0x0000000083300000|100%| O|  |TAMS 0x0000000083300000, 0x0000000083300000| Untracked 
|  51|0x0000000083300000, 0x0000000083400000, 0x0000000083400000|100%|HS|  |TAMS 0x0000000083400000, 0x0000000083400000| Complete 
|  52|0x0000000083400000, 0x0000000083500000, 0x0000000083500000|100%|HS|  |TAMS 0x0000000083500000, 0x0000000083500000| Complete 
|  53|0x0000000083500000, 0x0000000083600000, 0x0000000083600000|100%|HS|  |TAMS 0x0000000083600000, 0x0000000083600000| Complete 
|  54|0x0000000083600000, 0x0000000083700000, 0x0000000083700000|100%|HC|  |TAMS 0x0000000083700000, 0x0000000083700000| Complete 
|  55|0x0000000083700000, 0x0000000083800000, 0x0000000083800000|100%| O|  |TAMS 0x0000000083700000, 0x0000000083800000| Untracked 
|  56|0x0000000083800000, 0x0000000083900000, 0x0000000083900000|100%| O|  |TAMS 0x0000000083800000, 0x0000000083900000| Untracked 
|  57|0x0000000083900000, 0x0000000083a00000, 0x0000000083a00000|100%| O|  |TAMS 0x0000000083a00000, 0x0000000083a00000| Untracked 
|  58|0x0000000083a00000, 0x0000000083b00000, 0x0000000083b00000|100%| O|  |TAMS 0x0000000083b00000, 0x0000000083b00000| Untracked 
|  59|0x0000000083b00000, 0x0000000083c00000, 0x0000000083c00000|100%| O|  |TAMS 0x0000000083c00000, 0x0000000083c00000| Untracked 
|  60|0x0000000083c00000, 0x0000000083d00000, 0x0000000083d00000|100%| O|  |TAMS 0x0000000083d00000, 0x0000000083d00000| Untracked 
|  61|0x0000000083d00000, 0x0000000083e00000, 0x0000000083e00000|100%| O|  |TAMS 0x0000000083d00000, 0x0000000083e00000| Untracked 
|  62|0x0000000083e00000, 0x0000000083f00000, 0x0000000083f00000|100%| O|  |TAMS 0x0000000083f00000, 0x0000000083f00000| Untracked 
|  63|0x0000000083f00000, 0x0000000084000000, 0x0000000084000000|100%| O|  |TAMS 0x0000000084000000, 0x0000000084000000| Untracked 
|  64|0x0000000084000000, 0x0000000084100000, 0x0000000084100000|100%| O|  |TAMS 0x0000000084000000, 0x0000000084100000| Untracked 
|  65|0x0000000084100000, 0x0000000084200000, 0x0000000084200000|100%| O|  |TAMS 0x0000000084200000, 0x0000000084200000| Untracked 
|  66|0x0000000084200000, 0x0000000084300000, 0x0000000084300000|100%| O|  |TAMS 0x0000000084300000, 0x0000000084300000| Untracked 
|  67|0x0000000084300000, 0x0000000084400000, 0x0000000084400000|100%| O|  |TAMS 0x0000000084400000, 0x0000000084400000| Untracked 
|  68|0x0000000084400000, 0x0000000084500000, 0x0000000084500000|100%| O|  |TAMS 0x0000000084500000, 0x0000000084500000| Untracked 
|  69|0x0000000084500000, 0x0000000084600000, 0x0000000084600000|100%| O|  |TAMS 0x0000000084600000, 0x0000000084600000| Untracked 
|  70|0x0000000084600000, 0x0000000084700000, 0x0000000084700000|100%| O|  |TAMS 0x0000000084600000, 0x0000000084700000| Untracked 
|  71|0x0000000084700000, 0x0000000084800000, 0x0000000084800000|100%| O|  |TAMS 0x0000000084700000, 0x0000000084800000| Untracked 
|  72|0x0000000084800000, 0x0000000084900000, 0x0000000084900000|100%| O|  |TAMS 0x0000000084900000, 0x0000000084900000| Untracked 
|  73|0x0000000084900000, 0x0000000084a00000, 0x0000000084a00000|100%| O|  |TAMS 0x0000000084900000, 0x0000000084a00000| Untracked 
|  74|0x0000000084a00000, 0x0000000084b00000, 0x0000000084b00000|100%| O|  |TAMS 0x0000000084a00000, 0x0000000084b00000| Untracked 
|  75|0x0000000084b00000, 0x0000000084c00000, 0x0000000084c00000|100%| O|  |TAMS 0x0000000084c00000, 0x0000000084c00000| Untracked 
|  76|0x0000000084c00000, 0x0000000084d00000, 0x0000000084d00000|100%| O|  |TAMS 0x0000000084d00000, 0x0000000084d00000| Untracked 
|  77|0x0000000084d00000, 0x0000000084e00000, 0x0000000084e00000|100%| O|  |TAMS 0x0000000084e00000, 0x0000000084e00000| Untracked 
|  78|0x0000000084e00000, 0x0000000084f00000, 0x0000000084f00000|100%| O|  |TAMS 0x0000000084f00000, 0x0000000084f00000| Untracked 
|  79|0x0000000084f00000, 0x0000000085000000, 0x0000000085000000|100%| O|  |TAMS 0x0000000085000000, 0x0000000085000000| Untracked 
|  80|0x0000000085000000, 0x0000000085100000, 0x0000000085100000|100%| O|  |TAMS 0x0000000085100000, 0x0000000085100000| Untracked 
|  81|0x0000000085100000, 0x0000000085200000, 0x0000000085200000|100%| O|  |TAMS 0x0000000085200000, 0x0000000085200000| Untracked 
|  82|0x0000000085200000, 0x0000000085300000, 0x0000000085300000|100%| O|  |TAMS 0x0000000085300000, 0x0000000085300000| Untracked 
|  83|0x0000000085300000, 0x0000000085400000, 0x0000000085400000|100%| O|  |TAMS 0x0000000085400000, 0x0000000085400000| Untracked 
|  84|0x0000000085400000, 0x0000000085500000, 0x0000000085500000|100%| O|  |TAMS 0x0000000085500000, 0x0000000085500000| Untracked 
|  85|0x0000000085500000, 0x0000000085600000, 0x0000000085600000|100%| O|  |TAMS 0x0000000085600000, 0x0000000085600000| Untracked 
|  86|0x0000000085600000, 0x0000000085700000, 0x0000000085700000|100%| O|  |TAMS 0x0000000085700000, 0x0000000085700000| Untracked 
|  87|0x0000000085700000, 0x0000000085800000, 0x0000000085800000|100%| O|  |TAMS 0x0000000085800000, 0x0000000085800000| Untracked 
|  88|0x0000000085800000, 0x0000000085900000, 0x0000000085900000|100%| O|  |TAMS 0x0000000085800000, 0x0000000085900000| Untracked 
|  89|0x0000000085900000, 0x0000000085a00000, 0x0000000085a00000|100%| O|  |TAMS 0x0000000085a00000, 0x0000000085a00000| Untracked 
|  90|0x0000000085a00000, 0x0000000085b00000, 0x0000000085b00000|100%| O|  |TAMS 0x0000000085b00000, 0x0000000085b00000| Untracked 
|  91|0x0000000085b00000, 0x0000000085c00000, 0x0000000085c00000|100%| O|  |TAMS 0x0000000085b00000, 0x0000000085c00000| Untracked 
|  92|0x0000000085c00000, 0x0000000085d00000, 0x0000000085d00000|100%| O|  |TAMS 0x0000000085c00000, 0x0000000085d00000| Untracked 
|  93|0x0000000085d00000, 0x0000000085e00000, 0x0000000085e00000|100%| O|  |TAMS 0x0000000085d00000, 0x0000000085e00000| Untracked 
|  94|0x0000000085e00000, 0x0000000085f00000, 0x0000000085f00000|100%| O|  |TAMS 0x0000000085e00000, 0x0000000085f00000| Untracked 
|  95|0x0000000085f00000, 0x0000000086000000, 0x0000000086000000|100%| O|  |TAMS 0x0000000085f00000, 0x0000000086000000| Untracked 
|  96|0x0000000086000000, 0x0000000086100000, 0x0000000086100000|100%| O|  |TAMS 0x0000000086000000, 0x0000000086100000| Untracked 
|  97|0x0000000086100000, 0x0000000086200000, 0x0000000086200000|100%| O|  |TAMS 0x0000000086200000, 0x0000000086200000| Untracked 
|  98|0x0000000086200000, 0x0000000086300000, 0x0000000086300000|100%| O|  |TAMS 0x0000000086300000, 0x0000000086300000| Untracked 
|  99|0x0000000086300000, 0x0000000086400000, 0x0000000086400000|100%| O|  |TAMS 0x0000000086400000, 0x0000000086400000| Untracked 
| 100|0x0000000086400000, 0x0000000086500000, 0x0000000086500000|100%| O|  |TAMS 0x0000000086500000, 0x0000000086500000| Untracked 
| 101|0x0000000086500000, 0x0000000086600000, 0x0000000086600000|100%| O|  |TAMS 0x0000000086600000, 0x0000000086600000| Untracked 
| 102|0x0000000086600000, 0x0000000086700000, 0x0000000086700000|100%| O|  |TAMS 0x0000000086600000, 0x0000000086700000| Untracked 
| 103|0x0000000086700000, 0x0000000086800000, 0x0000000086800000|100%| O|  |TAMS 0x0000000086784200, 0x0000000086800000| Untracked 
| 104|0x0000000086800000, 0x0000000086900000, 0x0000000086900000|100%| O|  |TAMS 0x0000000086800000, 0x0000000086900000| Untracked 
| 105|0x0000000086900000, 0x0000000086a00000, 0x0000000086a00000|100%| O|  |TAMS 0x0000000086900000, 0x0000000086a00000| Untracked 
| 106|0x0000000086a00000, 0x0000000086b00000, 0x0000000086b00000|100%| O|  |TAMS 0x0000000086b00000, 0x0000000086b00000| Untracked 
| 107|0x0000000086b00000, 0x0000000086c00000, 0x0000000086c00000|100%| O|  |TAMS 0x0000000086c00000, 0x0000000086c00000| Untracked 
| 108|0x0000000086c00000, 0x0000000086d00000, 0x0000000086d00000|100%| O|  |TAMS 0x0000000086c00000, 0x0000000086d00000| Untracked 
| 109|0x0000000086d00000, 0x0000000086e00000, 0x0000000086e00000|100%| O|  |TAMS 0x0000000086d00000, 0x0000000086e00000| Untracked 
| 110|0x0000000086e00000, 0x0000000086f00000, 0x0000000086f00000|100%| O|  |TAMS 0x0000000086e00000, 0x0000000086f00000| Untracked 
| 111|0x0000000086f00000, 0x0000000087000000, 0x0000000087000000|100%| O|  |TAMS 0x0000000086f00000, 0x0000000087000000| Untracked 
| 112|0x0000000087000000, 0x0000000087100000, 0x0000000087100000|100%| O|  |TAMS 0x0000000087000000, 0x0000000087100000| Untracked 
| 113|0x0000000087100000, 0x0000000087200000, 0x0000000087200000|100%| O|  |TAMS 0x0000000087100000, 0x0000000087200000| Untracked 
| 114|0x0000000087200000, 0x0000000087300000, 0x0000000087300000|100%| O|  |TAMS 0x0000000087200000, 0x0000000087300000| Untracked 
| 115|0x0000000087300000, 0x0000000087400000, 0x0000000087400000|100%| O|  |TAMS 0x0000000087300000, 0x0000000087400000| Untracked 
| 116|0x0000000087400000, 0x0000000087500000, 0x0000000087500000|100%| O|  |TAMS 0x0000000087400000, 0x0000000087500000| Untracked 
| 117|0x0000000087500000, 0x0000000087600000, 0x0000000087600000|100%| O|  |TAMS 0x0000000087500000, 0x0000000087600000| Untracked 
| 118|0x0000000087600000, 0x0000000087700000, 0x0000000087700000|100%| O|  |TAMS 0x0000000087600000, 0x0000000087700000| Untracked 
| 119|0x0000000087700000, 0x0000000087800000, 0x0000000087800000|100%| O|  |TAMS 0x0000000087700000, 0x0000000087800000| Untracked 
| 120|0x0000000087800000, 0x0000000087900000, 0x0000000087900000|100%| O|  |TAMS 0x0000000087800000, 0x0000000087900000| Untracked 
| 121|0x0000000087900000, 0x0000000087a00000, 0x0000000087a00000|100%| O|  |TAMS 0x0000000087900000, 0x0000000087a00000| Untracked 
| 122|0x0000000087a00000, 0x0000000087b00000, 0x0000000087b00000|100%| O|  |TAMS 0x0000000087a00000, 0x0000000087b00000| Untracked 
| 123|0x0000000087b00000, 0x0000000087c00000, 0x0000000087c00000|100%| O|  |TAMS 0x0000000087b00000, 0x0000000087c00000| Untracked 
| 124|0x0000000087c00000, 0x0000000087d00000, 0x0000000087d00000|100%| O|  |TAMS 0x0000000087c00000, 0x0000000087d00000| Untracked 
| 125|0x0000000087d00000, 0x0000000087e00000, 0x0000000087e00000|100%| O|  |TAMS 0x0000000087e00000, 0x0000000087e00000| Untracked 
| 126|0x0000000087e00000, 0x0000000087f00000, 0x0000000087f00000|100%| O|  |TAMS 0x0000000087f00000, 0x0000000087f00000| Untracked 
| 127|0x0000000087f00000, 0x0000000088000000, 0x0000000088000000|100%| O|  |TAMS 0x0000000088000000, 0x0000000088000000| Untracked 
| 128|0x0000000088000000, 0x0000000088100000, 0x0000000088100000|100%| O|  |TAMS 0x0000000088100000, 0x0000000088100000| Untracked 
| 129|0x0000000088100000, 0x0000000088200000, 0x0000000088200000|100%| O|  |TAMS 0x0000000088200000, 0x0000000088200000| Untracked 
| 130|0x0000000088200000, 0x0000000088300000, 0x0000000088300000|100%| O|  |TAMS 0x0000000088300000, 0x0000000088300000| Untracked 
| 131|0x0000000088300000, 0x0000000088400000, 0x0000000088400000|100%| O|  |TAMS 0x0000000088300000, 0x0000000088400000| Untracked 
| 132|0x0000000088400000, 0x0000000088500000, 0x0000000088500000|100%| O|  |TAMS 0x0000000088400000, 0x0000000088500000| Untracked 
| 133|0x0000000088500000, 0x0000000088600000, 0x0000000088600000|100%| O|  |TAMS 0x0000000088500000, 0x0000000088600000| Untracked 
| 134|0x0000000088600000, 0x0000000088700000, 0x0000000088700000|100%| O|  |TAMS 0x0000000088600000, 0x0000000088700000| Untracked 
| 135|0x0000000088700000, 0x0000000088800000, 0x0000000088800000|100%| O|  |TAMS 0x0000000088700000, 0x0000000088800000| Untracked 
| 136|0x0000000088800000, 0x0000000088900000, 0x0000000088900000|100%| O|  |TAMS 0x0000000088800000, 0x0000000088900000| Untracked 
| 137|0x0000000088900000, 0x0000000088a00000, 0x0000000088a00000|100%| O|  |TAMS 0x0000000088900000, 0x0000000088a00000| Untracked 
| 138|0x0000000088a00000, 0x0000000088a8c000, 0x0000000088b00000| 54%| O|  |TAMS 0x0000000088a00000, 0x0000000088a8c000| Untracked 
| 139|0x0000000088b00000, 0x0000000088b00000, 0x0000000088c00000|  0%| F|  |TAMS 0x0000000088b00000, 0x0000000088b00000| Untracked 
| 140|0x0000000088c00000, 0x0000000088c00000, 0x0000000088d00000|  0%| F|  |TAMS 0x0000000088c00000, 0x0000000088c00000| Untracked 
| 141|0x0000000088d00000, 0x0000000088d00000, 0x0000000088e00000|  0%| F|  |TAMS 0x0000000088d00000, 0x0000000088d00000| Untracked 
| 142|0x0000000088e00000, 0x0000000088e00000, 0x0000000088f00000|  0%| F|  |TAMS 0x0000000088e00000, 0x0000000088e00000| Untracked 
| 143|0x0000000088f00000, 0x0000000088f00000, 0x0000000089000000|  0%| F|  |TAMS 0x0000000088f00000, 0x0000000088f00000| Untracked 
| 144|0x0000000089000000, 0x0000000089000000, 0x0000000089100000|  0%| F|  |TAMS 0x0000000089000000, 0x0000000089000000| Untracked 
| 145|0x0000000089100000, 0x0000000089100000, 0x0000000089200000|  0%| F|  |TAMS 0x0000000089100000, 0x0000000089100000| Untracked 
| 146|0x0000000089200000, 0x0000000089200000, 0x0000000089300000|  0%| F|  |TAMS 0x0000000089200000, 0x0000000089200000| Untracked 
| 147|0x0000000089300000, 0x0000000089300000, 0x0000000089400000|  0%| F|  |TAMS 0x0000000089300000, 0x0000000089300000| Untracked 
| 148|0x0000000089400000, 0x0000000089400000, 0x0000000089500000|  0%| F|  |TAMS 0x0000000089400000, 0x0000000089400000| Untracked 
| 149|0x0000000089500000, 0x0000000089500000, 0x0000000089600000|  0%| F|  |TAMS 0x0000000089500000, 0x0000000089500000| Untracked 
| 150|0x0000000089600000, 0x0000000089600000, 0x0000000089700000|  0%| F|  |TAMS 0x0000000089600000, 0x0000000089600000| Untracked 
| 151|0x0000000089700000, 0x0000000089700000, 0x0000000089800000|  0%| F|  |TAMS 0x0000000089700000, 0x0000000089700000| Untracked 
| 152|0x0000000089800000, 0x0000000089800000, 0x0000000089900000|  0%| F|  |TAMS 0x0000000089800000, 0x0000000089800000| Untracked 
| 153|0x0000000089900000, 0x0000000089900000, 0x0000000089a00000|  0%| F|  |TAMS 0x0000000089900000, 0x0000000089900000| Untracked 
| 154|0x0000000089a00000, 0x0000000089a00000, 0x0000000089b00000|  0%| F|  |TAMS 0x0000000089a00000, 0x0000000089a00000| Untracked 
| 155|0x0000000089b00000, 0x0000000089b00000, 0x0000000089c00000|  0%| F|  |TAMS 0x0000000089b00000, 0x0000000089b00000| Untracked 
| 156|0x0000000089c00000, 0x0000000089c00000, 0x0000000089d00000|  0%| F|  |TAMS 0x0000000089c00000, 0x0000000089c00000| Untracked 
| 157|0x0000000089d00000, 0x0000000089d00000, 0x0000000089e00000|  0%| F|  |TAMS 0x0000000089d00000, 0x0000000089d00000| Untracked 
| 158|0x0000000089e00000, 0x0000000089e00000, 0x0000000089f00000|  0%| F|  |TAMS 0x0000000089e00000, 0x0000000089e00000| Untracked 
| 159|0x0000000089f00000, 0x0000000089f00000, 0x000000008a000000|  0%| F|  |TAMS 0x0000000089f00000, 0x0000000089f00000| Untracked 
| 160|0x000000008a000000, 0x000000008a000000, 0x000000008a100000|  0%| F|  |TAMS 0x000000008a000000, 0x000000008a000000| Untracked 
| 161|0x000000008a100000, 0x000000008a100000, 0x000000008a200000|  0%| F|  |TAMS 0x000000008a100000, 0x000000008a100000| Untracked 
| 162|0x000000008a200000, 0x000000008a200000, 0x000000008a300000|  0%| F|  |TAMS 0x000000008a200000, 0x000000008a200000| Untracked 
| 163|0x000000008a300000, 0x000000008a300000, 0x000000008a400000|  0%| F|  |TAMS 0x000000008a300000, 0x000000008a300000| Untracked 
| 164|0x000000008a400000, 0x000000008a400000, 0x000000008a500000|  0%| F|  |TAMS 0x000000008a400000, 0x000000008a400000| Untracked 
| 165|0x000000008a500000, 0x000000008a500000, 0x000000008a600000|  0%| F|  |TAMS 0x000000008a500000, 0x000000008a500000| Untracked 
| 166|0x000000008a600000, 0x000000008a600000, 0x000000008a700000|  0%| F|  |TAMS 0x000000008a600000, 0x000000008a600000| Untracked 
| 167|0x000000008a700000, 0x000000008a700000, 0x000000008a800000|  0%| F|  |TAMS 0x000000008a700000, 0x000000008a700000| Untracked 
| 168|0x000000008a800000, 0x000000008a800000, 0x000000008a900000|  0%| F|  |TAMS 0x000000008a800000, 0x000000008a800000| Untracked 
| 169|0x000000008a900000, 0x000000008a900000, 0x000000008aa00000|  0%| F|  |TAMS 0x000000008a900000, 0x000000008a900000| Untracked 
| 170|0x000000008aa00000, 0x000000008aa00000, 0x000000008ab00000|  0%| F|  |TAMS 0x000000008aa00000, 0x000000008aa00000| Untracked 
| 171|0x000000008ab00000, 0x000000008ab00000, 0x000000008ac00000|  0%| F|  |TAMS 0x000000008ab00000, 0x000000008ab00000| Untracked 
| 172|0x000000008ac00000, 0x000000008ac00000, 0x000000008ad00000|  0%| F|  |TAMS 0x000000008ac00000, 0x000000008ac00000| Untracked 
| 173|0x000000008ad00000, 0x000000008ad00000, 0x000000008ae00000|  0%| F|  |TAMS 0x000000008ad00000, 0x000000008ad00000| Untracked 
| 174|0x000000008ae00000, 0x000000008ae00000, 0x000000008af00000|  0%| F|  |TAMS 0x000000008ae00000, 0x000000008ae00000| Untracked 
| 175|0x000000008af00000, 0x000000008af00000, 0x000000008b000000|  0%| F|  |TAMS 0x000000008af00000, 0x000000008af00000| Untracked 
| 176|0x000000008b000000, 0x000000008b000000, 0x000000008b100000|  0%| F|  |TAMS 0x000000008b000000, 0x000000008b000000| Untracked 
| 177|0x000000008b100000, 0x000000008b100000, 0x000000008b200000|  0%| F|  |TAMS 0x000000008b100000, 0x000000008b100000| Untracked 
| 178|0x000000008b200000, 0x000000008b200000, 0x000000008b300000|  0%| F|  |TAMS 0x000000008b200000, 0x000000008b200000| Untracked 
| 179|0x000000008b300000, 0x000000008b300000, 0x000000008b400000|  0%| F|  |TAMS 0x000000008b300000, 0x000000008b300000| Untracked 
| 180|0x000000008b400000, 0x000000008b400000, 0x000000008b500000|  0%| F|  |TAMS 0x000000008b400000, 0x000000008b400000| Untracked 
| 181|0x000000008b500000, 0x000000008b500000, 0x000000008b600000|  0%| F|  |TAMS 0x000000008b500000, 0x000000008b500000| Untracked 
| 182|0x000000008b600000, 0x000000008b600000, 0x000000008b700000|  0%| F|  |TAMS 0x000000008b600000, 0x000000008b600000| Untracked 
| 183|0x000000008b700000, 0x000000008b700000, 0x000000008b800000|  0%| F|  |TAMS 0x000000008b700000, 0x000000008b700000| Untracked 
| 184|0x000000008b800000, 0x000000008b800000, 0x000000008b900000|  0%| F|  |TAMS 0x000000008b800000, 0x000000008b800000| Untracked 
| 185|0x000000008b900000, 0x000000008b900000, 0x000000008ba00000|  0%| F|  |TAMS 0x000000008b900000, 0x000000008b900000| Untracked 
| 186|0x000000008ba00000, 0x000000008ba89928, 0x000000008bb00000| 53%| S|CS|TAMS 0x000000008ba00000, 0x000000008ba00000| Complete 
| 187|0x000000008bb00000, 0x000000008bb00000, 0x000000008bc00000|  0%| F|  |TAMS 0x000000008bb00000, 0x000000008bb00000| Untracked 
| 188|0x000000008bc00000, 0x000000008bc00000, 0x000000008bd00000|  0%| F|  |TAMS 0x000000008bc00000, 0x000000008bc00000| Untracked 
| 189|0x000000008bd00000, 0x000000008bd00000, 0x000000008be00000|  0%| F|  |TAMS 0x000000008bd00000, 0x000000008bd00000| Untracked 
| 190|0x000000008be00000, 0x000000008be00000, 0x000000008bf00000|  0%| F|  |TAMS 0x000000008be00000, 0x000000008be00000| Untracked 
| 191|0x000000008bf00000, 0x000000008bf00000, 0x000000008c000000|  0%| F|  |TAMS 0x000000008bf00000, 0x000000008bf00000| Untracked 
| 192|0x000000008c000000, 0x000000008c100000, 0x000000008c100000|100%| S|CS|TAMS 0x000000008c000000, 0x000000008c000000| Complete 
| 193|0x000000008c100000, 0x000000008c200000, 0x000000008c200000|100%| S|CS|TAMS 0x000000008c100000, 0x000000008c100000| Complete 
| 194|0x000000008c200000, 0x000000008c200000, 0x000000008c300000|  0%| F|  |TAMS 0x000000008c200000, 0x000000008c200000| Untracked 
| 195|0x000000008c300000, 0x000000008c300000, 0x000000008c400000|  0%| F|  |TAMS 0x000000008c300000, 0x000000008c300000| Untracked 
| 196|0x000000008c400000, 0x000000008c400000, 0x000000008c500000|  0%| F|  |TAMS 0x000000008c400000, 0x000000008c400000| Untracked 
| 197|0x000000008c500000, 0x000000008c500000, 0x000000008c600000|  0%| F|  |TAMS 0x000000008c500000, 0x000000008c500000| Untracked 
| 198|0x000000008c600000, 0x000000008c600000, 0x000000008c700000|  0%| F|  |TAMS 0x000000008c600000, 0x000000008c600000| Untracked 
| 199|0x000000008c700000, 0x000000008c700000, 0x000000008c800000|  0%| F|  |TAMS 0x000000008c700000, 0x000000008c700000| Untracked 
| 200|0x000000008c800000, 0x000000008c800000, 0x000000008c900000|  0%| F|  |TAMS 0x000000008c800000, 0x000000008c800000| Untracked 
| 201|0x000000008c900000, 0x000000008c900000, 0x000000008ca00000|  0%| F|  |TAMS 0x000000008c900000, 0x000000008c900000| Untracked 
| 202|0x000000008ca00000, 0x000000008ca00000, 0x000000008cb00000|  0%| F|  |TAMS 0x000000008ca00000, 0x000000008ca00000| Untracked 
| 203|0x000000008cb00000, 0x000000008cb00000, 0x000000008cc00000|  0%| F|  |TAMS 0x000000008cb00000, 0x000000008cb00000| Untracked 
| 204|0x000000008cc00000, 0x000000008cc00000, 0x000000008cd00000|  0%| F|  |TAMS 0x000000008cc00000, 0x000000008cc00000| Untracked 
| 205|0x000000008cd00000, 0x000000008cd00000, 0x000000008ce00000|  0%| F|  |TAMS 0x000000008cd00000, 0x000000008cd00000| Untracked 
| 206|0x000000008ce00000, 0x000000008ce00000, 0x000000008cf00000|  0%| F|  |TAMS 0x000000008ce00000, 0x000000008ce00000| Untracked 
| 207|0x000000008cf00000, 0x000000008cf00000, 0x000000008d000000|  0%| F|  |TAMS 0x000000008cf00000, 0x000000008cf00000| Untracked 
| 208|0x000000008d000000, 0x000000008d000000, 0x000000008d100000|  0%| F|  |TAMS 0x000000008d000000, 0x000000008d000000| Untracked 
| 209|0x000000008d100000, 0x000000008d100000, 0x000000008d200000|  0%| F|  |TAMS 0x000000008d100000, 0x000000008d100000| Untracked 
| 210|0x000000008d200000, 0x000000008d200000, 0x000000008d300000|  0%| F|  |TAMS 0x000000008d200000, 0x000000008d200000| Untracked 
| 211|0x000000008d300000, 0x000000008d300000, 0x000000008d400000|  0%| F|  |TAMS 0x000000008d300000, 0x000000008d300000| Untracked 
| 212|0x000000008d400000, 0x000000008d400000, 0x000000008d500000|  0%| F|  |TAMS 0x000000008d400000, 0x000000008d400000| Untracked 
| 213|0x000000008d500000, 0x000000008d500000, 0x000000008d600000|  0%| F|  |TAMS 0x000000008d500000, 0x000000008d500000| Untracked 
| 214|0x000000008d600000, 0x000000008d600000, 0x000000008d700000|  0%| F|  |TAMS 0x000000008d600000, 0x000000008d600000| Untracked 
| 215|0x000000008d700000, 0x000000008d700000, 0x000000008d800000|  0%| F|  |TAMS 0x000000008d700000, 0x000000008d700000| Untracked 
| 216|0x000000008d800000, 0x000000008d800000, 0x000000008d900000|  0%| F|  |TAMS 0x000000008d800000, 0x000000008d800000| Untracked 
| 217|0x000000008d900000, 0x000000008d900000, 0x000000008da00000|  0%| F|  |TAMS 0x000000008d900000, 0x000000008d900000| Untracked 
| 218|0x000000008da00000, 0x000000008da00000, 0x000000008db00000|  0%| F|  |TAMS 0x000000008da00000, 0x000000008da00000| Untracked 
| 219|0x000000008db00000, 0x000000008db00000, 0x000000008dc00000|  0%| F|  |TAMS 0x000000008db00000, 0x000000008db00000| Untracked 
| 220|0x000000008dc00000, 0x000000008dc00000, 0x000000008dd00000|  0%| F|  |TAMS 0x000000008dc00000, 0x000000008dc00000| Untracked 
| 221|0x000000008dd00000, 0x000000008dd00000, 0x000000008de00000|  0%| F|  |TAMS 0x000000008dd00000, 0x000000008dd00000| Untracked 
| 222|0x000000008de00000, 0x000000008de00000, 0x000000008df00000|  0%| F|  |TAMS 0x000000008de00000, 0x000000008de00000| Untracked 
| 223|0x000000008df00000, 0x000000008df00000, 0x000000008e000000|  0%| F|  |TAMS 0x000000008df00000, 0x000000008df00000| Untracked 
| 224|0x000000008e000000, 0x000000008e000000, 0x000000008e100000|  0%| F|  |TAMS 0x000000008e000000, 0x000000008e000000| Untracked 
| 225|0x000000008e100000, 0x000000008e100000, 0x000000008e200000|  0%| F|  |TAMS 0x000000008e100000, 0x000000008e100000| Untracked 
| 226|0x000000008e200000, 0x000000008e200000, 0x000000008e300000|  0%| F|  |TAMS 0x000000008e200000, 0x000000008e200000| Untracked 
| 227|0x000000008e300000, 0x000000008e300000, 0x000000008e400000|  0%| F|  |TAMS 0x000000008e300000, 0x000000008e300000| Untracked 
| 228|0x000000008e400000, 0x000000008e400000, 0x000000008e500000|  0%| F|  |TAMS 0x000000008e400000, 0x000000008e400000| Untracked 
| 229|0x000000008e500000, 0x000000008e500000, 0x000000008e600000|  0%| F|  |TAMS 0x000000008e500000, 0x000000008e500000| Untracked 
| 230|0x000000008e600000, 0x000000008e600000, 0x000000008e700000|  0%| F|  |TAMS 0x000000008e600000, 0x000000008e600000| Untracked 
| 231|0x000000008e700000, 0x000000008e700000, 0x000000008e800000|  0%| F|  |TAMS 0x000000008e700000, 0x000000008e700000| Untracked 
| 232|0x000000008e800000, 0x000000008e800000, 0x000000008e900000|  0%| F|  |TAMS 0x000000008e800000, 0x000000008e800000| Untracked 
| 233|0x000000008e900000, 0x000000008e900000, 0x000000008ea00000|  0%| F|  |TAMS 0x000000008e900000, 0x000000008e900000| Untracked 
| 234|0x000000008ea00000, 0x000000008ea00000, 0x000000008eb00000|  0%| F|  |TAMS 0x000000008ea00000, 0x000000008ea00000| Untracked 
| 235|0x000000008eb00000, 0x000000008eb00000, 0x000000008ec00000|  0%| F|  |TAMS 0x000000008eb00000, 0x000000008eb00000| Untracked 
| 236|0x000000008ec00000, 0x000000008ec00000, 0x000000008ed00000|  0%| F|  |TAMS 0x000000008ec00000, 0x000000008ec00000| Untracked 
| 237|0x000000008ed00000, 0x000000008ed00000, 0x000000008ee00000|  0%| F|  |TAMS 0x000000008ed00000, 0x000000008ed00000| Untracked 
| 238|0x000000008ee00000, 0x000000008ee00000, 0x000000008ef00000|  0%| F|  |TAMS 0x000000008ee00000, 0x000000008ee00000| Untracked 
| 239|0x000000008ef00000, 0x000000008ef00000, 0x000000008f000000|  0%| F|  |TAMS 0x000000008ef00000, 0x000000008ef00000| Untracked 
| 240|0x000000008f000000, 0x000000008f000000, 0x000000008f100000|  0%| F|  |TAMS 0x000000008f000000, 0x000000008f000000| Untracked 
| 241|0x000000008f100000, 0x000000008f100000, 0x000000008f200000|  0%| F|  |TAMS 0x000000008f100000, 0x000000008f100000| Untracked 
| 242|0x000000008f200000, 0x000000008f200000, 0x000000008f300000|  0%| F|  |TAMS 0x000000008f200000, 0x000000008f200000| Untracked 
| 243|0x000000008f300000, 0x000000008f300000, 0x000000008f400000|  0%| F|  |TAMS 0x000000008f300000, 0x000000008f300000| Untracked 
| 244|0x000000008f400000, 0x000000008f400000, 0x000000008f500000|  0%| F|  |TAMS 0x000000008f400000, 0x000000008f400000| Untracked 
| 245|0x000000008f500000, 0x000000008f500000, 0x000000008f600000|  0%| F|  |TAMS 0x000000008f500000, 0x000000008f500000| Untracked 
| 246|0x000000008f600000, 0x000000008f600000, 0x000000008f700000|  0%| F|  |TAMS 0x000000008f600000, 0x000000008f600000| Untracked 
| 247|0x000000008f700000, 0x000000008f700000, 0x000000008f800000|  0%| F|  |TAMS 0x000000008f700000, 0x000000008f700000| Untracked 
| 248|0x000000008f800000, 0x000000008f800000, 0x000000008f900000|  0%| F|  |TAMS 0x000000008f800000, 0x000000008f800000| Untracked 
| 249|0x000000008f900000, 0x000000008f900000, 0x000000008fa00000|  0%| F|  |TAMS 0x000000008f900000, 0x000000008f900000| Untracked 
| 250|0x000000008fa00000, 0x000000008fa00000, 0x000000008fb00000|  0%| F|  |TAMS 0x000000008fa00000, 0x000000008fa00000| Untracked 
| 251|0x000000008fb00000, 0x000000008fb00000, 0x000000008fc00000|  0%| F|  |TAMS 0x000000008fb00000, 0x000000008fb00000| Untracked 
| 252|0x000000008fc00000, 0x000000008fc00000, 0x000000008fd00000|  0%| F|  |TAMS 0x000000008fc00000, 0x000000008fc00000| Untracked 
| 253|0x000000008fd00000, 0x000000008fd00000, 0x000000008fe00000|  0%| F|  |TAMS 0x000000008fd00000, 0x000000008fd00000| Untracked 
| 254|0x000000008fe00000, 0x000000008fe00000, 0x000000008ff00000|  0%| F|  |TAMS 0x000000008fe00000, 0x000000008fe00000| Untracked 
| 255|0x000000008ff00000, 0x000000008ff00000, 0x0000000090000000|  0%| F|  |TAMS 0x000000008ff00000, 0x000000008ff00000| Untracked 
| 256|0x0000000090000000, 0x0000000090000000, 0x0000000090100000|  0%| F|  |TAMS 0x0000000090000000, 0x0000000090000000| Untracked 
| 257|0x0000000090100000, 0x0000000090100000, 0x0000000090200000|  0%| F|  |TAMS 0x0000000090100000, 0x0000000090100000| Untracked 
| 258|0x0000000090200000, 0x0000000090200000, 0x0000000090300000|  0%| F|  |TAMS 0x0000000090200000, 0x0000000090200000| Untracked 
| 259|0x0000000090300000, 0x0000000090300000, 0x0000000090400000|  0%| F|  |TAMS 0x0000000090300000, 0x0000000090300000| Untracked 
| 260|0x0000000090400000, 0x0000000090400000, 0x0000000090500000|  0%| F|  |TAMS 0x0000000090400000, 0x0000000090400000| Untracked 
| 261|0x0000000090500000, 0x0000000090500000, 0x0000000090600000|  0%| F|  |TAMS 0x0000000090500000, 0x0000000090500000| Untracked 
| 262|0x0000000090600000, 0x0000000090600000, 0x0000000090700000|  0%| F|  |TAMS 0x0000000090600000, 0x0000000090600000| Untracked 
| 263|0x0000000090700000, 0x0000000090700000, 0x0000000090800000|  0%| F|  |TAMS 0x0000000090700000, 0x0000000090700000| Untracked 

Card table byte_map: [0x00000199f4f80000,0x00000199f5380000] _byte_map_base: 0x00000199f4b80000

Marking Bits (Prev, Next): (CMBitMap*) 0x00000199f063f6f0, (CMBitMap*) 0x00000199f063f6b8
 Prev Bits: [0x00000199f7780000, 0x00000199f9780000)
 Next Bits: [0x00000199f5780000, 0x00000199f7780000)

Polling page: 0x00000199eee20000

Metaspace:

Usage:
  Non-class:    107.01 MB capacity,   104.99 MB ( 98%) used,     1.65 MB (  2%) free+waste,   380.75 KB ( <1%) overhead. 
      Class:     16.10 MB capacity,    14.95 MB ( 93%) used,  1007.38 KB (  6%) free+waste,   173.06 KB (  1%) overhead. 
       Both:    123.11 MB capacity,   119.94 MB ( 97%) used,     2.63 MB (  2%) free+waste,   553.81 KB ( <1%) overhead. 

Virtual space:
  Non-class space:      108.00 MB reserved,     107.25 MB (>99%) committed 
      Class space:        1.00 GB reserved,      16.13 MB (  2%) committed 
             Both:        1.11 GB reserved,     123.38 MB ( 11%) committed 

Chunk freelists:
   Non-Class:  56.00 KB
       Class:  24.00 KB
        Both:  80.00 KB

MaxMetaspaceSize: 17179869184.00 GB
CompressedClassSpaceSize: 1.00 GB

CodeHeap 'non-profiled nmethods': size=120000Kb used=11022Kb max_used=11488Kb free=108977Kb
 bounds [0x0000019987ad0000, 0x0000019988610000, 0x000001998f000000]
CodeHeap 'profiled nmethods': size=120000Kb used=37828Kb max_used=38029Kb free=82171Kb
 bounds [0x00000199805a0000, 0x0000019982af0000, 0x0000019987ad0000]
CodeHeap 'non-nmethods': size=5760Kb used=2339Kb max_used=2379Kb free=3420Kb
 bounds [0x0000019980000000, 0x0000019980270000, 0x00000199805a0000]
 total_blobs=18596 nmethods=17640 adapters=866
 compilation: enabled
              stopped_count=0, restarted_count=0
 full_count=0

Compilation events (20 events):
Event: 4693.348 Thread 0x00000199fcab1000 nmethod 18871 0x0000019980b4b410 code [0x0000019980b4b5c0, 0x0000019980b4b758]
Event: 4693.348 Thread 0x00000199fcab1000 18872       2       com.android.tools.r8.ir.regalloc.a$$Lambda$2013/0x0000000100fb7040::get$Lambda (10 bytes)
Event: 4693.348 Thread 0x00000199fcab1000 nmethod 18872 0x0000019980b4af90 code [0x0000019980b4b140, 0x0000019980b4b338]
Event: 4693.348 Thread 0x00000199fcab1000 18878       2       com.android.tools.r8.internal.Kv::a (406 bytes)
Event: 4693.351 Thread 0x00000199fcab1000 nmethod 18878 0x0000019980fb0b90 code [0x0000019980fb1020, 0x0000019980fb2e68]
Event: 4693.351 Thread 0x00000199fcab1000 18886 %     3       com.android.tools.r8.internal.Lv::a @ 337 (455 bytes)
Event: 4693.354 Thread 0x00000199fcab1000 nmethod 18886% 0x0000019982ae2090 code [0x0000019982ae2640, 0x0000019982ae6048]
Event: 4693.354 Thread 0x00000199fcab1000 18881       2       com.android.tools.r8.internal.nh::isEmpty (13 bytes)
Event: 4693.354 Thread 0x00000199fcab1000 nmethod 18881 0x0000019980b33410 code [0x0000019980b335c0, 0x0000019980b336d8]
Event: 4693.354 Thread 0x00000199fcab1000 18885       2       com.android.tools.r8.internal.nh::h (23 bytes)
Event: 4693.354 Thread 0x00000199fcab1000 nmethod 18885 0x0000019980b4ab10 code [0x0000019980b4ace0, 0x0000019980b4aea8]
Event: 4693.354 Thread 0x00000199fcab1000 18887       2       com.android.tools.r8.internal.A4::a (1 bytes)
Event: 4693.354 Thread 0x00000199fcab1000 nmethod 18887 0x0000019980b35710 code [0x0000019980b358c0, 0x0000019980b359b8]
Event: 4693.354 Thread 0x00000199fcab1000 18896       2       com.android.tools.r8.internal.A::next (8 bytes)
Event: 4693.354 Thread 0x00000199fcab1000 nmethod 18896 0x0000019980b4a510 code [0x0000019980b4a6e0, 0x0000019980b4a8a8]
Event: 4693.354 Thread 0x00000199fcab1000 18882       2       com.android.tools.r8.internal.d5::a (13 bytes)
Event: 4693.355 Thread 0x00000199fcab1000 nmethod 18882 0x0000019980b5ae90 code [0x0000019980b5b0a0, 0x0000019980b5b6a8]
Event: 4693.355 Thread 0x00000199fcab1000 18875   !   2       com.android.tools.r8.graph.T::c (34 bytes)
Event: 4693.355 Thread 0x00000199fcab1000 nmethod 18875 0x0000019980b6c510 code [0x0000019980b6c6e0, 0x0000019980b6caa8]
Event: 4693.355 Thread 0x00000199fcab1000 18891       2       com.android.tools.r8.internal.i2$$Lambda$2058/0x0000000100fcd040::apply (8 bytes)

GC Heap History (20 events):
Event: 4689.097 GC heap after
{Heap after GC invocations=38 (full 0):
 garbage-first heap   total 225280K, used 126691K [0x0000000080000000, 0x0000000100000000)
  region size 1024K, 7 young (7168K), 7 survivors (7168K)
 Metaspace       used 108907K, capacity 111476K, committed 112896K, reserved 1146880K
  class space    used 13275K, capacity 14196K, committed 14592K, reserved 1048576K
}
Event: 4689.843 GC heap before
{Heap before GC invocations=39 (full 0):
 garbage-first heap   total 225280K, used 175843K [0x0000000080000000, 0x0000000100000000)
  region size 1024K, 55 young (56320K), 7 survivors (7168K)
 Metaspace       used 110359K, capacity 112959K, committed 114304K, reserved 1148928K
  class space    used 13447K, capacity 14369K, committed 14720K, reserved 1048576K
}
Event: 4689.850 GC heap after
{Heap after GC invocations=40 (full 0):
 garbage-first heap   total 225280K, used 125547K [0x0000000080000000, 0x0000000100000000)
  region size 1024K, 2 young (2048K), 2 survivors (2048K)
 Metaspace       used 110359K, capacity 112959K, committed 114304K, reserved 1148928K
  class space    used 13447K, capacity 14369K, committed 14720K, reserved 1048576K
}
Event: 4689.951 GC heap before
{Heap before GC invocations=40 (full 0):
 garbage-first heap   total 225280K, used 133739K [0x0000000080000000, 0x0000000100000000)
  region size 1024K, 11 young (11264K), 2 survivors (2048K)
 Metaspace       used 110983K, capacity 113567K, committed 114944K, reserved 1148928K
  class space    used 13531K, capacity 14465K, committed 14848K, reserved 1048576K
}
Event: 4689.970 GC heap after
{Heap after GC invocations=41 (full 0):
 garbage-first heap   total 225280K, used 107840K [0x0000000080000000, 0x0000000100000000)
  region size 1024K, 1 young (1024K), 1 survivors (1024K)
 Metaspace       used 110983K, capacity 113567K, committed 114944K, reserved 1148928K
  class space    used 13531K, capacity 14465K, committed 14848K, reserved 1048576K
}
Event: 4691.042 GC heap before
{Heap before GC invocations=41 (full 0):
 garbage-first heap   total 225280K, used 175424K [0x0000000080000000, 0x0000000100000000)
  region size 1024K, 63 young (64512K), 1 survivors (1024K)
 Metaspace       used 113241K, capacity 115837K, committed 117248K, reserved 1150976K
  class space    used 13793K, capacity 14706K, committed 15104K, reserved 1048576K
}
Event: 4691.064 GC heap after
{Heap after GC invocations=42 (full 0):
 garbage-first heap   total 225280K, used 105666K [0x0000000080000000, 0x0000000100000000)
  region size 1024K, 4 young (4096K), 4 survivors (4096K)
 Metaspace       used 113241K, capacity 115837K, committed 117248K, reserved 1150976K
  class space    used 13793K, capacity 14706K, committed 15104K, reserved 1048576K
}
Event: 4691.554 GC heap before
{Heap before GC invocations=43 (full 0):
 garbage-first heap   total 225280K, used 170178K [0x0000000080000000, 0x0000000100000000)
  region size 1024K, 70 young (71680K), 4 survivors (4096K)
 Metaspace       used 114320K, capacity 116969K, committed 118144K, reserved 1153024K
  class space    used 13915K, capacity 14868K, committed 15232K, reserved 1048576K
}
Event: 4691.568 GC heap after
{Heap after GC invocations=44 (full 0):
 garbage-first heap   total 225280K, used 106284K [0x0000000080000000, 0x0000000100000000)
  region size 1024K, 6 young (6144K), 6 survivors (6144K)
 Metaspace       used 114320K, capacity 116969K, committed 118144K, reserved 1153024K
  class space    used 13915K, capacity 14868K, committed 15232K, reserved 1048576K
}
Event: 4691.584 GC heap before
{Heap before GC invocations=44 (full 0):
 garbage-first heap   total 225280K, used 110380K [0x0000000080000000, 0x0000000100000000)
  region size 1024K, 11 young (11264K), 6 survivors (6144K)
 Metaspace       used 114330K, capacity 116971K, committed 118144K, reserved 1153024K
  class space    used 13917K, capacity 14869K, committed 15232K, reserved 1048576K
}
Event: 4691.595 GC heap after
{Heap after GC invocations=45 (full 0):
 garbage-first heap   total 225280K, used 102199K [0x0000000080000000, 0x0000000100000000)
  region size 1024K, 1 young (1024K), 1 survivors (1024K)
 Metaspace       used 114330K, capacity 116971K, committed 118144K, reserved 1153024K
  class space    used 13917K, capacity 14869K, committed 15232K, reserved 1048576K
}
Event: 4691.954 GC heap before
{Heap before GC invocations=45 (full 0):
 garbage-first heap   total 225280K, used 172855K [0x0000000080000000, 0x0000000100000000)
  region size 1024K, 72 young (73728K), 1 survivors (1024K)
 Metaspace       used 115156K, capacity 117862K, committed 118912K, reserved 1153024K
  class space    used 14043K, capacity 14988K, committed 15232K, reserved 1048576K
}
Event: 4691.981 GC heap after
{Heap after GC invocations=46 (full 0):
 garbage-first heap   total 270336K, used 108241K [0x0000000080000000, 0x0000000100000000)
  region size 1024K, 7 young (7168K), 7 survivors (7168K)
 Metaspace       used 115156K, capacity 117862K, committed 118912K, reserved 1153024K
  class space    used 14043K, capacity 14988K, committed 15232K, reserved 1048576K
}
Event: 4692.536 GC heap before
{Heap before GC invocations=46 (full 0):
 garbage-first heap   total 270336K, used 201425K [0x0000000080000000, 0x0000000100000000)
  region size 1024K, 97 young (99328K), 7 survivors (7168K)
 Metaspace       used 117307K, capacity 120147K, committed 120704K, reserved 1155072K
  class space    used 14351K, capacity 15346K, committed 15488K, reserved 1048576K
}
Event: 4692.561 GC heap after
{Heap after GC invocations=47 (full 0):
 garbage-first heap   total 270336K, used 125187K [0x0000000080000000, 0x0000000100000000)
  region size 1024K, 13 young (13312K), 13 survivors (13312K)
 Metaspace       used 117307K, capacity 120147K, committed 120704K, reserved 1155072K
  class space    used 14351K, capacity 15346K, committed 15488K, reserved 1048576K
}
Event: 4692.785 GC heap before
{Heap before GC invocations=47 (full 0):
 garbage-first heap   total 270336K, used 203011K [0x0000000080000000, 0x0000000100000000)
  region size 1024K, 90 young (92160K), 13 survivors (13312K)
 Metaspace       used 119710K, capacity 122757K, committed 123008K, reserved 1157120K
  class space    used 14772K, capacity 15882K, committed 16000K, reserved 1048576K
}
Event: 4692.820 GC heap after
{Heap after GC invocations=48 (full 0):
 garbage-first heap   total 270336K, used 134469K [0x0000000080000000, 0x0000000100000000)
  region size 1024K, 12 young (12288K), 12 survivors (12288K)
 Metaspace       used 119710K, capacity 122757K, committed 123008K, reserved 1157120K
  class space    used 14772K, capacity 15882K, committed 16000K, reserved 1048576K
}
Event: 4693.129 GC heap before
{Heap before GC invocations=48 (full 0):
 garbage-first heap   total 270336K, used 208197K [0x0000000080000000, 0x0000000100000000)
  region size 1024K, 84 young (86016K), 12 survivors (12288K)
 Metaspace       used 122225K, capacity 125503K, committed 125824K, reserved 1159168K
  class space    used 15224K, capacity 16417K, committed 16512K, reserved 1048576K
}
Event: 4693.167 GC heap after
{Heap after GC invocations=49 (full 0):
 garbage-first heap   total 270336K, used 142192K [0x0000000080000000, 0x0000000100000000)
  region size 1024K, 7 young (7168K), 7 survivors (7168K)
 Metaspace       used 122225K, capacity 125503K, committed 125824K, reserved 1159168K
  class space    used 15224K, capacity 16417K, committed 16512K, reserved 1048576K
}
Event: 4693.356 GC heap before
{Heap before GC invocations=49 (full 0):
 garbage-first heap   total 270336K, used 213872K [0x0000000080000000, 0x0000000100000000)
  region size 1024K, 77 young (78848K), 7 survivors (7168K)
 Metaspace       used 122817K, capacity 126064K, committed 126336K, reserved 1159168K
  class space    used 15307K, capacity 16488K, committed 16512K, reserved 1048576K
}

Deoptimization events (20 events):
Event: 4692.994 Thread 0x000001999198b800 DEOPT PACKING pc=0x0000019980678e47 sp=0x0000003838cf8fd0
Event: 4692.994 Thread 0x000001999198b800 DEOPT UNPACKING pc=0x00000199800276ce sp=0x0000003838cf8438 mode 0
Event: 4693.111 Thread 0x000001999198b000 DEOPT PACKING pc=0x0000019980787563 sp=0x00000038389f9330
Event: 4693.111 Thread 0x000001999198b000 DEOPT UNPACKING pc=0x00000199800276ce sp=0x00000038389f87c8 mode 0
Event: 4693.125 Thread 0x000001998f5ac000 Uncommon trap: trap_request=0xffffff4d fr.pc=0x0000019987c603e8 relative=0x0000000000000228
Event: 4693.125 Thread 0x000001998f5ac000 Uncommon trap: reason=unstable_if action=reinterpret pc=0x0000019987c603e8 method=java.util.HashMap.getNode(ILjava/lang/Object;)Ljava/util/HashMap$Node; @ 84 c2
Event: 4693.125 Thread 0x000001998f5ac000 DEOPT PACKING pc=0x0000019987c603e8 sp=0x00000038390fa100
Event: 4693.125 Thread 0x000001998f5ac000 DEOPT UNPACKING pc=0x00000199800278af sp=0x00000038390fa018 mode 2
Event: 4693.126 Thread 0x000001998f5a0000 Uncommon trap: trap_request=0xffffff7e fr.pc=0x00000199885fea64 relative=0x0000000000000244
Event: 4693.126 Thread 0x000001998f5a0000 Uncommon trap: reason=predicate action=maybe_recompile pc=0x00000199885fea64 method=com.android.tools.r8.graph.c0.a([C)I @ 8 c2
Event: 4693.126 Thread 0x000001998f5a0000 DEOPT PACKING pc=0x00000199885fea64 sp=0x0000003838df99b0
Event: 4693.126 Thread 0x000001998f5a0000 DEOPT UNPACKING pc=0x00000199800278af sp=0x0000003838df9938 mode 2
Event: 4693.239 Thread 0x000001998f5a0800 DEOPT PACKING pc=0x0000019980872446 sp=0x0000003838ff9900
Event: 4693.239 Thread 0x000001998f5a0800 DEOPT UNPACKING pc=0x00000199800276ce sp=0x0000003838ff8d78 mode 0
Event: 4693.274 Thread 0x000001998f5ac000 DEOPT PACKING pc=0x0000019980872446 sp=0x00000038390fa4a0
Event: 4693.274 Thread 0x000001998f5ac000 DEOPT UNPACKING pc=0x00000199800276ce sp=0x00000038390f9918 mode 0
Event: 4693.306 Thread 0x000001998f5a6800 DEOPT PACKING pc=0x0000019980872446 sp=0x0000003838ef9d60
Event: 4693.306 Thread 0x000001998f5a6800 DEOPT UNPACKING pc=0x00000199800276ce sp=0x0000003838ef91d8 mode 0
Event: 4693.320 Thread 0x000001999198b000 DEOPT PACKING pc=0x0000019980894cc2 sp=0x00000038389f9610
Event: 4693.320 Thread 0x000001999198b000 DEOPT UNPACKING pc=0x00000199800276ce sp=0x00000038389f8af0 mode 0

Classes redefined (0 events):
No events

Internal exceptions (20 events):
Event: 4692.774 Thread 0x000001998f5a0800 Exception <a 'java/lang/IncompatibleClassChangeError'{0x000000008c03c338}: Found class java.lang.Object, but interface was expected> (0x000000008c03c338) thrown at [./src/hotspot/share/interpreter/linkResolver.cpp, line 839]
Event: 4692.774 Thread 0x00000199feb04000 Exception <a 'java/lang/IncompatibleClassChangeError'{0x000000008c41d160}: Found class java.lang.Object, but interface was expected> (0x000000008c41d160) thrown at [./src/hotspot/share/interpreter/linkResolver.cpp, line 839]
Event: 4692.775 Thread 0x000001999198b000 Exception <a 'java/lang/IncompatibleClassChangeError'{0x000000008bf09d00}: Found class java.lang.Object, but interface was expected> (0x000000008bf09d00) thrown at [./src/hotspot/share/interpreter/linkResolver.cpp, line 839]
Event: 4692.774 Thread 0x000001998f5ac000 Exception <a 'java/lang/IncompatibleClassChangeError'{0x000000008bf046e8}: Found class java.lang.Object, but interface was expected> (0x000000008bf046e8) thrown at [./src/hotspot/share/interpreter/linkResolver.cpp, line 839]
Event: 4692.775 Thread 0x000001998f5ac000 Exception <a 'java/lang/IncompatibleClassChangeError'{0x000000008bf71fb0}: Found class java.lang.Object, but interface was expected> (0x000000008bf71fb0) thrown at [./src/hotspot/share/interpreter/linkResolver.cpp, line 839]
Event: 4692.775 Thread 0x000001998f5a0800 Exception <a 'java/lang/IncompatibleClassChangeError'{0x000000008c046c38}: Found class java.lang.Object, but interface was expected> (0x000000008c046c38) thrown at [./src/hotspot/share/interpreter/linkResolver.cpp, line 839]
Event: 4692.775 Thread 0x00000199feb04000 Exception <a 'java/lang/IncompatibleClassChangeError'{0x000000008c420870}: Found class java.lang.Object, but interface was expected> (0x000000008c420870) thrown at [./src/hotspot/share/interpreter/linkResolver.cpp, line 839]
Event: 4692.775 Thread 0x000001999198b000 Exception <a 'java/lang/IncompatibleClassChangeError'{0x000000008bf0d410}: Found class java.lang.Object, but interface was expected> (0x000000008bf0d410) thrown at [./src/hotspot/share/interpreter/linkResolver.cpp, line 839]
Event: 4692.848 Thread 0x000001998f5ac000 Exception <a 'java/lang/NoSuchMethodError'{0x00000000903984d0}: 'void java.lang.invoke.DirectMethodHandle$Holder.invokeVirtual(java.lang.Object, java.lang.Object, int, java.lang.Object)'> (0x00000000903984d0) thrown at [./src/hotspot/share/interpreter/linkResolver.cpp, line 773]
Event: 4692.848 Thread 0x000001998f5a0000 Exception <a 'java/lang/NoSuchMethodError'{0x0000000090371e70}: 'void java.lang.invoke.DirectMethodHandle$Holder.invokeVirtual(java.lang.Object, java.lang.Object, int, java.lang.Object)'> (0x0000000090371e70) thrown at [./src/hotspot/share/interpreter/linkResolver.cpp, line 773]
Event: 4692.848 Thread 0x000001999198b000 Exception <a 'java/lang/NoSuchMethodError'{0x000000009036a3a0}: 'void java.lang.invoke.DirectMethodHandle$Holder.invokeVirtual(java.lang.Object, java.lang.Object, int, java.lang.Object)'> (0x000000009036a3a0) thrown at [./src/hotspot/share/interpreter/linkResolver.cpp, line 773]
Event: 4692.953 Thread 0x000001998f5a6800 Exception <a 'java/lang/NoSuchMethodError'{0x000000008f9e2060}: 'int java.lang.invoke.DirectMethodHandle$Holder.invokeSpecial(java.lang.Object, java.lang.Object, java.lang.Object, int, java.lang.Object)'> (0x000000008f9e2060) thrown at [./src/hotspot/share/interpreter/linkResolver.cpp, line 773]
Event: 4692.963 Thread 0x000001998f5a6800 Exception <a 'java/lang/NoSuchMethodError'{0x000000008e8eb1b0}: 'java.lang.Object java.lang.invoke.DirectMethodHandle$Holder.newInvokeSpecial(java.lang.Object, int)'> (0x000000008e8eb1b0) thrown at [./src/hotspot/share/interpreter/linkResolver.cpp, line 773]
Event: 4692.963 Thread 0x000001999198b000 Exception <a 'java/lang/NoSuchMethodError'{0x000000008e704430}: 'java.lang.Object java.lang.invoke.DirectMethodHandle$Holder.newInvokeSpecial(java.lang.Object, int)'> (0x000000008e704430) thrown at [./src/hotspot/share/interpreter/linkResolver.cpp, line 773]
Event: 4692.963 Thread 0x000001998f5a0000 Exception <a 'java/lang/NoSuchMethodError'{0x000000008eaabf98}: 'java.lang.Object java.lang.invoke.DirectMethodHandle$Holder.newInvokeSpecial(java.lang.Object, int)'> (0x000000008eaabf98) thrown at [./src/hotspot/share/interpreter/linkResolver.cpp, line 773]
Event: 4692.963 Thread 0x000001999198b800 Exception <a 'java/lang/NoSuchMethodError'{0x000000008e8aefd8}: 'java.lang.Object java.lang.invoke.DirectMethodHandle$Holder.newInvokeSpecial(java.lang.Object, int)'> (0x000000008e8aefd8) thrown at [./src/hotspot/share/interpreter/linkResolver.cpp, line 773]
Event: 4692.963 Thread 0x000001998f5ac000 Exception <a 'java/lang/NoSuchMethodError'{0x000000008e70f510}: 'java.lang.Object java.lang.invoke.DirectMethodHandle$Holder.newInvokeSpecial(java.lang.Object, int)'> (0x000000008e70f510) thrown at [./src/hotspot/share/interpreter/linkResolver.cpp, line 773]
Event: 4692.964 Thread 0x000001998f5a0800 Exception <a 'java/lang/NoSuchMethodError'{0x000000008e77d0f8}: 'java.lang.Object java.lang.invoke.DirectMethodHandle$Holder.newInvokeSpecial(java.lang.Object, int)'> (0x000000008e77d0f8) thrown at [./src/hotspot/share/interpreter/linkResolver.cpp, line 773]
Event: 4692.964 Thread 0x00000199feb04000 Exception <a 'java/lang/NoSuchMethodError'{0x000000008e789bb8}: 'java.lang.Object java.lang.invoke.DirectMethodHandle$Holder.newInvokeSpecial(java.lang.Object, int)'> (0x000000008e789bb8) thrown at [./src/hotspot/share/interpreter/linkResolver.cpp, line 773]
Event: 4692.986 Thread 0x000001998f5ac000 Exception <a 'java/lang/NoSuchMethodError'{0x000000008e4583c8}: 'java.lang.Object java.lang.invoke.DirectMethodHandle$Holder.invokeInterface(java.lang.Object, java.lang.Object, int)'> (0x000000008e4583c8) thrown at [./src/hotspot/share/interpreter/linkResolver.cpp, line 773]

Events (20 events):
Event: 4693.296 loading class com/android/tools/r8/internal/gu done
Event: 4693.296 loading class com/android/tools/r8/internal/Te
Event: 4693.296 loading class com/android/tools/r8/internal/Te done
Event: 4693.317 loading class com/android/tools/r8/internal/l4
Event: 4693.317 loading class com/android/tools/r8/internal/l4 done
Event: 4693.331 loading class com/android/tools/r8/internal/aa
Event: 4693.331 loading class com/android/tools/r8/internal/aa done
Event: 4693.334 loading class com/android/tools/r8/code/b4
Event: 4693.334 loading class com/android/tools/r8/code/b4 done
Event: 4693.336 loading class com/android/tools/r8/code/Z3
Event: 4693.336 loading class com/android/tools/r8/code/Z3 done
Event: 4693.336 loading class com/android/tools/r8/code/d4
Event: 4693.336 loading class com/android/tools/r8/code/d4 done
Event: 4693.337 loading class com/android/tools/r8/code/c4
Event: 4693.337 loading class com/android/tools/r8/code/c4 done
Event: 4693.337 loading class com/android/tools/r8/code/e4
Event: 4693.337 loading class com/android/tools/r8/code/e4 done
Event: 4693.337 loading class com/android/tools/r8/code/a4
Event: 4693.337 loading class com/android/tools/r8/code/a4 done
Event: 4693.356 Executing VM operation: G1CollectForAllocation


Dynamic libraries:
0x00007ff6a15a0000 - 0x00007ff6a15aa000 	C:\Program Files\Android\Android Studio\jre\bin\java.exe
0x00007ffe03470000 - 0x00007ffe03665000 	C:\WINDOWS\SYSTEM32\ntdll.dll
0x00007ffe02f00000 - 0x00007ffe02fbd000 	C:\WINDOWS\System32\KERNEL32.DLL
0x00007ffe00c50000 - 0x00007ffe00f19000 	C:\WINDOWS\System32\KERNELBASE.dll
0x00007ffe012e0000 - 0x00007ffe013e0000 	C:\WINDOWS\System32\ucrtbase.dll
0x00007ffde5550000 - 0x00007ffde5569000 	C:\Program Files\Android\Android Studio\jre\bin\jli.dll
0x00007ffde5310000 - 0x00007ffde5327000 	C:\Program Files\Android\Android Studio\jre\bin\VCRUNTIME140.dll
0x00007ffe02fc0000 - 0x00007ffe03160000 	C:\WINDOWS\System32\USER32.dll
0x00007ffe00ba0000 - 0x00007ffe00bc2000 	C:\WINDOWS\System32\win32u.dll
0x00007ffdecfb0000 - 0x00007ffded24a000 	C:\WINDOWS\WinSxS\amd64_microsoft.windows.common-controls_6595b64144ccf1df_6.0.19041.1110_none_60b5254171f9507e\COMCTL32.dll
0x00007ffe01590000 - 0x00007ffe015ba000 	C:\WINDOWS\System32\GDI32.dll
0x00007ffe015c0000 - 0x00007ffe0165e000 	C:\WINDOWS\System32\msvcrt.dll
0x00007ffe00fd0000 - 0x00007ffe010db000 	C:\WINDOWS\System32\gdi32full.dll
0x00007ffe01240000 - 0x00007ffe012dd000 	C:\WINDOWS\System32\msvcp_win.dll
0x00007ffe01f00000 - 0x00007ffe01f30000 	C:\WINDOWS\System32\IMM32.DLL
0x00007ffdd6de0000 - 0x00007ffdd6e7d000 	C:\Program Files\Android\Android Studio\jre\bin\msvcp140.dll
0x00007ffd96bd0000 - 0x00007ffd9769f000 	C:\Program Files\Android\Android Studio\jre\bin\server\jvm.dll
0x00007ffe032f0000 - 0x00007ffe0339c000 	C:\WINDOWS\System32\ADVAPI32.dll
0x00007ffe01d80000 - 0x00007ffe01e1b000 	C:\WINDOWS\System32\sechost.dll
0x00007ffe03160000 - 0x00007ffe0328a000 	C:\WINDOWS\System32\RPCRT4.dll
0x00007ffe014d0000 - 0x00007ffe014d8000 	C:\WINDOWS\System32\PSAPI.DLL
0x00007ffdf8fb0000 - 0x00007ffdf8fba000 	C:\WINDOWS\SYSTEM32\VERSION.dll
0x00007ffde9730000 - 0x00007ffde9757000 	C:\WINDOWS\SYSTEM32\WINMM.dll
0x00007ffdfbb50000 - 0x00007ffdfbb59000 	C:\WINDOWS\SYSTEM32\WSOCK32.dll
0x00007ffe01ca0000 - 0x00007ffe01d0b000 	C:\WINDOWS\System32\WS2_32.dll
0x00007ffdfea90000 - 0x00007ffdfeaa2000 	C:\WINDOWS\SYSTEM32\kernel.appcore.dll
0x00007ffdfbb30000 - 0x00007ffdfbb41000 	C:\Program Files\Android\Android Studio\jre\bin\verify.dll
0x00007ffdec8e0000 - 0x00007ffdecac4000 	C:\WINDOWS\SYSTEM32\DBGHELP.DLL
0x00007ffde96d0000 - 0x00007ffde96fc000 	C:\WINDOWS\SYSTEM32\dbgcore.DLL
0x00007ffe013e0000 - 0x00007ffe01463000 	C:\WINDOWS\System32\bcryptPrimitives.dll
0x00007ffdfa2f0000 - 0x00007ffdfa319000 	C:\Program Files\Android\Android Studio\jre\bin\java.dll
0x00007ffdfbb20000 - 0x00007ffdfbb2b000 	C:\Program Files\Android\Android Studio\jre\bin\jimage.dll
0x00007ffdfb490000 - 0x00007ffdfb4a8000 	C:\Program Files\Android\Android Studio\jre\bin\zip.dll
0x00007ffe027c0000 - 0x00007ffe02eff000 	C:\WINDOWS\System32\SHELL32.dll
0x00007ffdfec90000 - 0x00007ffdff420000 	C:\WINDOWS\SYSTEM32\windows.storage.dll
0x00007ffe02050000 - 0x00007ffe023a5000 	C:\WINDOWS\System32\combase.dll
0x00007ffe00600000 - 0x00007ffe0062c000 	C:\WINDOWS\SYSTEM32\Wldp.dll
0x00007ffe02710000 - 0x00007ffe027be000 	C:\WINDOWS\System32\SHCORE.dll
0x00007ffe01d10000 - 0x00007ffe01d65000 	C:\WINDOWS\System32\shlwapi.dll
0x00007ffe00ae0000 - 0x00007ffe00aff000 	C:\WINDOWS\SYSTEM32\profapi.dll
0x00007ffdeceb0000 - 0x00007ffdececa000 	C:\Program Files\Android\Android Studio\jre\bin\net.dll
0x00007ffdef3a0000 - 0x00007ffdef4a8000 	C:\WINDOWS\SYSTEM32\WINHTTP.dll
0x00007ffe00360000 - 0x00007ffe003ca000 	C:\WINDOWS\system32\mswsock.dll
0x00007ffdece90000 - 0x00007ffdecea4000 	C:\Program Files\Android\Android Studio\jre\bin\nio.dll
0x00007ffde5360000 - 0x00007ffde5387000 	C:\Users\ANKIT\.gradle\native\8bec1ad78214c89d9ad589b4d07fe93259594b29d510b10fafb7a158f7737e5d\windows-amd64\native-platform.dll
0x00007ffde4b90000 - 0x00007ffde4ccd000 	C:\Users\ANKIT\.gradle\native\53dbd7edfb1c66fb8903c78663c9afc45aea4f116125fa6feffd364cf09443e8\windows-amd64\native-platform-file-events.dll
0x00007ffdfae60000 - 0x00007ffdfae6a000 	C:\Program Files\Android\Android Studio\jre\bin\management.dll
0x00007ffdfa260000 - 0x00007ffdfa26c000 	C:\Program Files\Android\Android Studio\jre\bin\management_ext.dll
0x00007ffe00550000 - 0x00007ffe00568000 	C:\WINDOWS\SYSTEM32\CRYPTSP.dll
0x00007ffdffc70000 - 0x00007ffdffca4000 	C:\WINDOWS\system32\rsaenh.dll
0x00007ffe00c20000 - 0x00007ffe00c47000 	C:\WINDOWS\System32\bcrypt.dll
0x00007ffe00aa0000 - 0x00007ffe00ace000 	C:\WINDOWS\SYSTEM32\USERENV.dll
0x00007ffe00570000 - 0x00007ffe0057c000 	C:\WINDOWS\SYSTEM32\CRYPTBASE.dll
0x00007ffe00000000 - 0x00007ffe0003b000 	C:\WINDOWS\SYSTEM32\IPHLPAPI.DLL
0x00007ffe01d70000 - 0x00007ffe01d78000 	C:\WINDOWS\System32\NSI.dll
0x00007ffdf8750000 - 0x00007ffdf8767000 	C:\WINDOWS\SYSTEM32\dhcpcsvc6.DLL
0x00007ffdf9180000 - 0x00007ffdf919d000 	C:\WINDOWS\SYSTEM32\dhcpcsvc.DLL
0x00007ffe00050000 - 0x00007ffe0011c000 	C:\WINDOWS\SYSTEM32\DNSAPI.dll

dbghelp: loaded successfully - version: 4.0.5 - missing functions: none
symbol engine: initialized successfully - sym options: 0x614 - pdb path: .;C:\Program Files\Android\Android Studio\jre\bin;C:\WINDOWS\SYSTEM32;C:\WINDOWS\WinSxS\amd64_microsoft.windows.common-controls_6595b64144ccf1df_6.0.19041.1110_none_60b5254171f9507e;C:\Program Files\Android\Android Studio\jre\bin\server;C:\Users\ANKIT\.gradle\native\8bec1ad78214c89d9ad589b4d07fe93259594b29d510b10fafb7a158f7737e5d\windows-amd64;C:\Users\ANKIT\.gradle\native\53dbd7edfb1c66fb8903c78663c9afc45aea4f116125fa6feffd364cf09443e8\windows-amd64

VM Arguments:
jvm_args: --add-opens=java.base/java.util=ALL-UNNAMED --add-opens=java.base/java.lang=ALL-UNNAMED --add-opens=java.base/java.lang.invoke=ALL-UNNAMED --add-opens=java.base/java.util=ALL-UNNAMED --add-opens=java.prefs/java.util.prefs=ALL-UNNAMED --add-opens=java.prefs/java.util.prefs=ALL-UNNAMED --add-opens=java.base/java.nio.charset=ALL-UNNAMED --add-opens=java.base/java.net=ALL-UNNAMED --add-opens=java.base/java.util.concurrent.atomic=ALL-UNNAMED -Xmx2048m -Dfile.encoding=UTF-8 -Duser.country=IN -Duser.language=en -Duser.variant 
java_command: org.gradle.launcher.daemon.bootstrap.GradleDaemon 7.0.2
java_class_path (initial): C:\Users\ANKIT\.gradle\wrapper\dists\gradle-7.0.2-bin\857tjihv64xamwrf0h14cai3r\gradle-7.0.2\lib\gradle-launcher-7.0.2.jar
Launcher Type: SUN_STANDARD

[Global flags]
     intx CICompilerCount                          = 4                                         {product} {ergonomic}
     uint ConcGCThreads                            = 2                                         {product} {ergonomic}
     uint G1ConcRefinementThreads                  = 8                                         {product} {ergonomic}
   size_t G1HeapRegionSize                         = 1048576                                   {product} {ergonomic}
    uintx GCDrainStackTargetSize                   = 64                                        {product} {ergonomic}
   size_t InitialHeapSize                          = 132120576                                 {product} {ergonomic}
   size_t MarkStackSize                            = 4194304                                   {product} {ergonomic}
   size_t MaxHeapSize                              = 2147483648                                {product} {command line}
   size_t MaxNewSize                               = 1287651328                                {product} {ergonomic}
   size_t MinHeapDeltaBytes                        = 1048576                                   {product} {ergonomic}
    uintx NonNMethodCodeHeapSize                   = 5836300                                {pd product} {ergonomic}
    uintx NonProfiledCodeHeapSize                  = 122910970                              {pd product} {ergonomic}
    uintx ProfiledCodeHeapSize                     = 122910970                              {pd product} {ergonomic}
    uintx ReservedCodeCacheSize                    = 251658240                              {pd product} {ergonomic}
     bool SegmentedCodeCache                       = true                                      {product} {ergonomic}
     bool UseCompressedClassPointers               = true                                 {lp64_product} {ergonomic}
     bool UseCompressedOops                        = true                                 {lp64_product} {ergonomic}
     bool UseG1GC                                  = true                                      {product} {ergonomic}
     bool UseLargePagesIndividualAllocation        = false                                  {pd product} {ergonomic}

Logging:
Log output configuration:
 #0: stdout all=warning uptime,level,tags
 #1: stderr all=off uptime,level,tags

Environment Variables:
PATH=C:\WINDOWS\system32;C:\WINDOWS;C:\WINDOWS\System32\Wbem;C:\WINDOWS\System32\WindowsPowerShell\v1.0\;C:\WINDOWS\System32\OpenSSH\;C:\Program Files (x86)\Intel\Intel(R) Management Engine Components\DAL;C:\Program Files\Intel\Intel(R) Management Engine Components\DAL;C:\Program Files\Microsoft SQL Server\130\Tools\Binn\;C:\Program Files (x86)\NVIDIA Corporation\PhysX\Common;C:\Program Files\NVIDIA Corporation\NVIDIA NvDLISR;C:\Program Files\Java\jdk-14.0.2\bin;C:\WINDOWS\system32;C:\WINDOWS;C:\WINDOWS\System32\Wbem;C:\WINDOWS\System32\WindowsPowerShell\v1.0\;C:\WINDOWS\System32\OpenSSH\;C:\Program Files (x86)\dotnet\;C:\Users\ANKIT\AppData\Local\Programs\Python\Python37-32\Scripts\;C:\Users\ANKIT\AppData\Local\Programs\Python\Python37-32\;C:\Users\ANKIT\AppData\Local\Microsoft\WindowsApps;C:\Program Files\JetBrains\IntelliJ IDEA Community Edition 2020.2.1\bin;C:\Users\ANKIT\AppData\Local\Microsoft\WindowsApps;C:\src\flutter\bin;C:\Program Files\JetBrains\CLion 2021.2\bin;
USERNAME=ANKIT
OS=Windows_NT
PROCESSOR_IDENTIFIER=Intel64 Family 6 Model 158 Stepping 10, GenuineIntel



---------------  S Y S T E M  ---------------

OS: Windows 10 , 64 bit Build 19041 (10.0.19041.1151)
OS uptime: 0 days 3:00 hours

CPU:total 8 (initial active 8) (4 cores per cpu, 2 threads per core) family 6 model 158 stepping 10 microcode 0xb4, cmov, cx8, fxsr, mmx, sse, sse2, sse3, ssse3, sse4.1, sse4.2, popcnt, avx, avx2, aes, clmul, erms, 3dnowpref, lzcnt, ht, tsc, tscinvbit, bmi1, bmi2, adx, fma

Memory: 4k page, system-wide physical 8032M (287M free)
TotalPageFile size 13032M (AvailPageFile size 52M)
current process WorkingSet (physical memory assigned to process): 399M, peak: 532M
current process commit charge ("private bytes"): 669M, peak: 821M

vm_info: OpenJDK 64-Bit Server VM (11.0.10+0-b96-7249189) for windows-amd64 JRE (11.0.10+0-b96-7249189), built on Mar 31 2021 21:44:00 by "builder" with MS VC++ 14.0 (VS2015)

END.
